


CustomMaterialManager: Cached KeyValues materials/models/weapons/v_models/knife_butterfly/knife_butterfly.vmt.
CustomMaterialManager: Cached KeyValues materials/models/weapons/v_models/knife_bayonet/knife_bayonet.vmt.
CustomMaterialManager: Cached KeyValues materials/models/weapons/v_models/knife_ct/knife_ct.vmt.
CustomMaterialManager: Cached KeyValues materials/models/weapons/v_models/knife_flip/knife_flip.vmt.
CustomMaterialManager: Cached KeyValues materials/models/weapons/v_models/knife_gut/knife_gut.vmt.
CustomMaterialManager: Cached KeyValues materials/models/weapons/v_models/knife_karam/karam.vmt.
CustomMaterialManager: Cached KeyValues materials/models/weapons/v_models/knife_m9_bay/knife_m9_bay.vmt.
CustomMaterialManager: Cached KeyValues materials/models/weapons/v_models/knife_t/knife_t.vmt.
CustomMaterialManager: Cached KeyValues materials/models/weapons/v_models/knife_tactical/knife_tactical.vmt.
CustomMaterialManager: Cached KeyValues materials/models/weapons/v_models/mach_m249para/m249.vmt.
CustomMaterialManager: Cached KeyValues materials/models/weapons/v_models/mach_negev/mach_negev.vmt.
CustomMaterialManager: Cached KeyValues materials/models/weapons/v_models/pist_223/pist_223.vmt.
CustomMaterialManager: Cached KeyValues materials/models/weapons/v_models/pist_cz_75/pist_cz_75.vmt.
CustomMaterialManager: Cached KeyValues materials/models/weapons/v_models/pist_deagle/pist_deagle.vmt.
CustomMaterialManager: Cached KeyValues materials/models/weapons/v_models/pist_elite/m9a1.vmt.
CustomMaterialManager: Cached KeyValues materials/models/weapons/v_models/pist_fiveseven/fiveseven.vmt.
CustomMaterialManager: Cached KeyValues materials/models/weapons/v_models/pist_glock18/pist_glock18.vmt.
CustomMaterialManager: Cached KeyValues materials/models/weapons/v_models/pist_hkp2000/pist_hkp2000.vmt.
CustomMaterialManager: Cached KeyValues materials/models/weapons/v_models/pist_p250/p250.vmt.
CustomMaterialManager: Cached KeyValues materials/models/weapons/v_models/pist_tec9/pist_tec9.vmt.
CustomMaterialManager: Cached KeyValues materials/models/weapons/v_models/rif_ak47/ak47.vmt.
CustomMaterialManager: Cached KeyValues materials/models/weapons/v_models/rif_aug/rif_aug.vmt.
CustomMaterialManager: Cached KeyValues materials/models/weapons/v_models/rif_famas/rif_famas.vmt.
CustomMaterialManager: Cached KeyValues materials/models/weapons/v_models/rif_galilar/rif_galilar.vmt.
CustomMaterialManager: Cached KeyValues materials/models/weapons/v_models/rif_m4a1/rif_m4a1.vmt.
CustomMaterialManager: Cached KeyValues materials/models/weapons/v_models/rif_m4a1_s/rif_m4a1_s.vmt.
CustomMaterialManager: Cached KeyValues materials/models/weapons/v_models/rif_sg556/rif_sg556.vmt.
CustomMaterialManager: Cached KeyValues materials/models/weapons/v_models/shot_mag7/shot_mag7.vmt.
CustomMaterialManager: Cached KeyValues materials/models/weapons/v_models/shot_nova/shot_nova.vmt.
CustomMaterialManager: Cached KeyValues materials/models/weapons/v_models/shot_sawedoff/shot_sawedoff_01.vmt.
CustomMaterialManager: Cached KeyValues materials/models/weapons/v_models/shot_xm1014/shot_xm1014.vmt.
CustomMaterialManager: Cached KeyValues materials/models/weapons/v_models/smg_bizon/bizon.vmt.
CustomMaterialManager: Cached KeyValues materials/models/weapons/v_models/smg_mac10/smg_mac10_1.vmt.
CustomMaterialManager: Cached KeyValues materials/models/weapons/v_models/smg_mp7/smg_mp7.vmt.
CustomMaterialManager: Cached KeyValues materials/models/weapons/v_models/smg_mp9/smg_mp9.vmt.
CustomMaterialManager: Cached KeyValues materials/models/weapons/v_models/smg_p90/smg_p90.vmt.
CustomMaterialManager: Cached KeyValues materials/models/weapons/v_models/smg_ump45/smg_ump45.vmt.
CustomMaterialManager: Cached KeyValues materials/models/weapons/v_models/snip_awp/awp.vmt.
CustomMaterialManager: Cached KeyValues materials/models/weapons/v_models/snip_g3sg1/snip_g3sg1.vmt.
CustomMaterialManager: Cached KeyValues materials/models/weapons/v_models/snip_scar20/snip_scar20.vmt.
CustomMaterialManager: Cached KeyValues materials/models/weapons/v_models/snip_ssg08/snip_ssg08.vmt.
CustomMaterialManager: Cached KeyValues materials/models/weapons/v_models/snip_ssg08/snip_ssg08_scope.vmt.
CustomMaterialManager: Cached KeyValues materials/models/weapons/v_models/knife_falchion_advanced/knife_falchion_advanced.vmt.
materialPath: G:\Steam\steamapps\common\Counter-Strike Global Offensive\csgo\materials
Loading G:\Steam\SteamApps\common\Counter-Strike Global Offensive\bin\prefabs\plateau\pp_prefabLayout_13.vmf
Map revision 24
fixing up env_cubemap materials on brush sides...
0...1...2...3...4...5...6...7...8...9...100...1...2...3...4...5...6...7...8...9...10Processing areas...done (0)
Building Faces...done (0)
Chop Details...done (0)
Find Visible Detail Sides...
Merged 42 detail faces...done (0)
Merging details...done (0)
FixTjuncs...
PruneNodes...
WriteBSP...
done (0)
writing G:\Steam\SteamApps\common\Counter-Strike Global Offensive\bin\prefabs\plateau\pp_prefabLayout_13.prt...Building visibility clusters...
done (0)
Finding displacement neighbors...
Finding lightmap sample positions...
Displacement Alpha : 0...1...2...3...4...5...6...7...8...9...10
Building Physics collision data...
done (0) (245936 bytes)
Placing detail props : 0...1...2...3...4...5...6...7...8...9...10
Compacting texture/material tables...
Reduced 348 texinfos to 241
Reduced 21 texdatas to 21 (454 bytes to 454)
Writing G:\Steam\SteamApps\common\Counter-Strike Global Offensive\bin\prefabs\plateau\pp_prefabLayout_13.bsp
1 second elapsed



4 threads
reading g:\steam\steamapps\common\counter-strike global offensive\bin\prefabs\plateau\pp_prefabLayout_13.bsp
reading g:\steam\steamapps\common\counter-strike global offensive\bin\prefabs\plateau\pp_prefabLayout_13.prt
 816 portalclusters
2338 numportals
0...1...2...3...4...5...6...7...8...9...100...1...2...3...4...5...6...7...8...9...10Optimized: 600 visible clusters (0.00%)
Total clusters visible: 154242
Average clusters visible: 189
Building PAS...
Average clusters audible: 616
visdatasize:152877  compressed from 169728
writing g:\steam\steamapps\common\counter-strike global offensive\bin\prefabs\plateau\pp_prefabLayout_13.bsp
16 seconds elapsed



[Reading texlights from 'lights.rad']
[2 texlights parsed from 'lights.rad']

Loading g:\steam\steamapps\common\counter-strike global offensive\bin\prefabs\plateau\pp_prefabLayout_13.bsp
2729 faces
1 degenerate faces
1034861 square feet [149020016.00 square inches]
0 Displacements
0 Square Feet [0.00 Square Inches]
2728 patches before subdivision
96444 patches after subdivision
36 direct lights
0...1...2...3...4...5...6...7...8...9...100...1...2...3...4...5...6...7...8...9...10transfers 5260491, max 508
transfer lists:  40.1 megs
0...1...2...3...4...5...6...7...8...9...10	Bounce #1 added RGB(580944, 288658, 168403)
0...1...2...3...4...5...6...7...8...9...10	Bounce #2 added RGB(158519, 40535, 18841)
0...1...2...3...4...5...6...7...8...9...10	Bounce #3 added RGB(49370, 7469, 4106)
0...1...2...3...4...5...6...7...8...9...10	Bounce #4 added RGB(17724, 1688, 1064)
0...1...2...3...4...5...6...7...8...9...10	Bounce #5 added RGB(6890, 427, 288)
0...1...2...3...4...5...6...7...8...9...10	Bounce #6 added RGB(2858, 116, 79)
0...1...2...3...4...5...6...7...8...9...10	Bounce #7 added RGB(1259, 32, 22)
0...1...2...3...4...5...6...7...8...9...10	Bounce #8 added RGB(571, 9, 6)
0...1...2...3...4...5...6...7...8...9...10	Bounce #9 added RGB(271, 3, 2)
0...1...2...3...4...5...6...7...8...9...10	Bounce #10 added RGB(130, 1, 0)
0...1...2...3...4...5...6...7...8...9...10	Bounce #11 added RGB(65, 0, 0)
0...1...2...3...4...5...6...7...8...9...10	Bounce #12 added RGB(32, 0, 0)
0...1...2...3...4...5...6...7...8...9...10	Bounce #13 added RGB(16, 0, 0)
0...1...2...3...4...5...6...7...8...9...10	Bounce #14 added RGB(8, 0, 0)
0...1...2...3...4...5...6...7...8...9...10	Bounce #15 added RGB(4, 0, 0)
0...1...2...3...4...5...6...7...8...9...10	Bounce #16 added RGB(2, 0, 0)
0...1...2...3...4...5...6...7...8...9...10	Bounce #17 added RGB(1, 0, 0)
0...1...2...3...4...5...6...7...8...9...10	Bounce #18 added RGB(1, 0, 0)
Build Patch/Sample Hash Table(s).....Done<0.0224 sec>
0...1...2...3...4...5...6...7...8...9...10FinalLightFace Done
0 of 0 (0% of) surface lights went in leaf ambient cubes.
0...1...2...3...4...5...6...7...8...9...10Writing leaf ambient...done
Ready to Finish

Object names       Objects/Maxobjs  Memory / Maxmem  Fullness 
------------       ---------------  ---------------  -------- 
models                   3/1024          144/49152    ( 0.3%) 
brushes                734/8192         8808/98304    ( 9.0%) 
brushsides            4985/65536       39880/524288   ( 7.6%) 
planes                1028/65536       20560/1310720  ( 1.6%) 
vertexes              3537/65536       42444/786432   ( 5.4%) 
nodes                 1549/65536       49568/2097152  ( 2.4%) 
texinfos               241/12288       17352/884736   ( 2.0%) 
texdata                 21/2048          672/65536    ( 1.0%) 
dispinfos                0/0               0/0        ( 0.0%) 
disp_verts               0/0               0/0        ( 0.0%) 
disp_tris                0/0               0/0        ( 0.0%) 
disp_multiblend          0/0               0/0        ( 0.0%) 
disp_lmsamples           0/0               0/0        ( 0.0%) 
faces                 2729/65536      152824/3670016  ( 4.2%) 
hdr faces                0/65536           0/3670016  ( 0.0%) 
origfaces             2040/65536      114240/3670016  ( 3.1%) 
facebrushes           1146/0            2292/0        ( 0.0%) 
facebrushlists        2729/0           10916/0        ( 0.0%) 
leaves                1553/65536       49696/2097152  ( 2.4%) 
leaffaces             3155/65536        6310/131072   ( 4.8%) 
leafbrushes           1132/65536        2264/131072   ( 1.7%) 
areas                    2/1024           16/8192     ( 0.2%) 
surfedges            20644/512000      82576/2048000  ( 4.0%) 
edges                11618/256000      46472/1024000  ( 4.5%) 
LDR worldlights         36/8192         3600/819200   ( 0.4%) 
HDR worldlights          0/8192            0/819200   ( 0.0%) 
leafwaterdata            0/32768           0/393216   ( 0.0%) 
waterstrips            271/32768        2710/327680   ( 0.8%) 
waterverts               0/65536           0/786432   ( 0.0%) 
waterindices          4101/65536        8202/131072   ( 6.3%) 
cubemapsamples           1/1024           16/16384    ( 0.1%) 
overlays                12/1024         4224/360448   ( 1.2%) 
LDR lightdata         [variable]     1737968/0        ( 0.0%) 
HDR lightdata         [variable]           0/0        ( 0.0%) 
visdata               [variable]      152877/16777216 ( 0.9%) 
entdata               [variable]        6530/393216   ( 1.7%) 
LDR ambient table     1553/65536        6212/262144   ( 2.4%) 
HDR ambient table     1553/65536        6212/262144   ( 2.4%) 
LDR leaf ambient     10716/65536      300048/1835008  (16.4%) 
HDR leaf ambient      1553/65536       43484/1835008  ( 2.4%) 
occluders                0/0               0/0        ( 0.0%) 
occluder polygons        0/0               0/0        ( 0.0%) 
occluder vert ind        0/0               0/0        ( 0.0%) 
detail props          [variable]           1/12       ( 8.3%) 
static props          [variable]           1/680      ( 0.1%) 
pakfile               [variable]      148878/0        ( 0.0%) 
physics               [variable]      245936/4194304  ( 5.9%) 
physics terrain       [variable]           2/1048576  ( 0.0%) 

Level flags = 4

Total triangle count: 7155
Writing g:\steam\steamapps\common\counter-strike global offensive\bin\prefabs\plateau\pp_prefabLayout_13.bsp
34 seconds elapsed
