


CustomMaterialManager: Cached KeyValues materials/models/weapons/v_models/knife_butterfly/knife_butterfly.vmt.
CustomMaterialManager: Cached KeyValues materials/models/weapons/v_models/knife_bayonet/knife_bayonet.vmt.
CustomMaterialManager: Cached KeyValues materials/models/weapons/v_models/knife_ct/knife_ct.vmt.
CustomMaterialManager: Cached KeyValues materials/models/weapons/v_models/knife_flip/knife_flip.vmt.
CustomMaterialManager: Cached KeyValues materials/models/weapons/v_models/knife_gut/knife_gut.vmt.
CustomMaterialManager: Cached KeyValues materials/models/weapons/v_models/knife_karam/karam.vmt.
CustomMaterialManager: Cached KeyValues materials/models/weapons/v_models/knife_m9_bay/knife_m9_bay.vmt.
CustomMaterialManager: Cached KeyValues materials/models/weapons/v_models/knife_t/knife_t.vmt.
CustomMaterialManager: Cached KeyValues materials/models/weapons/v_models/knife_tactical/knife_tactical.vmt.
CustomMaterialManager: Cached KeyValues materials/models/weapons/v_models/mach_m249para/m249.vmt.
CustomMaterialManager: Cached KeyValues materials/models/weapons/v_models/mach_negev/mach_negev.vmt.
CustomMaterialManager: Cached KeyValues materials/models/weapons/v_models/pist_223/pist_223.vmt.
CustomMaterialManager: Cached KeyValues materials/models/weapons/v_models/pist_cz_75/pist_cz_75.vmt.
CustomMaterialManager: Cached KeyValues materials/models/weapons/v_models/pist_deagle/pist_deagle.vmt.
CustomMaterialManager: Cached KeyValues materials/models/weapons/v_models/pist_elite/m9a1.vmt.
CustomMaterialManager: Cached KeyValues materials/models/weapons/v_models/pist_fiveseven/fiveseven.vmt.
CustomMaterialManager: Cached KeyValues materials/models/weapons/v_models/pist_glock18/pist_glock18.vmt.
CustomMaterialManager: Cached KeyValues materials/models/weapons/v_models/pist_hkp2000/pist_hkp2000.vmt.
CustomMaterialManager: Cached KeyValues materials/models/weapons/v_models/pist_p250/p250.vmt.
CustomMaterialManager: Cached KeyValues materials/models/weapons/v_models/pist_tec9/pist_tec9.vmt.
CustomMaterialManager: Cached KeyValues materials/models/weapons/v_models/rif_ak47/ak47.vmt.
CustomMaterialManager: Cached KeyValues materials/models/weapons/v_models/rif_aug/rif_aug.vmt.
CustomMaterialManager: Cached KeyValues materials/models/weapons/v_models/rif_famas/rif_famas.vmt.
CustomMaterialManager: Cached KeyValues materials/models/weapons/v_models/rif_galilar/rif_galilar.vmt.
CustomMaterialManager: Cached KeyValues materials/models/weapons/v_models/rif_m4a1/rif_m4a1.vmt.
CustomMaterialManager: Cached KeyValues materials/models/weapons/v_models/rif_m4a1_s/rif_m4a1_s.vmt.
CustomMaterialManager: Cached KeyValues materials/models/weapons/v_models/rif_sg556/rif_sg556.vmt.
CustomMaterialManager: Cached KeyValues materials/models/weapons/v_models/shot_mag7/shot_mag7.vmt.
CustomMaterialManager: Cached KeyValues materials/models/weapons/v_models/shot_nova/shot_nova.vmt.
CustomMaterialManager: Cached KeyValues materials/models/weapons/v_models/shot_sawedoff/shot_sawedoff_01.vmt.
CustomMaterialManager: Cached KeyValues materials/models/weapons/v_models/shot_xm1014/shot_xm1014.vmt.
CustomMaterialManager: Cached KeyValues materials/models/weapons/v_models/smg_bizon/bizon.vmt.
CustomMaterialManager: Cached KeyValues materials/models/weapons/v_models/smg_mac10/smg_mac10_1.vmt.
CustomMaterialManager: Cached KeyValues materials/models/weapons/v_models/smg_mp7/smg_mp7.vmt.
CustomMaterialManager: Cached KeyValues materials/models/weapons/v_models/smg_mp9/smg_mp9.vmt.
CustomMaterialManager: Cached KeyValues materials/models/weapons/v_models/smg_p90/smg_p90.vmt.
CustomMaterialManager: Cached KeyValues materials/models/weapons/v_models/smg_ump45/smg_ump45.vmt.
CustomMaterialManager: Cached KeyValues materials/models/weapons/v_models/snip_awp/awp.vmt.
CustomMaterialManager: Cached KeyValues materials/models/weapons/v_models/snip_g3sg1/snip_g3sg1.vmt.
CustomMaterialManager: Cached KeyValues materials/models/weapons/v_models/snip_scar20/snip_scar20.vmt.
CustomMaterialManager: Cached KeyValues materials/models/weapons/v_models/snip_ssg08/snip_ssg08.vmt.
CustomMaterialManager: Cached KeyValues materials/models/weapons/v_models/snip_ssg08/snip_ssg08_scope.vmt.
CustomMaterialManager: Cached KeyValues materials/models/weapons/v_models/knife_falchion_advanced/knife_falchion_advanced.vmt.
materialPath: G:\Steam\steamapps\common\Counter-Strike Global Offensive\csgo\materials
Loading G:\Steam\SteamApps\common\Counter-Strike Global Offensive\sdk_content\maps\myMaps\plateau\de_plateau_22.vmf
Map revision 47
fixing up env_cubemap materials on brush sides...
0...1...2...3...4...5...6...7...8...9...100...1...2...3...4...5...6...7...8...9...10Processing areas...done (0)
Building Faces...done (0)
Chop Details...done (0)
Find Visible Detail Sides...
Merged 90 detail faces...done (0)
Merging details...done (0)
FixTjuncs...
PruneNodes...
WriteBSP...
done (0)
writing G:\Steam\SteamApps\common\Counter-Strike Global Offensive\sdk_content\maps\myMaps\plateau\de_plateau_22.prt...Building visibility clusters...
done (1)
Finding displacement neighbors...
Finding lightmap sample positions...
Displacement Alpha : 0...1...2...3...4...5...6...7...8...9...10
Building Physics collision data...
done (0) (388537 bytes)
Placing detail props : 0...1...2...3...4...5...6...7...8...9...10
Compacting texture/material tables...
Reduced 808 texinfos to 525
Reduced 36 texdatas to 33 (886 bytes to 820)
Writing G:\Steam\SteamApps\common\Counter-Strike Global Offensive\sdk_content\maps\myMaps\plateau\de_plateau_22.bsp
1 second elapsed



4 threads
reading g:\steam\steamapps\common\counter-strike global offensive\sdk_content\maps\mymaps\plateau\de_plateau_22.bsp
reading g:\steam\steamapps\common\counter-strike global offensive\sdk_content\maps\mymaps\plateau\de_plateau_22.prt
 874 portalclusters
2462 numportals
0...1...2...3...4...5...6...7...8...9...100...1...2...3...4...5...6...7...8...9...10Optimized: 932 visible clusters (0.00%)
Total clusters visible: 186844
Average clusters visible: 213
Building PAS...
Average clusters audible: 774
visdatasize:177478  compressed from 195776
writing g:\steam\steamapps\common\counter-strike global offensive\sdk_content\maps\mymaps\plateau\de_plateau_22.bsp
19 seconds elapsed



[Reading texlights from 'lights.rad']
[2 texlights parsed from 'lights.rad']

Loading g:\steam\steamapps\common\counter-strike global offensive\sdk_content\maps\mymaps\plateau\de_plateau_22.bsp
3880 faces
1 degenerate faces
1076215 square feet [154975072.00 square inches]
0 Displacements
0 Square Feet [0.00 Square Inches]
3879 patches before subdivision
94973 patches after subdivision
41 direct lights
0...1...2...3...4...5...6...7...8...9...100...1...2...3...4...5...6...7...8...9...10transfers 6015454, max 527
transfer lists:  45.9 megs
0...1...2...3...4...5...6...7...8...9...10	Bounce #1 added RGB(514487, 279732, 176923)
0...1...2...3...4...5...6...7...8...9...10	Bounce #2 added RGB(125438, 36940, 18198)
0...1...2...3...4...5...6...7...8...9...10	Bounce #3 added RGB(37894, 6436, 3438)
0...1...2...3...4...5...6...7...8...9...10	Bounce #4 added RGB(13328, 1324, 773)
0...1...2...3...4...5...6...7...8...9...10	Bounce #5 added RGB(5295, 309, 190)
0...1...2...3...4...5...6...7...8...9...10	Bounce #6 added RGB(2234, 78, 49)
0...1...2...3...4...5...6...7...8...9...10	Bounce #7 added RGB(1019, 21, 13)
0...1...2...3...4...5...6...7...8...9...10	Bounce #8 added RGB(472, 6, 3)
0...1...2...3...4...5...6...7...8...9...10	Bounce #9 added RGB(231, 2, 1)
0...1...2...3...4...5...6...7...8...9...10	Bounce #10 added RGB(112, 0, 0)
0...1...2...3...4...5...6...7...8...9...10	Bounce #11 added RGB(57, 0, 0)
0...1...2...3...4...5...6...7...8...9...10	Bounce #12 added RGB(28, 0, 0)
0...1...2...3...4...5...6...7...8...9...10	Bounce #13 added RGB(15, 0, 0)
0...1...2...3...4...5...6...7...8...9...10	Bounce #14 added RGB(8, 0, 0)
0...1...2...3...4...5...6...7...8...9...10	Bounce #15 added RGB(4, 0, 0)
0...1...2...3...4...5...6...7...8...9...10	Bounce #16 added RGB(2, 0, 0)
0...1...2...3...4...5...6...7...8...9...10	Bounce #17 added RGB(1, 0, 0)
0...1...2...3...4...5...6...7...8...9...10	Bounce #18 added RGB(1, 0, 0)
Build Patch/Sample Hash Table(s).....Done<0.0228 sec>
0...1...2...3...4...5...6...7...8...9...10FinalLightFace Done
0 of 0 (0% of) surface lights went in leaf ambient cubes.
0...1...2...3...4...5...6...7...8...9...10Writing leaf ambient...done
Ready to Finish

Object names       Objects/Maxobjs  Memory / Maxmem  Fullness 
------------       ---------------  ---------------  -------- 
models                  28/1024         1344/49152    ( 2.7%) 
brushes               1126/8192        13512/98304    (13.7%) 
brushsides            7491/65536       59928/524288   (11.4%) 
planes                1502/65536       30040/1310720  ( 2.3%) 
vertexes              5569/65536       66828/786432   ( 8.5%) 
nodes                 1839/65536       58848/2097152  ( 2.8%) 
texinfos               525/12288       37800/884736   ( 4.3%) 
texdata                 33/2048         1056/65536    ( 1.6%) 
dispinfos                0/0               0/0        ( 0.0%) 
disp_verts               0/0               0/0        ( 0.0%) 
disp_tris                0/0               0/0        ( 0.0%) 
disp_multiblend          0/0               0/0        ( 0.0%) 
disp_lmsamples           0/0               0/0        ( 0.0%) 
faces                 3880/65536      217280/3670016  ( 5.9%) 
hdr faces                0/65536           0/3670016  ( 0.0%) 
origfaces             3119/65536      174664/3670016  ( 4.8%) 
facebrushes           1200/0            2400/0        ( 0.0%) 
facebrushlists        3880/0           15520/0        ( 0.0%) 
leaves                1868/65536       59776/2097152  ( 2.9%) 
leaffaces             4367/65536        8734/131072   ( 6.7%) 
leafbrushes           1625/65536        3250/131072   ( 2.5%) 
areas                    2/1024           16/8192     ( 0.2%) 
surfedges            30022/512000     120088/2048000  ( 5.9%) 
edges                17366/256000      69464/1024000  ( 6.8%) 
LDR worldlights         41/8192         4100/819200   ( 0.5%) 
HDR worldlights          0/8192            0/819200   ( 0.0%) 
leafwaterdata            0/32768           0/393216   ( 0.0%) 
waterstrips            306/32768        3060/327680   ( 0.9%) 
waterverts               0/65536           0/786432   ( 0.0%) 
waterindices          5172/65536       10344/131072   ( 7.9%) 
cubemapsamples           1/1024           16/16384    ( 0.1%) 
overlays                10/1024         3520/360448   ( 1.0%) 
LDR lightdata         [variable]     1812771/0        ( 0.0%) 
HDR lightdata         [variable]           0/0        ( 0.0%) 
visdata               [variable]      177478/16777216 ( 1.1%) 
entdata               [variable]       23500/393216   ( 6.0%) 
LDR ambient table     1868/65536        7472/262144   ( 2.9%) 
HDR ambient table     1868/65536        7472/262144   ( 2.9%) 
LDR leaf ambient     12672/65536      354816/1835008  (19.3%) 
HDR leaf ambient      1868/65536       52304/1835008  ( 2.9%) 
occluders                0/0               0/0        ( 0.0%) 
occluder polygons        0/0               0/0        ( 0.0%) 
occluder vert ind        0/0               0/0        ( 0.0%) 
detail props          [variable]           1/12       ( 8.3%) 
static props          [variable]           1/4190     ( 0.0%) 
pakfile               [variable]      149522/0        ( 0.0%) 
physics               [variable]      388537/4194304  ( 9.3%) 
physics terrain       [variable]           2/1048576  ( 0.0%) 

Level flags = 4

Total triangle count: 9886
Writing g:\steam\steamapps\common\counter-strike global offensive\sdk_content\maps\mymaps\plateau\de_plateau_22.bsp
44 seconds elapsed
