PRT1
100
264
4 0 3 (3520 4096 704 ) (3072 4096 704 ) (3072 4096 -384 ) (3520 4096 -384 ) 
4 0 1 (3072 4096 -384 ) (3072 4096 704 ) (3072 4608 704 ) (3072 4608 -384 ) 
4 1 10 (3072 4096 -384 ) (3072 4096 0 ) (2048 4096 0 ) (2048 4096 -384 ) 
4 1 6 (3072 4096 0 ) (3072 4096 64 ) (2304 4096 64 ) (2304 4096 0 ) 
4 1 5 (3072 4096 64 ) (3072 4096 704 ) (2048 4096 704 ) (2048 4096 64 ) 
4 1 2 (2048 4096 -384 ) (2048 4096 704 ) (2048 4608 704 ) (2048 4608 -384 ) 
4 2 26 (1024 4096 -384 ) (1024 4096 704 ) (1024 4608 704 ) (1024 4608 -384 ) 
4 2 15 (2048 4096 -384 ) (2048 4096 0 ) (1024 4096 0 ) (1024 4096 -384 ) 
4 2 12 (1536 4096 64 ) (1024 4096 64 ) (1024 4096 0 ) (1536 4096 0 ) 
4 2 11 (2048 4096 64 ) (2048 4096 704 ) (1024 4096 704 ) (1024 4096 64 ) 
4 3 10 (3072 4096 0 ) (3072 4096 -384 ) (3072 3072 -384 ) (3072 3072 0 ) 
4 3 9 (3072 3328 0 ) (3072 3072 0 ) (3072 3072 64 ) (3072 3328 64 ) 
4 3 7 (3072 3584 0 ) (3072 3328 0 ) (3072 3328 64 ) (3072 3584 64 ) 
4 3 6 (3072 4096 64 ) (3072 4096 0 ) (3072 3584 0 ) (3072 3584 64 ) 
4 3 5 (3072 4096 704 ) (3072 4096 64 ) (3072 3072 64 ) (3072 3072 704 ) 
4 3 4 (3520 3072 704 ) (3072 3072 704 ) (3072 3072 -384 ) (3520 3072 -384 ) 
4 4 48 (3520 2048 704 ) (3072 2048 704 ) (3072 2048 -384 ) (3520 2048 -384 ) 
4 4 19 (3072 2048 -384 ) (3072 2048 0 ) (3072 3072 0 ) (3072 3072 -384 ) 
4 4 18 (3072 2816 64 ) (3072 3072 64 ) (3072 3072 0 ) (3072 2816 0 ) 
4 4 16 (3072 2048 64 ) (3072 2048 704 ) (3072 3072 704 ) (3072 3072 64 ) 
4 5 16 (3072 3072 64 ) (3072 3072 704 ) (2048 3072 704 ) (2048 3072 64 ) 
4 5 11 (2048 4096 704 ) (2048 4096 64 ) (2048 3072 64 ) (2048 3072 704 ) 
4 5 9 (3072 3328 64 ) (3072 3072 64 ) (2944 3072 64 ) (2816 3328 64 ) 
4 5 8 (2688 3072 64 ) (2304 3072 64 ) (2304 3328 64 ) (2560 3328 64 ) 
4 5 7 (3072 3584 64 ) (3072 3328 64 ) (2816 3328 64 ) (2816 3584 64 ) 
4 5 6 (2304 4096 64 ) (3072 4096 64 ) (3072 3584 64 ) (2304 3584 64 ) 
4 6 10 (2304 3584 0 ) (2304 4096 0 ) (3072 4096 0 ) (3072 3584 0 ) 
4 6 7 (2816 3584 0 ) (3072 3584 0 ) (3072 3584 64 ) (2816 3584 64 ) 
4 7 10 (2816 3584 0 ) (3072 3584 0 ) (3072 3328 0 ) (2816 3328 0 ) 
4 7 9 (2816 3328 0 ) (3072 3328 0 ) (3072 3328 64 ) (2816 3328 64 ) 
4 8 17 (2688 3072 64 ) (2304 3072 64 ) (2304 3072 0 ) (2688 3072 0 ) 
4 8 10 (2688 3072 0 ) (2304 3072 0 ) (2304 3328 0 ) (2560 3328 0 ) 
4 9 18 (3072 3072 0 ) (3072 3072 64 ) (2944 3072 64 ) (2944 3072 0 ) 
4 9 10 (3072 3072 0 ) (2944 3072 0 ) (2816 3328 0 ) (3072 3328 0 ) 
4 10 19 (3072 3072 -384 ) (3072 3072 0 ) (2048 3072 0 ) (2048 3072 -384 ) 
4 10 15 (2048 4096 0 ) (2048 4096 -384 ) (2048 3072 -384 ) (2048 3072 0 ) 
4 11 29 (1024 3072 64 ) (1024 3072 704 ) (1024 4096 704 ) (1024 4096 64 ) 
4 11 20 (2048 3072 64 ) (2048 3072 704 ) (1024 3072 704 ) (1024 3072 64 ) 
4 11 14 (1792 3072 64 ) (1024 3072 64 ) (1024 3584 64 ) (1792 3584 64 ) 
4 11 13 (1024 3584 64 ) (1536 3840 64 ) (2048 3840 64 ) (2048 3584 64 ) 
3 11 12 (1024 3840 64 ) (1024 4096 64 ) (1536 4096 64 ) 
3 12 15 (1024 3840 0 ) (1024 4096 0 ) (1536 4096 0 ) 
4 13 15 (2048 3840 0 ) (2048 3584 0 ) (1024 3584 0 ) (1536 3840 0 ) 
4 13 14 (1024 3584 0 ) (1792 3584 0 ) (1792 3584 64 ) (1024 3584 64 ) 
4 14 24 (1536 3072 64 ) (1024 3072 64 ) (1024 3072 0 ) (1536 3072 0 ) 
4 14 22 (1792 3072 64 ) (1536 3072 64 ) (1536 3072 0 ) (1792 3072 0 ) 
4 14 15 (1792 3072 0 ) (1024 3072 0 ) (1024 3584 0 ) (1792 3584 0 ) 
4 15 33 (1024 3072 -384 ) (1024 3072 0 ) (1024 4096 0 ) (1024 4096 -384 ) 
4 15 25 (2048 3072 -384 ) (2048 3072 0 ) (1024 3072 0 ) (1024 3072 -384 ) 
4 16 50 (3072 2048 64 ) (3072 2048 704 ) (2048 2048 704 ) (2048 2048 64 ) 
4 16 20 (2048 3072 704 ) (2048 3072 64 ) (2048 2048 64 ) (2048 2048 704 ) 
3 16 18 (2944 3072 64 ) (3072 3072 64 ) (3072 2816 64 ) 
4 16 17 (2048 2816 64 ) (2048 3072 64 ) (2688 3072 64 ) (2816 2816 64 ) 
4 17 21 (2048 3072 64 ) (2048 3072 0 ) (2048 2816 0 ) (2048 2816 64 ) 
4 17 19 (2048 3072 0 ) (2688 3072 0 ) (2816 2816 0 ) (2048 2816 0 ) 
3 18 19 (2944 3072 0 ) (3072 3072 0 ) (3072 2816 0 ) 
4 19 56 (3072 2048 -384 ) (3072 2048 0 ) (2048 2048 0 ) (2048 2048 -384 ) 
4 19 25 (2048 3072 0 ) (2048 3072 -384 ) (2048 2048 -384 ) (2048 2048 0 ) 
4 20 57 (2048 2048 64 ) (2048 2048 704 ) (1024 2048 704 ) (1024 2048 64 ) 
4 20 38 (1024 2048 64 ) (1024 2048 704 ) (1024 3072 704 ) (1024 3072 64 ) 
4 20 24 (1024 2560 64 ) (1024 3072 64 ) (1536 3072 64 ) (1536 2304 64 ) 
3 20 23 (1536 2048 64 ) (1024 2048 64 ) (1024 2304 64 ) 
4 20 22 (1536 2560 64 ) (1536 3072 64 ) (1792 3072 64 ) (1792 2560 64 ) 
4 20 21 (1792 2816 64 ) (1792 3072 64 ) (2048 3072 64 ) (2048 2816 64 ) 
4 21 25 (2048 3072 0 ) (2048 2816 0 ) (1792 2816 0 ) (1792 3072 0 ) 
4 21 22 (1792 3072 0 ) (1792 2816 0 ) (1792 2816 64 ) (1792 3072 64 ) 
4 22 25 (1536 2560 0 ) (1536 3072 0 ) (1792 3072 0 ) (1792 2560 0 ) 
4 22 24 (1536 3072 0 ) (1536 2560 0 ) (1536 2560 64 ) (1536 3072 64 ) 
4 23 59 (1536 2048 64 ) (1024 2048 64 ) (1024 2048 0 ) (1536 2048 0 ) 
4 23 40 (1024 2048 0 ) (1024 2048 64 ) (1024 2304 64 ) (1024 2304 0 ) 
3 23 25 (1536 2048 0 ) (1024 2048 0 ) (1024 2304 0 ) 
4 24 25 (1024 2560 0 ) (1024 3072 0 ) (1536 3072 0 ) (1536 2304 0 ) 
4 25 61 (2048 2048 -384 ) (2048 2048 0 ) (1024 2048 0 ) (1024 2048 -384 ) 
4 25 41 (1024 2048 -384 ) (1024 2048 0 ) (1024 3072 0 ) (1024 3072 -384 ) 
4 26 33 (1024 4096 -384 ) (1024 4096 0 ) (0 4096 0 ) (0 4096 -384 ) 
4 26 32 (512 4096 64 ) (0 4096 64 ) (0 4096 0 ) (512 4096 0 ) 
4 26 30 (768 4096 64 ) (512 4096 64 ) (512 4096 0 ) (768 4096 0 ) 
4 26 29 (1024 4096 64 ) (1024 4096 704 ) (0 4096 704 ) (0 4096 64 ) 
4 26 27 (0 4096 -384 ) (0 4096 704 ) (0 4608 704 ) (0 4608 -384 ) 
4 27 37 (0 4096 -384 ) (0 4096 0 ) (-1024 4096 0 ) (-1024 4096 -384 ) 
4 27 34 (0 4096 0 ) (0 4096 704 ) (-512 4096 704 ) (-512 4096 0 ) 
4 27 36 (-512 4096 704 ) (-1024 4096 704 ) (-1024 4096 0 ) (-512 4096 0 ) 
4 27 28 (-1024 4096 -384 ) (-1024 4096 704 ) (-1024 4608 704 ) (-1024 4608 -384 ) 
4 28 46 (-1024 4096 -384 ) (-1024 4096 704 ) (-1376 4096 704 ) (-1376 4096 -384 ) 
4 29 38 (1024 3072 64 ) (1024 3072 704 ) (0 3072 704 ) (0 3072 64 ) 
4 29 35 (0 3840 64 ) (0 3072 64 ) (0 3072 704 ) (0 3840 704 ) 
4 29 34 (0 4096 704 ) (0 4096 64 ) (0 3840 64 ) (0 3840 704 ) 
4 29 32 (0 3840 64 ) (0 4096 64 ) (512 4096 64 ) (512 3840 64 ) 
4 29 30 (512 4096 64 ) (768 4096 64 ) (768 3584 64 ) (512 3584 64 ) 
4 29 31 (768 3328 64 ) (768 3072 64 ) (512 3072 64 ) (512 3328 64 ) 
4 30 33 (512 3584 0 ) (512 4096 0 ) (768 4096 0 ) (768 3584 0 ) 
4 30 32 (512 4096 0 ) (512 3840 0 ) (512 3840 64 ) (512 4096 64 ) 
4 31 39 (768 3072 64 ) (512 3072 64 ) (512 3072 0 ) (768 3072 0 ) 
4 31 33 (768 3072 0 ) (512 3072 0 ) (512 3328 0 ) (768 3328 0 ) 
4 32 34 (0 4096 64 ) (0 4096 0 ) (0 3840 0 ) (0 3840 64 ) 
4 32 33 (0 3840 0 ) (0 4096 0 ) (512 4096 0 ) (512 3840 0 ) 
4 33 41 (1024 3072 -384 ) (1024 3072 0 ) (0 3072 0 ) (0 3072 -384 ) 
4 33 37 (0 4096 0 ) (0 4096 -384 ) (0 3072 -384 ) (0 3072 0 ) 
4 34 37 (-512 4096 0 ) (0 4096 0 ) (0 3840 0 ) (-512 3840 0 ) 
4 34 35 (-512 3840 704 ) (-512 3840 64 ) (0 3840 64 ) (0 3840 704 ) 
4 34 36 (-512 4096 0 ) (-512 3840 0 ) (-512 3840 704 ) (-512 4096 704 ) 
4 35 42 (0 3072 64 ) (0 3072 704 ) (-512 3072 704 ) (-512 3072 64 ) 
4 35 36 (-512 3072 64 ) (-512 3072 704 ) (-512 3840 704 ) (-512 3840 64 ) 
4 36 46 (-1024 4096 704 ) (-1024 4096 0 ) (-1024 3072 0 ) (-1024 3072 704 ) 
4 36 43 (-1024 3072 64 ) (-1024 3072 0 ) (-512 3072 0 ) (-512 3072 64 ) 
4 36 42 (-512 3072 704 ) (-1024 3072 704 ) (-1024 3072 64 ) (-512 3072 64 ) 
4 36 37 (-1024 4096 0 ) (-512 4096 0 ) (-512 3072 0 ) (-1024 3072 0 ) 
4 37 46 (-1024 4096 0 ) (-1024 4096 -384 ) (-1024 3072 -384 ) (-1024 3072 0 ) 
4 37 45 (0 3072 -384 ) (0 3072 0 ) (-1024 3072 0 ) (-1024 3072 -384 ) 
4 38 70 (1024 2048 64 ) (1024 2048 704 ) (0 2048 704 ) (0 2048 64 ) 
4 38 42 (0 3072 704 ) (0 3072 64 ) (0 2048 64 ) (0 2048 704 ) 
4 38 40 (1024 2048 64 ) (512 2048 64 ) (512 2304 64 ) (1024 2304 64 ) 
4 38 39 (512 2560 64 ) (512 3072 64 ) (768 3072 64 ) (768 2560 64 ) 
4 39 41 (512 3072 0 ) (768 3072 0 ) (768 2560 0 ) (512 2560 0 ) 
4 40 71 (1024 2048 0 ) (1024 2048 64 ) (512 2048 64 ) (512 2048 0 ) 
4 40 41 (1024 2304 0 ) (1024 2048 0 ) (512 2048 0 ) (512 2304 0 ) 
4 41 75 (1024 2048 -384 ) (1024 2048 0 ) (0 2048 0 ) (0 2048 -384 ) 
4 41 45 (0 3072 0 ) (0 3072 -384 ) (0 2048 -384 ) (0 2048 0 ) 
4 42 76 (0 2048 64 ) (0 2048 704 ) (-1024 2048 704 ) (-1024 2048 64 ) 
4 42 47 (-1024 2048 64 ) (-1024 2048 704 ) (-1024 3072 704 ) (-1024 3072 64 ) 
4 42 44 (-256 2048 64 ) (-1024 2048 64 ) (-1024 2816 64 ) (-256 2816 64 ) 
4 42 43 (-1024 2816 64 ) (-1024 3072 64 ) (-512 3072 64 ) (-512 2816 64 ) 
4 43 47 (-1024 2816 64 ) (-1024 3072 64 ) (-1024 3072 0 ) (-1024 2816 0 ) 
4 43 45 (-512 2816 0 ) (-1024 2816 0 ) (-1024 3072 0 ) (-512 3072 0 ) 
4 43 44 (-1024 2816 0 ) (-512 2816 0 ) (-512 2816 64 ) (-1024 2816 64 ) 
4 44 78 (-256 2048 64 ) (-1024 2048 64 ) (-1024 2048 0 ) (-256 2048 0 ) 
4 44 47 (-1024 2048 0 ) (-1024 2048 64 ) (-1024 2816 64 ) (-1024 2816 0 ) 
4 44 45 (-256 2048 0 ) (-1024 2048 0 ) (-1024 2816 0 ) (-256 2816 0 ) 
4 45 79 (0 2048 -384 ) (0 2048 0 ) (-1024 2048 0 ) (-1024 2048 -384 ) 
4 45 47 (-1024 2048 -384 ) (-1024 2048 0 ) (-1024 3072 0 ) (-1024 3072 -384 ) 
4 46 47 (-1024 3072 -384 ) (-1024 3072 704 ) (-1376 3072 704 ) (-1376 3072 -384 ) 
4 47 89 (-1024 2048 -384 ) (-1024 2048 704 ) (-1376 2048 704 ) (-1376 2048 -384 ) 
4 48 56 (3072 2048 0 ) (3072 2048 -384 ) (3072 1024 -384 ) (3072 1024 0 ) 
4 48 51 (3072 1536 0 ) (3072 1024 0 ) (3072 1024 64 ) (3072 1536 64 ) 
4 48 50 (3072 2048 704 ) (3072 2048 64 ) (3072 1024 64 ) (3072 1024 704 ) 
4 48 49 (3520 1024 704 ) (3072 1024 704 ) (3072 1024 -384 ) (3520 1024 -384 ) 
4 49 67 (3520 0 704 ) (3072 0 704 ) (3072 0 -384 ) (3520 0 -384 ) 
4 49 62 (3072 0 -384 ) (3072 0 704 ) (3072 1024 704 ) (3072 1024 -384 ) 
4 50 62 (3072 1024 64 ) (3072 1024 704 ) (2048 1024 704 ) (2048 1024 64 ) 
4 50 57 (2048 2048 704 ) (2048 2048 64 ) (2048 1024 64 ) (2048 1024 704 ) 
3 50 55 (2048 1280 64 ) (2048 1536 64 ) (2560 1536 64 ) 
3 50 54 (2048 1024 64 ) (2560 1280 64 ) (2560 1024 64 ) 
4 50 53 (2048 1536 64 ) (2048 1792 64 ) (2304 1792 64 ) (2304 1536 64 ) 
3 50 52 (2560 1792 64 ) (3072 1792 64 ) (2560 1536 64 ) 
4 50 51 (3072 1536 64 ) (3072 1024 64 ) (2560 1024 64 ) (2560 1280 64 ) 
4 51 62 (3072 1024 0 ) (3072 1024 64 ) (2560 1024 64 ) (2560 1024 0 ) 
4 51 56 (3072 1024 0 ) (2560 1024 0 ) (2560 1280 0 ) (3072 1536 0 ) 
4 51 54 (2560 1280 0 ) (2560 1024 0 ) (2560 1024 64 ) (2560 1280 64 ) 
3 52 56 (2560 1536 0 ) (2560 1792 0 ) (3072 1792 0 ) 
4 53 58 (2048 1792 0 ) (2048 1536 0 ) (2048 1536 64 ) (2048 1792 64 ) 
4 53 56 (2048 1536 0 ) (2048 1792 0 ) (2304 1792 0 ) (2304 1536 0 ) 
4 53 55 (2048 1536 0 ) (2304 1536 0 ) (2304 1536 64 ) (2048 1536 64 ) 
4 54 62 (2560 1024 64 ) (2048 1024 64 ) (2048 1024 0 ) (2560 1024 0 ) 
3 54 56 (2560 1024 0 ) (2048 1024 0 ) (2560 1280 0 ) 
4 55 58 (2048 1536 0 ) (2048 1280 0 ) (2048 1280 64 ) (2048 1536 64 ) 
3 55 56 (2048 1280 0 ) (2048 1536 0 ) (2560 1536 0 ) 
4 56 62 (3072 1024 -384 ) (3072 1024 0 ) (2048 1024 0 ) (2048 1024 -384 ) 
4 56 61 (2048 2048 0 ) (2048 2048 -384 ) (2048 1024 -384 ) (2048 1024 0 ) 
4 57 70 (1024 2048 704 ) (1024 2048 64 ) (1024 1024 64 ) (1024 1024 704 ) 
4 57 63 (2048 1024 64 ) (2048 1024 704 ) (1024 1024 704 ) (1024 1024 64 ) 
3 57 60 (1280 1024 64 ) (1024 1280 64 ) (1280 1280 64 ) 
4 57 59 (1024 1280 64 ) (1024 2048 64 ) (1536 2048 64 ) (1536 1280 64 ) 
4 57 58 (2048 1792 64 ) (2048 1280 64 ) (1792 1280 64 ) (1792 1792 64 ) 
4 58 61 (2048 1792 0 ) (2048 1280 0 ) (1792 1280 0 ) (1792 1792 0 ) 
4 59 72 (1024 1792 0 ) (1024 1280 0 ) (1024 1280 64 ) (1024 1792 64 ) 
4 59 71 (1024 2048 64 ) (1024 2048 0 ) (1024 1792 0 ) (1024 1792 64 ) 
4 59 61 (1024 2048 0 ) (1536 2048 0 ) (1536 1280 0 ) (1024 1280 0 ) 
4 59 60 (1024 1280 0 ) (1280 1280 0 ) (1280 1280 64 ) (1024 1280 64 ) 
3 60 61 (1280 1024 0 ) (1024 1280 0 ) (1280 1280 0 ) 
4 61 75 (1024 2048 0 ) (1024 2048 -384 ) (1024 1024 -384 ) (1024 1024 0 ) 
4 61 66 (2048 1024 -384 ) (2048 1024 0 ) (1024 1024 0 ) (1024 1024 -384 ) 
4 62 68 (3072 0 -384 ) (3072 0 704 ) (2048 0 704 ) (2048 0 -384 ) 
4 62 66 (2048 1024 0 ) (2048 1024 -384 ) (2048 0 -384 ) (2048 0 0 ) 
4 62 64 (2048 512 0 ) (2048 0 0 ) (2048 0 64 ) (2048 512 64 ) 
4 62 63 (2048 1024 704 ) (2048 1024 64 ) (2048 0 64 ) (2048 0 704 ) 
4 63 80 (1024 0 64 ) (1024 0 704 ) (1024 1024 704 ) (1024 1024 64 ) 
4 63 69 (2048 0 64 ) (2048 0 704 ) (1024 0 704 ) (1024 0 64 ) 
4 63 65 (1280 0 64 ) (1024 0 64 ) (1024 256 64 ) (1280 512 64 ) 
4 63 64 (2048 0 64 ) (1280 0 64 ) (1280 512 64 ) (2048 512 64 ) 
4 64 69 (2048 0 0 ) (2048 0 64 ) (1280 0 64 ) (1280 0 0 ) 
4 64 66 (2048 512 0 ) (2048 0 0 ) (1280 0 0 ) (1280 512 0 ) 
4 64 65 (1280 512 0 ) (1280 0 0 ) (1280 0 64 ) (1280 512 64 ) 
4 65 83 (1024 0 0 ) (1024 0 64 ) (1024 256 64 ) (1024 256 0 ) 
4 65 69 (1280 0 64 ) (1024 0 64 ) (1024 0 0 ) (1280 0 0 ) 
4 65 66 (1280 0 0 ) (1024 0 0 ) (1024 256 0 ) (1280 512 0 ) 
4 66 84 (1024 0 -384 ) (1024 0 0 ) (1024 1024 0 ) (1024 1024 -384 ) 
4 66 69 (2048 0 -384 ) (2048 0 0 ) (1024 0 0 ) (1024 0 -384 ) 
4 67 68 (3072 0 704 ) (3072 0 -384 ) (3072 -544 -384 ) (3072 -544 704 ) 
4 68 69 (2048 0 704 ) (2048 0 -384 ) (2048 -544 -384 ) (2048 -544 704 ) 
4 69 94 (1024 -544 704 ) (1024 -256 704 ) (1024 -256 -384 ) (1024 -544 -384 ) 
4 69 91 (1024 -256 704 ) (1024 0 704 ) (1024 0 -384 ) (1024 -256 -384 ) 
4 70 80 (1024 1024 64 ) (1024 1024 704 ) (0 1024 704 ) (0 1024 64 ) 
4 70 76 (0 2048 704 ) (0 2048 64 ) (0 1024 64 ) (0 1024 704 ) 
4 70 74 (0 1024 64 ) (0 1280 64 ) (256 1536 64 ) (256 1024 64 ) 
3 70 73 (768 1024 64 ) (256 1024 64 ) (256 1536 64 ) 
3 70 72 (1024 1792 64 ) (1024 1280 64 ) (512 1792 64 ) 
4 70 71 (256 2048 64 ) (1024 2048 64 ) (1024 1792 64 ) (256 1792 64 ) 
4 71 75 (256 1792 0 ) (256 2048 0 ) (1024 2048 0 ) (1024 1792 0 ) 
4 71 72 (512 1792 0 ) (1024 1792 0 ) (1024 1792 64 ) (512 1792 64 ) 
3 72 75 (512 1792 0 ) (1024 1792 0 ) (1024 1280 0 ) 
4 73 81 (768 1024 64 ) (256 1024 64 ) (256 1024 0 ) (768 1024 0 ) 
3 73 75 (768 1024 0 ) (256 1024 0 ) (256 1536 0 ) 
4 73 74 (256 1536 0 ) (256 1024 0 ) (256 1024 64 ) (256 1536 64 ) 
4 74 81 (256 1024 64 ) (0 1024 64 ) (0 1024 0 ) (256 1024 0 ) 
4 74 75 (256 1024 0 ) (0 1024 0 ) (0 1280 0 ) (256 1536 0 ) 
4 75 84 (1024 1024 -384 ) (1024 1024 0 ) (0 1024 0 ) (0 1024 -384 ) 
4 75 79 (0 2048 0 ) (0 2048 -384 ) (0 1024 -384 ) (0 1024 0 ) 
4 76 89 (-1024 2048 704 ) (-1024 2048 64 ) (-1024 1024 64 ) (-1024 1024 704 ) 
4 76 85 (0 1024 64 ) (0 1024 704 ) (-1024 1024 704 ) (-1024 1024 64 ) 
5 76 78 (-512 1024 64 ) (-1024 1024 64 ) (-1024 2048 64 ) (-256 2048 64 ) (-256 1280 64 ) 
4 76 77 (-256 1536 64 ) (-256 2048 64 ) (0 2048 64 ) (0 1792 64 ) 
4 77 79 (-256 2048 0 ) (0 2048 0 ) (0 1792 0 ) (-256 1536 0 ) 
4 77 78 (-256 2048 0 ) (-256 1536 0 ) (-256 1536 64 ) (-256 2048 64 ) 
4 78 89 (-1024 2048 64 ) (-1024 2048 0 ) (-1024 1024 0 ) (-1024 1024 64 ) 
4 78 87 (-512 1024 64 ) (-1024 1024 64 ) (-1024 1024 0 ) (-512 1024 0 ) 
5 78 79 (-1024 2048 0 ) (-256 2048 0 ) (-256 1280 0 ) (-512 1024 0 ) (-1024 1024 0 ) 
4 79 89 (-1024 2048 0 ) (-1024 2048 -384 ) (-1024 1024 -384 ) (-1024 1024 0 ) 
4 79 88 (0 1024 -384 ) (0 1024 0 ) (-1024 1024 0 ) (-1024 1024 -384 ) 
4 80 92 (256 0 704 ) (0 0 704 ) (0 0 64 ) (256 0 64 ) 
4 80 91 (1024 0 64 ) (1024 0 704 ) (256 0 704 ) (256 0 64 ) 
4 80 85 (0 1024 704 ) (0 1024 64 ) (0 0 64 ) (0 0 704 ) 
3 80 82 (0 256 64 ) (0 512 64 ) (256 256 64 ) 
4 80 83 (0 0 64 ) (0 256 64 ) (1024 256 64 ) (1024 0 64 ) 
5 80 81 (0 1024 64 ) (768 1024 64 ) (1024 768 64 ) (768 512 64 ) (512 512 64 ) 
5 81 84 (0 1024 0 ) (768 1024 0 ) (1024 768 0 ) (768 512 0 ) (512 512 0 ) 
4 82 86 (0 512 0 ) (0 256 0 ) (0 256 64 ) (0 512 64 ) 
3 82 84 (0 256 0 ) (0 512 0 ) (256 256 0 ) 
4 82 83 (0 256 0 ) (256 256 0 ) (256 256 64 ) (0 256 64 ) 
4 83 91 (1024 0 0 ) (1024 0 64 ) (256 0 64 ) (256 0 0 ) 
4 83 86 (0 256 0 ) (0 0 0 ) (0 0 64 ) (0 256 64 ) 
4 83 84 (1024 0 0 ) (0 0 0 ) (0 256 0 ) (1024 256 0 ) 
4 84 93 (256 0 0 ) (0 0 0 ) (0 0 -384 ) (256 0 -384 ) 
4 84 91 (1024 0 -384 ) (1024 0 0 ) (256 0 0 ) (256 0 -384 ) 
4 84 88 (0 1024 0 ) (0 1024 -384 ) (0 0 -384 ) (0 0 0 ) 
4 85 95 (0 0 64 ) (0 0 704 ) (-1024 0 704 ) (-1024 0 64 ) 
4 85 90 (-1024 0 64 ) (-1024 0 704 ) (-1024 1024 704 ) (-1024 1024 64 ) 
3 85 87 (-1024 512 64 ) (-1024 1024 64 ) (-512 1024 64 ) 
5 85 86 (0 0 64 ) (-512 0 64 ) (-768 256 64 ) (-256 768 64 ) (0 512 64 ) 
5 86 88 (0 512 0 ) (0 0 0 ) (-512 0 0 ) (-768 256 0 ) (-256 768 0 ) 
4 87 90 (-1024 512 64 ) (-1024 1024 64 ) (-1024 1024 0 ) (-1024 512 0 ) 
3 87 88 (-1024 512 0 ) (-1024 1024 0 ) (-512 1024 0 ) 
4 88 98 (0 0 -384 ) (0 0 0 ) (-1024 0 0 ) (-1024 0 -384 ) 
4 88 90 (-1024 0 -384 ) (-1024 0 0 ) (-1024 1024 0 ) (-1024 1024 -384 ) 
4 89 90 (-1024 1024 -384 ) (-1024 1024 704 ) (-1376 1024 704 ) (-1376 1024 -384 ) 
4 90 99 (-1024 0 -384 ) (-1024 0 704 ) (-1376 0 704 ) (-1376 0 -384 ) 
4 91 94 (256 -256 -384 ) (1024 -256 -384 ) (1024 -256 704 ) (256 -256 704 ) 
4 91 92 (256 -256 64 ) (256 -256 704 ) (256 0 704 ) (256 0 64 ) 
4 91 93 (256 0 -384 ) (256 -256 -384 ) (256 -256 0 ) (256 0 0 ) 
4 92 95 (0 0 704 ) (0 0 64 ) (0 -256 64 ) (0 -256 704 ) 
4 92 94 (256 -256 64 ) (256 -256 704 ) (0 -256 704 ) (0 -256 64 ) 
4 93 98 (0 0 0 ) (0 0 -384 ) (0 -256 -384 ) (0 -256 0 ) 
4 93 94 (0 -256 -384 ) (256 -256 -384 ) (256 -256 0 ) (0 -256 0 ) 
4 94 98 (0 -256 -384 ) (0 -544 -384 ) (0 -544 0 ) (0 -256 0 ) 
4 94 97 (0 -544 0 ) (0 -544 64 ) (0 -256 64 ) (0 -256 0 ) 
4 94 95 (0 -544 64 ) (0 -544 704 ) (0 -256 704 ) (0 -256 64 ) 
4 95 99 (-1024 0 704 ) (-1024 0 64 ) (-1024 -544 64 ) (-1024 -544 704 ) 
4 95 97 (-1024 -544 64 ) (-1024 -256 64 ) (0 -256 64 ) (0 -544 64 ) 
3 95 96 (-1024 -256 64 ) (-1024 0 64 ) (-768 -256 64 ) 
4 96 99 (-1024 0 64 ) (-1024 0 0 ) (-1024 -256 0 ) (-1024 -256 64 ) 
3 96 98 (-1024 0 0 ) (-768 -256 0 ) (-1024 -256 0 ) 
4 96 97 (-1024 -256 0 ) (-768 -256 0 ) (-768 -256 64 ) (-1024 -256 64 ) 
4 97 99 (-1024 -256 0 ) (-1024 -544 0 ) (-1024 -544 64 ) (-1024 -256 64 ) 
4 97 98 (0 -256 0 ) (0 -544 0 ) (-1024 -544 0 ) (-1024 -256 0 ) 
4 98 99 (-1024 0 0 ) (-1024 0 -384 ) (-1024 -544 -384 ) (-1024 -544 0 ) 
