


CustomMaterialManager: Cached KeyValues materials/models/weapons/v_models/knife_butterfly/knife_butterfly.vmt.
CustomMaterialManager: Cached KeyValues materials/models/weapons/v_models/knife_bayonet/knife_bayonet.vmt.
CustomMaterialManager: Cached KeyValues materials/models/weapons/v_models/knife_ct/knife_ct.vmt.
CustomMaterialManager: Cached KeyValues materials/models/weapons/v_models/knife_flip/knife_flip.vmt.
CustomMaterialManager: Cached KeyValues materials/models/weapons/v_models/knife_gut/knife_gut.vmt.
CustomMaterialManager: Cached KeyValues materials/models/weapons/v_models/knife_karam/karam.vmt.
CustomMaterialManager: Cached KeyValues materials/models/weapons/v_models/knife_m9_bay/knife_m9_bay.vmt.
CustomMaterialManager: Cached KeyValues materials/models/weapons/v_models/knife_t/knife_t.vmt.
CustomMaterialManager: Cached KeyValues materials/models/weapons/v_models/knife_tactical/knife_tactical.vmt.
CustomMaterialManager: Cached KeyValues materials/models/weapons/v_models/mach_m249para/m249.vmt.
CustomMaterialManager: Cached KeyValues materials/models/weapons/v_models/mach_negev/mach_negev.vmt.
CustomMaterialManager: Cached KeyValues materials/models/weapons/v_models/pist_223/pist_223.vmt.
CustomMaterialManager: Cached KeyValues materials/models/weapons/v_models/pist_cz_75/pist_cz_75.vmt.
CustomMaterialManager: Cached KeyValues materials/models/weapons/v_models/pist_deagle/pist_deagle.vmt.
CustomMaterialManager: Cached KeyValues materials/models/weapons/v_models/pist_elite/m9a1.vmt.
CustomMaterialManager: Cached KeyValues materials/models/weapons/v_models/pist_fiveseven/fiveseven.vmt.
CustomMaterialManager: Cached KeyValues materials/models/weapons/v_models/pist_glock18/pist_glock18.vmt.
CustomMaterialManager: Cached KeyValues materials/models/weapons/v_models/pist_hkp2000/pist_hkp2000.vmt.
CustomMaterialManager: Cached KeyValues materials/models/weapons/v_models/pist_p250/p250.vmt.
CustomMaterialManager: Cached KeyValues materials/models/weapons/v_models/pist_tec9/pist_tec9.vmt.
CustomMaterialManager: Cached KeyValues materials/models/weapons/v_models/rif_ak47/ak47.vmt.
CustomMaterialManager: Cached KeyValues materials/models/weapons/v_models/rif_aug/rif_aug.vmt.
CustomMaterialManager: Cached KeyValues materials/models/weapons/v_models/rif_famas/rif_famas.vmt.
CustomMaterialManager: Cached KeyValues materials/models/weapons/v_models/rif_galilar/rif_galilar.vmt.
CustomMaterialManager: Cached KeyValues materials/models/weapons/v_models/rif_m4a1/rif_m4a1.vmt.
CustomMaterialManager: Cached KeyValues materials/models/weapons/v_models/rif_m4a1_s/rif_m4a1_s.vmt.
CustomMaterialManager: Cached KeyValues materials/models/weapons/v_models/rif_sg556/rif_sg556.vmt.
CustomMaterialManager: Cached KeyValues materials/models/weapons/v_models/shot_mag7/shot_mag7.vmt.
CustomMaterialManager: Cached KeyValues materials/models/weapons/v_models/shot_nova/shot_nova.vmt.
CustomMaterialManager: Cached KeyValues materials/models/weapons/v_models/shot_sawedoff/shot_sawedoff_01.vmt.
CustomMaterialManager: Cached KeyValues materials/models/weapons/v_models/shot_xm1014/shot_xm1014.vmt.
CustomMaterialManager: Cached KeyValues materials/models/weapons/v_models/smg_bizon/bizon.vmt.
CustomMaterialManager: Cached KeyValues materials/models/weapons/v_models/smg_mac10/smg_mac10_1.vmt.
CustomMaterialManager: Cached KeyValues materials/models/weapons/v_models/smg_mp7/smg_mp7.vmt.
CustomMaterialManager: Cached KeyValues materials/models/weapons/v_models/smg_mp9/smg_mp9.vmt.
CustomMaterialManager: Cached KeyValues materials/models/weapons/v_models/smg_p90/smg_p90.vmt.
CustomMaterialManager: Cached KeyValues materials/models/weapons/v_models/smg_ump45/smg_ump45.vmt.
CustomMaterialManager: Cached KeyValues materials/models/weapons/v_models/snip_awp/awp.vmt.
CustomMaterialManager: Cached KeyValues materials/models/weapons/v_models/snip_g3sg1/snip_g3sg1.vmt.
CustomMaterialManager: Cached KeyValues materials/models/weapons/v_models/snip_scar20/snip_scar20.vmt.
CustomMaterialManager: Cached KeyValues materials/models/weapons/v_models/snip_ssg08/snip_ssg08.vmt.
CustomMaterialManager: Cached KeyValues materials/models/weapons/v_models/snip_ssg08/snip_ssg08_scope.vmt.
CustomMaterialManager: Cached KeyValues materials/models/weapons/v_models/knife_falchion_advanced/knife_falchion_advanced.vmt.
materialPath: G:\Steam\steamapps\common\Counter-Strike Global Offensive\csgo\materials
Loading G:\Steam\SteamApps\common\Counter-Strike Global Offensive\sdk_content\maps\de_plateau_07.vmf
Map revision 19
fixing up env_cubemap materials on brush sides...
0...1...2...3...4...5...6...7...8...9...100...1...2...3...4...5...6...7...8...9...10Processing areas...done (0)
Building Faces...done (0)
FixTjuncs...
PruneNodes...
WriteBSP...
done (0)
writing G:\Steam\SteamApps\common\Counter-Strike Global Offensive\sdk_content\maps\de_plateau_07.prt...Building visibility clusters...
done (0)
Finding displacement neighbors...
Finding lightmap sample positions...
Displacement Alpha : 0...1...2...3...4...5...6...7...8...9...10
Building Physics collision data...
done (0) (174014 bytes)
Placing detail props : 0...1...2...3...4...5...6...7...8...9...10
Compacting texture/material tables...
Reduced 136 texinfos to 105
Reduced 11 texdatas to 11 (259 bytes to 259)
Writing G:\Steam\SteamApps\common\Counter-Strike Global Offensive\sdk_content\maps\de_plateau_07.bsp
0 seconds elapsed



4 threads
reading g:\steam\steamapps\common\counter-strike global offensive\sdk_content\maps\de_plateau_07.bsp
reading g:\steam\steamapps\common\counter-strike global offensive\sdk_content\maps\de_plateau_07.prt
 710 portalclusters
2189 numportals
0...1...2...3...4...5...6...7...8...9...100...1...2...3...4...5...6...7...8...9...10Optimized: 805 visible clusters (0.00%)
Total clusters visible: 188741
Average clusters visible: 265
Building PAS...
Average clusters audible: 709
visdatasize:126383  compressed from 136320
writing g:\steam\steamapps\common\counter-strike global offensive\sdk_content\maps\de_plateau_07.bsp
40 seconds elapsed



[Reading texlights from 'lights.rad']
[2 texlights parsed from 'lights.rad']

Loading g:\steam\steamapps\common\counter-strike global offensive\sdk_content\maps\de_plateau_07.bsp
2053 faces
797821 square feet [114886320.00 square inches]
0 Displacements
0 Square Feet [0.00 Square Inches]
2053 patches before subdivision
62377 patches after subdivision
2 direct lights
0...1...2...3...4...5...6...7...8...9...100...1...2...3...4...5...6...7...8...9...10transfers 2435099, max 596
transfer lists:  18.6 megs
0...1...2...3...4...5...6...7...8...9...10	Bounce #1 added RGB(769244, 287632, 119237)
0...1...2...3...4...5...6...7...8...9...10	Bounce #2 added RGB(271716, 38271, 2173)
0...1...2...3...4...5...6...7...8...9...10	Bounce #3 added RGB(91336, 4881, 118)
0...1...2...3...4...5...6...7...8...9...10	Bounce #4 added RGB(34154, 689, 5)
0...1...2...3...4...5...6...7...8...9...10	Bounce #5 added RGB(13227, 98, 0)
0...1...2...3...4...5...6...7...8...9...10	Bounce #6 added RGB(5436, 15, 0)
0...1...2...3...4...5...6...7...8...9...10	Bounce #7 added RGB(2331, 2, 0)
0...1...2...3...4...5...6...7...8...9...10	Bounce #8 added RGB(1056, 0, 0)
0...1...2...3...4...5...6...7...8...9...10	Bounce #9 added RGB(502, 0, 0)
0...1...2...3...4...5...6...7...8...9...10	Bounce #10 added RGB(253, 0, 0)
0...1...2...3...4...5...6...7...8...9...10	Bounce #11 added RGB(133, 0, 0)
0...1...2...3...4...5...6...7...8...9...10	Bounce #12 added RGB(74, 0, 0)
0...1...2...3...4...5...6...7...8...9...10	Bounce #13 added RGB(43, 0, 0)
0...1...2...3...4...5...6...7...8...9...10	Bounce #14 added RGB(26, 0, 0)
0...1...2...3...4...5...6...7...8...9...10	Bounce #15 added RGB(16, 0, 0)
0...1...2...3...4...5...6...7...8...9...10	Bounce #16 added RGB(10, 0, 0)
0...1...2...3...4...5...6...7...8...9...10	Bounce #17 added RGB(6, 0, 0)
0...1...2...3...4...5...6...7...8...9...10	Bounce #18 added RGB(4, 0, 0)
0...1...2...3...4...5...6...7...8...9...10	Bounce #19 added RGB(3, 0, 0)
0...1...2...3...4...5...6...7...8...9...10	Bounce #20 added RGB(2, 0, 0)
0...1...2...3...4...5...6...7...8...9...10	Bounce #21 added RGB(1, 0, 0)
0...1...2...3...4...5...6...7...8...9...10	Bounce #22 added RGB(1, 0, 0)
Build Patch/Sample Hash Table(s).....Done<0.0134 sec>
0...1...2...3...4...5...6...7...8...9...10FinalLightFace Done
0 of 0 (0% of) surface lights went in leaf ambient cubes.
0...1...2...3...4...5...6...7...8...9...10Writing leaf ambient...done
Ready to Finish

Object names       Objects/Maxobjs  Memory / Maxmem  Fullness 
------------       ---------------  ---------------  -------- 
models                   5/1024          240/49152    ( 0.5%) 
brushes                520/8192         6240/98304    ( 6.3%) 
brushsides            3789/65536       30312/524288   ( 5.8%) 
planes                 654/65536       13080/1310720  ( 1.0%) 
vertexes              2421/65536       29052/786432   ( 3.7%) 
nodes                 1299/65536       41568/2097152  ( 2.0%) 
texinfos               105/12288        7560/884736   ( 0.9%) 
texdata                 11/2048          352/65536    ( 0.5%) 
dispinfos                0/0               0/0        ( 0.0%) 
disp_verts               0/0               0/0        ( 0.0%) 
disp_tris                0/0               0/0        ( 0.0%) 
disp_multiblend          0/0               0/0        ( 0.0%) 
disp_lmsamples           0/0               0/0        ( 0.0%) 
faces                 2053/65536      114968/3670016  ( 3.1%) 
hdr faces                0/65536           0/3670016  ( 0.0%) 
origfaces             1628/65536       91168/3670016  ( 2.5%) 
facebrushes            881/0            1762/0        ( 0.0%) 
facebrushlists        2053/0            8212/0        ( 0.0%) 
leaves                1305/65536       41760/2097152  ( 2.0%) 
leaffaces             2239/65536        4478/131072   ( 3.4%) 
leafbrushes            849/65536        1698/131072   ( 1.3%) 
areas                    2/1024           16/8192     ( 0.2%) 
surfedges            15528/512000      62112/2048000  ( 3.0%) 
edges                 8418/256000      33672/1024000  ( 3.3%) 
LDR worldlights          2/8192          200/819200   ( 0.0%) 
HDR worldlights          0/8192            0/819200   ( 0.0%) 
leafwaterdata            0/32768           0/393216   ( 0.0%) 
waterstrips            145/32768        1450/327680   ( 0.4%) 
waterverts               0/65536           0/786432   ( 0.0%) 
waterindices          2151/65536        4302/131072   ( 3.3%) 
cubemapsamples           1/1024           16/16384    ( 0.1%) 
overlays                13/1024         4576/360448   ( 1.3%) 
LDR lightdata         [variable]     1059864/0        ( 0.0%) 
HDR lightdata         [variable]           0/0        ( 0.0%) 
visdata               [variable]      126383/16777216 ( 0.8%) 
entdata               [variable]        2156/393216   ( 0.5%) 
LDR ambient table     1305/65536        5220/262144   ( 2.0%) 
HDR ambient table     1305/65536        5220/262144   ( 2.0%) 
LDR leaf ambient      8752/65536      245056/1835008  (13.4%) 
HDR leaf ambient      1305/65536       36540/1835008  ( 2.0%) 
occluders                0/0               0/0        ( 0.0%) 
occluder polygons        0/0               0/0        ( 0.0%) 
occluder vert ind        0/0               0/0        ( 0.0%) 
detail props          [variable]           1/12       ( 8.3%) 
static props          [variable]           1/854      ( 0.1%) 
pakfile               [variable]      148838/0        ( 0.0%) 
physics               [variable]      174014/4194304  ( 4.1%) 
physics terrain       [variable]           2/1048576  ( 0.0%) 

Level flags = 4

Total triangle count: 5014
Writing g:\steam\steamapps\common\counter-strike global offensive\sdk_content\maps\de_plateau_07.bsp
15 seconds elapsed



CustomMaterialManager: Cached KeyValues materials/models/weapons/v_models/knife_butterfly/knife_butterfly.vmt.
CustomMaterialManager: Cached KeyValues materials/models/weapons/v_models/knife_bayonet/knife_bayonet.vmt.
CustomMaterialManager: Cached KeyValues materials/models/weapons/v_models/knife_ct/knife_ct.vmt.
CustomMaterialManager: Cached KeyValues materials/models/weapons/v_models/knife_flip/knife_flip.vmt.
CustomMaterialManager: Cached KeyValues materials/models/weapons/v_models/knife_gut/knife_gut.vmt.
CustomMaterialManager: Cached KeyValues materials/models/weapons/v_models/knife_karam/karam.vmt.
CustomMaterialManager: Cached KeyValues materials/models/weapons/v_models/knife_m9_bay/knife_m9_bay.vmt.
CustomMaterialManager: Cached KeyValues materials/models/weapons/v_models/knife_t/knife_t.vmt.
CustomMaterialManager: Cached KeyValues materials/models/weapons/v_models/knife_tactical/knife_tactical.vmt.
CustomMaterialManager: Cached KeyValues materials/models/weapons/v_models/mach_m249para/m249.vmt.
CustomMaterialManager: Cached KeyValues materials/models/weapons/v_models/mach_negev/mach_negev.vmt.
CustomMaterialManager: Cached KeyValues materials/models/weapons/v_models/pist_223/pist_223.vmt.
CustomMaterialManager: Cached KeyValues materials/models/weapons/v_models/pist_cz_75/pist_cz_75.vmt.
CustomMaterialManager: Cached KeyValues materials/models/weapons/v_models/pist_deagle/pist_deagle.vmt.
CustomMaterialManager: Cached KeyValues materials/models/weapons/v_models/pist_elite/m9a1.vmt.
CustomMaterialManager: Cached KeyValues materials/models/weapons/v_models/pist_fiveseven/fiveseven.vmt.
CustomMaterialManager: Cached KeyValues materials/models/weapons/v_models/pist_glock18/pist_glock18.vmt.
CustomMaterialManager: Cached KeyValues materials/models/weapons/v_models/pist_hkp2000/pist_hkp2000.vmt.
CustomMaterialManager: Cached KeyValues materials/models/weapons/v_models/pist_p250/p250.vmt.
CustomMaterialManager: Cached KeyValues materials/models/weapons/v_models/pist_tec9/pist_tec9.vmt.
CustomMaterialManager: Cached KeyValues materials/models/weapons/v_models/rif_ak47/ak47.vmt.
CustomMaterialManager: Cached KeyValues materials/models/weapons/v_models/rif_aug/rif_aug.vmt.
CustomMaterialManager: Cached KeyValues materials/models/weapons/v_models/rif_famas/rif_famas.vmt.
CustomMaterialManager: Cached KeyValues materials/models/weapons/v_models/rif_galilar/rif_galilar.vmt.
CustomMaterialManager: Cached KeyValues materials/models/weapons/v_models/rif_m4a1/rif_m4a1.vmt.
CustomMaterialManager: Cached KeyValues materials/models/weapons/v_models/rif_m4a1_s/rif_m4a1_s.vmt.
CustomMaterialManager: Cached KeyValues materials/models/weapons/v_models/rif_sg556/rif_sg556.vmt.
CustomMaterialManager: Cached KeyValues materials/models/weapons/v_models/shot_mag7/shot_mag7.vmt.
CustomMaterialManager: Cached KeyValues materials/models/weapons/v_models/shot_nova/shot_nova.vmt.
CustomMaterialManager: Cached KeyValues materials/models/weapons/v_models/shot_sawedoff/shot_sawedoff_01.vmt.
CustomMaterialManager: Cached KeyValues materials/models/weapons/v_models/shot_xm1014/shot_xm1014.vmt.
CustomMaterialManager: Cached KeyValues materials/models/weapons/v_models/smg_bizon/bizon.vmt.
CustomMaterialManager: Cached KeyValues materials/models/weapons/v_models/smg_mac10/smg_mac10_1.vmt.
CustomMaterialManager: Cached KeyValues materials/models/weapons/v_models/smg_mp7/smg_mp7.vmt.
CustomMaterialManager: Cached KeyValues materials/models/weapons/v_models/smg_mp9/smg_mp9.vmt.
CustomMaterialManager: Cached KeyValues materials/models/weapons/v_models/smg_p90/smg_p90.vmt.
CustomMaterialManager: Cached KeyValues materials/models/weapons/v_models/smg_ump45/smg_ump45.vmt.
CustomMaterialManager: Cached KeyValues materials/models/weapons/v_models/snip_awp/awp.vmt.
CustomMaterialManager: Cached KeyValues materials/models/weapons/v_models/snip_g3sg1/snip_g3sg1.vmt.
CustomMaterialManager: Cached KeyValues materials/models/weapons/v_models/snip_scar20/snip_scar20.vmt.
CustomMaterialManager: Cached KeyValues materials/models/weapons/v_models/snip_ssg08/snip_ssg08.vmt.
CustomMaterialManager: Cached KeyValues materials/models/weapons/v_models/snip_ssg08/snip_ssg08_scope.vmt.
CustomMaterialManager: Cached KeyValues materials/models/weapons/v_models/knife_falchion_advanced/knife_falchion_advanced.vmt.
materialPath: G:\Steam\steamapps\common\Counter-Strike Global Offensive\csgo\materials
Loading G:\Steam\SteamApps\common\Counter-Strike Global Offensive\sdk_content\maps\de_plateau_07.vmf
Map revision 20
fixing up env_cubemap materials on brush sides...
0...1...2...3...4...5...6...7...8...9...100...1...2...3...4...5...6...7...8...9...10Processing areas...done (0)
Building Faces...done (0)
FixTjuncs...
PruneNodes...
WriteBSP...
done (0)
writing G:\Steam\SteamApps\common\Counter-Strike Global Offensive\sdk_content\maps\de_plateau_07.prt...Building visibility clusters...
done (0)
Finding displacement neighbors...
Finding lightmap sample positions...
Displacement Alpha : 0...1...2...3...4...5...6...7...8...9...10
Building Physics collision data...
done (0) (174030 bytes)
Placing detail props : 0...1...2...3...4...5...6...7...8...9...10
Compacting texture/material tables...
Reduced 136 texinfos to 105
Reduced 11 texdatas to 11 (259 bytes to 259)
Writing G:\Steam\SteamApps\common\Counter-Strike Global Offensive\sdk_content\maps\de_plateau_07.bsp
0 seconds elapsed



4 threads
reading g:\steam\steamapps\common\counter-strike global offensive\sdk_content\maps\de_plateau_07.bsp
reading g:\steam\steamapps\common\counter-strike global offensive\sdk_content\maps\de_plateau_07.prt
 712 portalclusters
2192 numportals
0...1...2...3...4...5...6...7...8...9...100...1...2...3...4...5...6...7...8...9...10Optimized: 813 visible clusters (0.00%)
Total clusters visible: 189605
Average clusters visible: 266
Building PAS...
Average clusters audible: 711
visdatasize:126866  compressed from 136704
writing g:\steam\steamapps\common\counter-strike global offensive\sdk_content\maps\de_plateau_07.bsp
42 seconds elapsed



[Reading texlights from 'lights.rad']
[2 texlights parsed from 'lights.rad']

Loading g:\steam\steamapps\common\counter-strike global offensive\sdk_content\maps\de_plateau_07.bsp
2056 faces
797747 square feet [114875568.00 square inches]
0 Displacements
0 Square Feet [0.00 Square Inches]
2056 patches before subdivision
62392 patches after subdivision
2 direct lights
0...1...2...3...4...5...6...7...8...9...100...1...2...3...4...5...6...7...8...9...10transfers 2436833, max 597
transfer lists:  18.6 megs
0...1...2...3...4...5...6...7...8...9...10	Bounce #1 added RGB(768261, 287199, 119018)
0...1...2...3...4...5...6...7...8...9...10	Bounce #2 added RGB(271402, 38248, 2173)
0...1...2...3...4...5...6...7...8...9...10	Bounce #3 added RGB(91161, 4871, 118)
0...1...2...3...4...5...6...7...8...9...10	Bounce #4 added RGB(34077, 688, 5)
0...1...2...3...4...5...6...7...8...9...10	Bounce #5 added RGB(13196, 98, 0)
0...1...2...3...4...5...6...7...8...9...10	Bounce #6 added RGB(5422, 15, 0)
0...1...2...3...4...5...6...7...8...9...10	Bounce #7 added RGB(2326, 2, 0)
0...1...2...3...4...5...6...7...8...9...10	Bounce #8 added RGB(1054, 0, 0)
0...1...2...3...4...5...6...7...8...9...10	Bounce #9 added RGB(501, 0, 0)
0...1...2...3...4...5...6...7...8...9...10	Bounce #10 added RGB(252, 0, 0)
0...1...2...3...4...5...6...7...8...9...10	Bounce #11 added RGB(133, 0, 0)
0...1...2...3...4...5...6...7...8...9...10	Bounce #12 added RGB(74, 0, 0)
0...1...2...3...4...5...6...7...8...9...10	Bounce #13 added RGB(43, 0, 0)
0...1...2...3...4...5...6...7...8...9...10	Bounce #14 added RGB(26, 0, 0)
0...1...2...3...4...5...6...7...8...9...10	Bounce #15 added RGB(16, 0, 0)
0...1...2...3...4...5...6...7...8...9...10	Bounce #16 added RGB(10, 0, 0)
0...1...2...3...4...5...6...7...8...9...10	Bounce #17 added RGB(6, 0, 0)
0...1...2...3...4...5...6...7...8...9...10	Bounce #18 added RGB(4, 0, 0)
0...1...2...3...4...5...6...7...8...9...10	Bounce #19 added RGB(3, 0, 0)
0...1...2...3...4...5...6...7...8...9...10	Bounce #20 added RGB(2, 0, 0)
0...1...2...3...4...5...6...7...8...9...10	Bounce #21 added RGB(1, 0, 0)
0...1...2...3...4...5...6...7...8...9...10	Bounce #22 added RGB(1, 0, 0)
Build Patch/Sample Hash Table(s).....Done<0.0135 sec>
0...1...2...3...4...5...6...7...8...9...10FinalLightFace Done
0 of 0 (0% of) surface lights went in leaf ambient cubes.
0...1...2...3...4...5...6...7...8...9...10Writing leaf ambient...done
Ready to Finish

Object names       Objects/Maxobjs  Memory / Maxmem  Fullness 
------------       ---------------  ---------------  -------- 
models                   5/1024          240/49152    ( 0.5%) 
brushes                520/8192         6240/98304    ( 6.3%) 
brushsides            3789/65536       30312/524288   ( 5.8%) 
planes                 656/65536       13120/1310720  ( 1.0%) 
vertexes              2425/65536       29100/786432   ( 3.7%) 
nodes                 1300/65536       41600/2097152  ( 2.0%) 
texinfos               105/12288        7560/884736   ( 0.9%) 
texdata                 11/2048          352/65536    ( 0.5%) 
dispinfos                0/0               0/0        ( 0.0%) 
disp_verts               0/0               0/0        ( 0.0%) 
disp_tris                0/0               0/0        ( 0.0%) 
disp_multiblend          0/0               0/0        ( 0.0%) 
disp_lmsamples           0/0               0/0        ( 0.0%) 
faces                 2056/65536      115136/3670016  ( 3.1%) 
hdr faces                0/65536           0/3670016  ( 0.0%) 
origfaces             1630/65536       91280/3670016  ( 2.5%) 
facebrushes            881/0            1762/0        ( 0.0%) 
facebrushlists        2056/0            8224/0        ( 0.0%) 
leaves                1306/65536       41792/2097152  ( 2.0%) 
leaffaces             2241/65536        4482/131072   ( 3.4%) 
leafbrushes            846/65536        1692/131072   ( 1.3%) 
areas                    2/1024           16/8192     ( 0.2%) 
surfedges            15550/512000      62200/2048000  ( 3.0%) 
edges                 8433/256000      33732/1024000  ( 3.3%) 
LDR worldlights          2/8192          200/819200   ( 0.0%) 
HDR worldlights          0/8192            0/819200   ( 0.0%) 
leafwaterdata            0/32768           0/393216   ( 0.0%) 
waterstrips            145/32768        1450/327680   ( 0.4%) 
waterverts               0/65536           0/786432   ( 0.0%) 
waterindices          2151/65536        4302/131072   ( 3.3%) 
cubemapsamples           1/1024           16/16384    ( 0.1%) 
overlays                13/1024         4576/360448   ( 1.3%) 
LDR lightdata         [variable]     1060081/0        ( 0.0%) 
HDR lightdata         [variable]           0/0        ( 0.0%) 
visdata               [variable]      126866/16777216 ( 0.8%) 
entdata               [variable]        2156/393216   ( 0.5%) 
LDR ambient table     1306/65536        5224/262144   ( 2.0%) 
HDR ambient table     1306/65536        5224/262144   ( 2.0%) 
LDR leaf ambient      8799/65536      246372/1835008  (13.4%) 
HDR leaf ambient      1306/65536       36568/1835008  ( 2.0%) 
occluders                0/0               0/0        ( 0.0%) 
occluder polygons        0/0               0/0        ( 0.0%) 
occluder vert ind        0/0               0/0        ( 0.0%) 
detail props          [variable]           1/12       ( 8.3%) 
static props          [variable]           1/854      ( 0.1%) 
pakfile               [variable]      148838/0        ( 0.0%) 
physics               [variable]      174030/4194304  ( 4.1%) 
physics terrain       [variable]           2/1048576  ( 0.0%) 

Level flags = 4

Total triangle count: 5022
Writing g:\steam\steamapps\common\counter-strike global offensive\sdk_content\maps\de_plateau_07.bsp
14 seconds elapsed
