PRT1
457
1323
4 0 15 (3072 4096 192 ) (3072 4096 64 ) (3104 4096 64 ) (3104 4096 192 ) 
4 0 14 (3104 4096 704 ) (3072 4096 704 ) (3072 4096 192 ) (3104 4096 192 ) 
4 0 17 (3072 4096 64 ) (3072 4096 -384 ) (3104 4096 -384 ) (3104 4096 64 ) 
4 0 13 (3520 4096 704 ) (3104 4096 704 ) (3104 4096 -384 ) (3520 4096 -384 ) 
4 0 3 (3072 4096 64 ) (3072 4096 192 ) (3072 4128 192 ) (3072 4128 64 ) 
4 0 2 (3072 4096 192 ) (3072 4096 704 ) (3072 4128 704 ) (3072 4128 192 ) 
4 0 5 (3072 4096 -384 ) (3072 4096 64 ) (3072 4128 64 ) (3072 4128 -384 ) 
4 0 1 (3072 4128 704 ) (3072 4608 704 ) (3072 4608 -384 ) (3072 4128 -384 ) 
4 1 12 (2048 4608 64 ) (2048 4608 -384 ) (2048 4128 -384 ) (2048 4128 64 ) 
4 1 6 (2048 4128 704 ) (2048 4608 704 ) (2048 4608 64 ) (2048 4128 64 ) 
4 1 4 (2080 4128 192 ) (2048 4128 192 ) (2048 4128 64 ) (2080 4128 64 ) 
4 1 3 (3072 4128 64 ) (3072 4128 192 ) (2144 4128 192 ) (2144 4128 64 ) 
4 1 2 (3072 4128 192 ) (3072 4128 704 ) (2048 4128 704 ) (2048 4128 192 ) 
4 1 5 (2048 4128 -384 ) (3072 4128 -384 ) (3072 4128 64 ) (2048 4128 64 ) 
4 2 26 (3072 4096 192 ) (3072 4096 704 ) (2048 4096 704 ) (2048 4096 192 ) 
4 2 7 (2048 4096 192 ) (2048 4096 704 ) (2048 4128 704 ) (2048 4128 192 ) 
3 2 4 (2048 4128 192 ) (2080 4128 192 ) (2048 4096 192 ) 
4 2 3 (2144 4128 192 ) (3072 4128 192 ) (3072 4096 192 ) (2176 4096 192 ) 
4 3 42 (2432 4096 192 ) (2208 4096 192 ) (2208 4096 64 ) (2432 4096 64 ) 
4 3 37 (2560 4096 192 ) (2432 4096 192 ) (2432 4096 64 ) (2560 4096 64 ) 
4 3 30 (2816 4096 192 ) (2560 4096 192 ) (2560 4096 64 ) (2816 4096 64 ) 
4 3 27 (3072 4096 64 ) (3072 4096 192 ) (2816 4096 192 ) (2816 4096 64 ) 
4 3 5 (3072 4096 64 ) (2176 4096 64 ) (2144 4128 64 ) (3072 4128 64 ) 
4 4 8 (2048 4096 64 ) (2048 4096 192 ) (2048 4128 192 ) (2048 4128 64 ) 
3 4 5 (2048 4096 64 ) (2048 4128 64 ) (2080 4128 64 ) 
4 5 55 (3072 4096 -384 ) (3072 4096 0 ) (2048 4096 0 ) (2048 4096 -384 ) 
4 5 51 (3072 4096 0 ) (3072 4096 64 ) (2176 4096 64 ) (2176 4096 0 ) 
4 5 12 (2048 4096 -384 ) (2048 4096 64 ) (2048 4128 64 ) (2048 4128 -384 ) 
4 6 168 (1024 4608 64 ) (1024 4128 64 ) (1024 4128 704 ) (1024 4608 704 ) 
4 6 12 (2048 4608 64 ) (2048 4128 64 ) (1024 4128 64 ) (1024 4608 64 ) 
4 6 11 (1024 4128 192 ) (1024 4128 64 ) (1312 4128 64 ) (1312 4128 192 ) 
4 6 9 (1760 4128 64 ) (1824 4128 64 ) (1824 4128 192 ) (1760 4128 192 ) 
4 6 10 (1504 4128 64 ) (1568 4128 64 ) (1568 4128 192 ) (1504 4128 192 ) 
4 6 8 (2016 4128 64 ) (2048 4128 64 ) (2048 4128 192 ) (2016 4128 192 ) 
4 6 7 (1024 4128 704 ) (1024 4128 192 ) (2048 4128 192 ) (2048 4128 704 ) 
4 7 169 (1024 4096 192 ) (1024 4096 704 ) (1024 4128 704 ) (1024 4128 192 ) 
4 7 56 (2048 4096 192 ) (2048 4096 704 ) (1024 4096 704 ) (1024 4096 192 ) 
4 7 11 (1024 4128 192 ) (1312 4128 192 ) (1280 4096 192 ) (1024 4096 192 ) 
3 7 9 (1760 4128 192 ) (1824 4128 192 ) (1792 4096 192 ) 
3 7 10 (1504 4128 192 ) (1568 4128 192 ) (1536 4096 192 ) 
3 7 8 (2016 4128 192 ) (2048 4128 192 ) (2048 4096 192 ) 
3 8 12 (2048 4128 64 ) (2048 4096 64 ) (2016 4128 64 ) 
3 9 12 (1792 4096 64 ) (1760 4128 64 ) (1824 4128 64 ) 
3 10 12 (1536 4096 64 ) (1504 4128 64 ) (1568 4128 64 ) 
4 11 172 (1024 4096 64 ) (1024 4096 192 ) (1024 4128 192 ) (1024 4128 64 ) 
4 11 58 (1056 4096 192 ) (1024 4096 192 ) (1024 4096 64 ) (1056 4096 64 ) 
4 11 57 (1248 4096 192 ) (1056 4096 192 ) (1056 4096 64 ) (1248 4096 64 ) 
4 11 12 (1280 4096 64 ) (1024 4096 64 ) (1024 4128 64 ) (1312 4128 64 ) 
4 12 174 (1024 4096 -384 ) (1024 4096 64 ) (1024 4608 64 ) (1024 4608 -384 ) 
4 12 97 (2048 4096 -384 ) (2048 4096 0 ) (1024 4096 0 ) (1024 4096 -384 ) 
4 12 93 (1280 4096 64 ) (1024 4096 64 ) (1024 4096 0 ) (1280 4096 0 ) 
4 13 25 (3104 3072 64 ) (3104 3072 -384 ) (3520 3072 -384 ) (3520 3072 64 ) 
4 13 18 (3520 3072 704 ) (3104 3072 704 ) (3104 3072 64 ) (3520 3072 64 ) 
4 13 15 (3104 3168 192 ) (3104 4096 192 ) (3104 4096 64 ) (3104 3168 64 ) 
4 13 16 (3104 3072 64 ) (3104 3072 192 ) (3104 3104 192 ) (3104 3104 64 ) 
4 13 14 (3104 3072 192 ) (3104 3072 704 ) (3104 4096 704 ) (3104 4096 192 ) 
4 13 17 (3104 4096 -384 ) (3104 3072 -384 ) (3104 3072 64 ) (3104 4096 64 ) 
4 14 26 (3072 4096 704 ) (3072 4096 192 ) (3072 3072 192 ) (3072 3072 704 ) 
4 14 19 (3104 3072 704 ) (3072 3072 704 ) (3072 3072 192 ) (3104 3072 192 ) 
4 14 15 (3072 4096 192 ) (3104 4096 192 ) (3104 3168 192 ) (3072 3200 192 ) 
3 14 16 (3104 3104 192 ) (3104 3072 192 ) (3072 3072 192 ) 
4 15 28 (3072 3456 64 ) (3072 3232 64 ) (3072 3232 192 ) (3072 3456 192 ) 
4 15 27 (3072 4096 192 ) (3072 4096 64 ) (3072 3456 64 ) (3072 3456 192 ) 
4 15 17 (3072 3200 64 ) (3072 4096 64 ) (3104 4096 64 ) (3104 3168 64 ) 
4 16 20 (3072 3072 192 ) (3072 3072 64 ) (3104 3072 64 ) (3104 3072 192 ) 
3 16 17 (3072 3072 64 ) (3104 3104 64 ) (3104 3072 64 ) 
4 17 55 (3072 4096 0 ) (3072 4096 -384 ) (3072 3072 -384 ) (3072 3072 0 ) 
4 17 53 (3072 3584 0 ) (3072 3200 0 ) (3072 3200 64 ) (3072 3584 64 ) 
4 17 51 (3072 4096 64 ) (3072 4096 0 ) (3072 3584 0 ) (3072 3584 64 ) 
4 17 25 (3072 3072 64 ) (3072 3072 -384 ) (3104 3072 -384 ) (3104 3072 64 ) 
4 18 246 (3520 2048 704 ) (3104 2048 704 ) (3104 2048 64 ) (3520 2048 64 ) 
4 18 25 (3520 2048 64 ) (3104 2048 64 ) (3104 3072 64 ) (3520 3072 64 ) 
4 18 23 (3104 2336 64 ) (3104 2272 64 ) (3104 2272 192 ) (3104 2336 192 ) 
4 18 24 (3104 2080 64 ) (3104 2048 64 ) (3104 2048 192 ) (3104 2080 192 ) 
4 18 22 (3104 2592 64 ) (3104 2528 64 ) (3104 2528 192 ) (3104 2592 192 ) 
4 18 21 (3104 2848 64 ) (3104 2784 64 ) (3104 2784 192 ) (3104 2848 192 ) 
4 18 20 (3104 3072 192 ) (3104 3072 64 ) (3104 3040 64 ) (3104 3040 192 ) 
4 18 19 (3104 3072 704 ) (3104 3072 192 ) (3104 2048 192 ) (3104 2048 704 ) 
4 19 247 (3072 2048 704 ) (3072 2048 192 ) (3104 2048 192 ) (3104 2048 704 ) 
4 19 98 (3072 2048 192 ) (3072 2048 704 ) (3072 3072 704 ) (3072 3072 192 ) 
3 19 23 (3104 2336 192 ) (3104 2272 192 ) (3072 2304 192 ) 
3 19 24 (3104 2080 192 ) (3104 2048 192 ) (3072 2048 192 ) 
3 19 22 (3104 2592 192 ) (3104 2528 192 ) (3072 2560 192 ) 
3 19 21 (3104 2848 192 ) (3104 2784 192 ) (3072 2816 192 ) 
3 19 20 (3104 3072 192 ) (3104 3040 192 ) (3072 3072 192 ) 
3 20 25 (3072 3072 64 ) (3104 3072 64 ) (3104 3040 64 ) 
3 21 25 (3072 2816 64 ) (3104 2848 64 ) (3104 2784 64 ) 
3 22 25 (3072 2560 64 ) (3104 2592 64 ) (3104 2528 64 ) 
3 23 25 (3072 2304 64 ) (3104 2336 64 ) (3104 2272 64 ) 
4 24 250 (3072 2048 192 ) (3072 2048 64 ) (3104 2048 64 ) (3104 2048 192 ) 
3 24 25 (3104 2048 64 ) (3072 2048 64 ) (3104 2080 64 ) 
4 25 251 (3104 2048 64 ) (3072 2048 64 ) (3072 2048 -384 ) (3104 2048 -384 ) 
4 25 246 (3520 2048 64 ) (3104 2048 64 ) (3104 2048 -384 ) (3520 2048 -384 ) 
4 25 119 (3072 2048 -384 ) (3072 2048 0 ) (3072 3072 0 ) (3072 3072 -384 ) 
4 26 98 (3072 3072 192 ) (3072 3072 704 ) (2048 3072 704 ) (2048 3072 192 ) 
4 26 56 (2048 4096 704 ) (2048 4096 192 ) (2048 3072 192 ) (2048 3072 704 ) 
3 26 49 (2336 3104 192 ) (2336 3072 192 ) (2304 3072 192 ) 
3 26 48 (2304 3328 192 ) (2336 3328 192 ) (2336 3296 192 ) 
4 26 47 (2336 3328 192 ) (2432 3328 192 ) (2432 3072 192 ) (2336 3072 192 ) 
4 26 50 (2048 3072 192 ) (2048 3328 192 ) (2304 3328 192 ) (2304 3072 192 ) 
3 26 46 (2432 3424 192 ) (2432 3328 192 ) (2336 3328 192 ) 
5 26 45 (2048 3840 192 ) (2048 4096 192 ) (2176 4096 192 ) (2368 3904 192 ) (2176 3712 192 ) 
3 26 44 (2048 3616 192 ) (2048 3808 192 ) (2144 3712 192 ) 
6 26 43 (2048 3328 192 ) (2048 3584 192 ) (2368 3904 192 ) (2432 3840 192 ) (2432 3456 192 ) (2304 3328 192 ) 
3 26 42 (2208 4096 192 ) (2432 4096 192 ) (2432 3872 192 ) 
4 26 40 (2560 3712 192 ) (2560 3328 192 ) (2432 3456 192 ) (2432 3840 192 ) 
3 26 39 (2528 3328 192 ) (2432 3328 192 ) (2432 3424 192 ) 
3 26 38 (2560 3840 192 ) (2560 3744 192 ) (2464 3840 192 ) 
4 26 41 (2560 3328 192 ) (2560 3072 192 ) (2432 3072 192 ) (2432 3328 192 ) 
4 26 37 (2432 4096 192 ) (2560 4096 192 ) (2560 3840 192 ) (2432 3840 192 ) 
3 26 35 (2816 3200 192 ) (2816 3072 192 ) (2688 3200 192 ) 
3 26 34 (2784 3072 192 ) (2688 3072 192 ) (2688 3168 192 ) 
4 26 36 (2688 3072 192 ) (2560 3072 192 ) (2560 3200 192 ) (2688 3200 192 ) 
3 26 33 (2656 3200 192 ) (2560 3200 192 ) (2560 3296 192 ) 
3 26 31 (2816 3712 192 ) (2816 3488 192 ) (2592 3712 192 ) 
5 26 32 (2816 3456 192 ) (2816 3200 192 ) (2688 3200 192 ) (2560 3328 192 ) (2560 3712 192 ) 
4 26 30 (2560 4096 192 ) (2816 4096 192 ) (2816 3712 192 ) (2560 3712 192 ) 
3 26 28 (3072 3456 192 ) (3072 3232 192 ) (2848 3456 192 ) 
4 26 29 (3072 3200 192 ) (3072 3072 192 ) (2816 3072 192 ) (2816 3456 192 ) 
4 26 27 (2816 4096 192 ) (3072 4096 192 ) (3072 3456 192 ) (2816 3456 192 ) 
4 27 53 (2816 3456 64 ) (2816 3584 64 ) (3072 3584 64 ) (3072 3456 64 ) 
4 27 51 (2816 3584 64 ) (2816 4096 64 ) (3072 4096 64 ) (3072 3584 64 ) 
4 27 31 (2816 3712 64 ) (2816 3488 64 ) (2816 3488 192 ) (2816 3712 192 ) 
4 27 30 (2816 4096 64 ) (2816 3712 64 ) (2816 3712 192 ) (2816 4096 192 ) 
4 27 28 (2848 3456 64 ) (3072 3456 64 ) (3072 3456 192 ) (2848 3456 192 ) 
3 28 53 (2848 3456 64 ) (3072 3456 64 ) (3072 3232 64 ) 
4 29 99 (3072 3072 64 ) (3072 3072 192 ) (2816 3072 192 ) (2816 3072 64 ) 
4 29 35 (2816 3200 64 ) (2816 3072 64 ) (2816 3072 192 ) (2816 3200 192 ) 
4 29 32 (2816 3456 64 ) (2816 3200 64 ) (2816 3200 192 ) (2816 3456 192 ) 
4 30 51 (2560 3712 64 ) (2560 4096 64 ) (2816 4096 64 ) (2816 3712 64 ) 
4 30 38 (2560 3840 64 ) (2560 3744 64 ) (2560 3744 192 ) (2560 3840 192 ) 
4 30 37 (2560 4096 64 ) (2560 3840 64 ) (2560 3840 192 ) (2560 4096 192 ) 
4 30 31 (2592 3712 64 ) (2816 3712 64 ) (2816 3712 192 ) (2592 3712 192 ) 
3 31 53 (2816 3584 64 ) (2816 3488 64 ) (2720 3584 64 ) 
4 31 51 (2592 3712 64 ) (2816 3712 64 ) (2816 3584 64 ) (2720 3584 64 ) 
4 32 40 (2560 3712 64 ) (2560 3328 64 ) (2560 3328 192 ) (2560 3712 192 ) 
4 32 35 (2688 3200 64 ) (2816 3200 64 ) (2816 3200 192 ) (2688 3200 192 ) 
3 33 54 (2560 3200 64 ) (2560 3296 64 ) (2656 3200 64 ) 
4 33 41 (2560 3296 64 ) (2560 3200 64 ) (2560 3200 192 ) (2560 3296 192 ) 
4 33 36 (2560 3200 192 ) (2560 3200 64 ) (2656 3200 64 ) (2656 3200 192 ) 
4 34 101 (2784 3072 192 ) (2688 3072 192 ) (2688 3072 64 ) (2784 3072 64 ) 
3 34 54 (2784 3072 64 ) (2688 3072 64 ) (2688 3168 64 ) 
4 34 36 (2688 3168 64 ) (2688 3072 64 ) (2688 3072 192 ) (2688 3168 192 ) 
4 36 101 (2688 3072 192 ) (2560 3072 192 ) (2560 3072 64 ) (2688 3072 64 ) 
4 36 54 (2688 3072 64 ) (2560 3072 64 ) (2560 3200 64 ) (2688 3200 64 ) 
4 36 41 (2560 3200 64 ) (2560 3072 64 ) (2560 3072 192 ) (2560 3200 192 ) 
4 37 51 (2432 3840 64 ) (2432 4096 64 ) (2560 4096 64 ) (2560 3840 64 ) 
4 37 42 (2432 4096 64 ) (2432 3872 64 ) (2432 3872 192 ) (2432 4096 192 ) 
4 37 38 (2464 3840 64 ) (2560 3840 64 ) (2560 3840 192 ) (2464 3840 192 ) 
3 38 51 (2464 3840 64 ) (2560 3840 64 ) (2560 3744 64 ) 
3 39 54 (2432 3328 64 ) (2432 3424 64 ) (2528 3328 64 ) 
4 39 46 (2432 3424 64 ) (2432 3328 64 ) (2432 3328 192 ) (2432 3424 192 ) 
4 39 41 (2432 3328 192 ) (2432 3328 64 ) (2528 3328 64 ) (2528 3328 192 ) 
4 40 43 (2432 3840 64 ) (2432 3456 64 ) (2432 3456 192 ) (2432 3840 192 ) 
4 41 101 (2560 3072 192 ) (2432 3072 192 ) (2432 3072 64 ) (2560 3072 64 ) 
4 41 54 (2560 3072 64 ) (2432 3072 64 ) (2432 3328 64 ) (2560 3328 64 ) 
4 41 47 (2432 3328 64 ) (2432 3072 64 ) (2432 3072 192 ) (2432 3328 192 ) 
3 42 51 (2208 4096 64 ) (2432 4096 64 ) (2432 3872 64 ) 
4 43 68 (2048 3584 64 ) (2048 3328 64 ) (2048 3328 192 ) (2048 3584 192 ) 
4 43 50 (2048 3328 64 ) (2304 3328 64 ) (2304 3328 192 ) (2048 3328 192 ) 
4 43 45 (2368 3904 192 ) (2368 3904 64 ) (2176 3712 64 ) (2176 3712 192 ) 
4 44 63 (2048 3808 64 ) (2048 3616 64 ) (2048 3616 192 ) (2048 3808 192 ) 
3 44 52 (2048 3616 64 ) (2048 3808 64 ) (2144 3712 64 ) 
4 45 59 (2048 4096 192 ) (2048 4096 64 ) (2048 3840 64 ) (2048 3840 192 ) 
3 46 54 (2432 3424 64 ) (2432 3328 64 ) (2336 3328 64 ) 
4 46 47 (2336 3328 64 ) (2432 3328 64 ) (2432 3328 192 ) (2336 3328 192 ) 
4 47 101 (2432 3072 192 ) (2336 3072 192 ) (2336 3072 64 ) (2432 3072 64 ) 
4 47 54 (2432 3072 64 ) (2336 3072 64 ) (2336 3328 64 ) (2432 3328 64 ) 
4 47 49 (2336 3104 64 ) (2336 3072 64 ) (2336 3072 192 ) (2336 3104 192 ) 
4 47 48 (2336 3328 192 ) (2336 3328 64 ) (2336 3296 64 ) (2336 3296 192 ) 
3 48 54 (2304 3328 64 ) (2336 3328 64 ) (2336 3296 64 ) 
4 49 102 (2336 3072 192 ) (2304 3072 192 ) (2304 3072 64 ) (2336 3072 64 ) 
3 49 54 (2336 3072 64 ) (2304 3072 64 ) (2336 3104 64 ) 
4 50 79 (2048 3328 64 ) (2048 3072 64 ) (2048 3072 192 ) (2048 3328 192 ) 
4 51 55 (2176 4096 0 ) (3072 4096 0 ) (3072 3584 0 ) (2688 3584 0 ) 
4 51 53 (2688 3584 0 ) (3072 3584 0 ) (3072 3584 64 ) (2688 3584 64 ) 
4 52 94 (2048 3840 0 ) (2048 3584 0 ) (2048 3584 64 ) (2048 3840 64 ) 
3 52 55 (2048 3584 0 ) (2048 3840 0 ) (2176 3712 0 ) 
3 53 55 (2688 3584 0 ) (3072 3584 0 ) (3072 3200 0 ) 
4 54 117 (2816 3072 64 ) (2304 3072 64 ) (2304 3072 0 ) (2816 3072 0 ) 
4 54 55 (2432 3456 0 ) (2816 3072 0 ) (2304 3072 0 ) (2304 3328 0 ) 
4 55 119 (3072 3072 -384 ) (3072 3072 0 ) (2048 3072 0 ) (2048 3072 -384 ) 
4 55 97 (2048 4096 0 ) (2048 4096 -384 ) (2048 3072 -384 ) (2048 3072 0 ) 
4 56 182 (1024 3072 192 ) (1024 3072 704 ) (1024 4096 704 ) (1024 4096 192 ) 
4 56 120 (2048 3072 192 ) (2048 3072 704 ) (1024 3072 704 ) (1024 3072 192 ) 
3 56 92 (1024 3328 192 ) (1056 3328 192 ) (1056 3296 192 ) 
3 56 91 (1056 3072 192 ) (1024 3072 192 ) (1056 3104 192 ) 
4 56 90 (1280 3072 192 ) (1056 3072 192 ) (1056 3328 192 ) (1280 3328 192 ) 
3 56 88 (1280 3328 192 ) (1408 3328 192 ) (1408 3200 192 ) 
3 56 87 (1280 3200 192 ) (1280 3296 192 ) (1376 3200 192 ) 
4 56 89 (1408 3072 192 ) (1280 3072 192 ) (1280 3200 192 ) (1408 3200 192 ) 
6 56 86 (1664 3072 192 ) (1536 3072 192 ) (1408 3200 192 ) (1408 3328 192 ) (1536 3328 192 ) (1664 3200 192 ) 
3 56 85 (1504 3072 192 ) (1408 3072 192 ) (1408 3168 192 ) 
3 56 84 (1568.007324 3328 192 ) (1664 3328 192 ) (1664 3232.007080 192 ) 
3 56 83 (1792 3072 192 ) (1664 3072 192 ) (1664 3200 192 ) 
3 56 82 (1664 3200 192 ) (1664 3232.007080 192 ) (1696.007080 3200 192 ) 
3 56 80 (1760 3328 192 ) (1792 3328 192 ) (1760 3296 192 ) 
4 56 81 (1664 3232.007080 192 ) (1664 3328 192 ) (1760 3328 192 ) (1760 3136.006836 192 ) 
4 56 79 (2048 3072 192 ) (1792 3072 192 ) (1792 3328 192 ) (2048 3328 192 ) 
5 56 78 (1024 3584 192 ) (1280 3584 192 ) (1408 3456 192 ) (1408 3328 192 ) (1280 3328 192 ) 
3 56 77 (1312.006836 3584 192 ) (1408 3584 192 ) (1408 3488.006836 192 ) 
3 56 76 (1024 3328 192 ) (1024 3584 192 ) (1152 3456 192 ) 
3 56 75 (1248 3328 192 ) (1056 3328 192 ) (1152 3424 192 ) 
3 56 74 (1536 3328 192 ) (1408 3328 192 ) (1408 3456 192 ) 
3 56 73 (1536 3456 192 ) (1536 3360.006836 192 ) (1440.006958 3456 192 ) 
4 56 72 (1408 3584 192 ) (1536 3584 192 ) (1536 3456 192 ) (1408 3456 192 ) 
4 56 71 (1536 3584 192 ) (1760 3584 192 ) (1760 3328 192 ) (1536 3328 192 ) 
3 56 69 (1792 3328 192 ) (1760 3328 192 ) (1760 3360 192 ) 
3 56 70 (1760 3584 192 ) (1792 3584 192 ) (1760 3552 192 ) 
4 56 68 (1792 3584 192 ) (2048 3584 192 ) (2048 3328 192 ) (1792 3328 192 ) 
4 56 67 (1024 3584 192 ) (1024 3840 192 ) (1536 3840 192 ) (1280 3584 192 ) 
3 56 66 (1536 3808 192 ) (1536 3584 192 ) (1312 3584 192 ) 
3 56 64 (2048 3616 192 ) (2048 3584 192 ) (2016 3616 192 ) 
4 56 65 (1792 3584 192 ) (1536 3584 192 ) (1536 3616 192 ) (1824 3616 192 ) 
4 56 63 (2048 3808 192 ) (2048 3616 192 ) (1536 3616 192 ) (1536 3808 192 ) 
3 56 61 (1792 3840 192 ) (1824 3808 192 ) (1760 3808 192 ) 
3 56 62 (1536 3840 192 ) (1568 3808 192 ) (1536 3808 192 ) 
3 56 60 (2048 3840 192 ) (2048 3808 192 ) (2016 3808 192 ) 
4 56 59 (1024 3840 192 ) (1280 4096 192 ) (2048 4096 192 ) (2048 3840 192 ) 
3 56 58 (1024 4096 192 ) (1056 4096 192 ) (1056 4064 192 ) 
3 56 57 (1056 4096 192 ) (1248 4096 192 ) (1056 3904 192 ) 
3 57 93 (1056 4096 64 ) (1248 4096 64 ) (1056 3904 64 ) 
4 57 58 (1056 4096 64 ) (1056 4064 64 ) (1056 4064 192 ) (1056 4096 192 ) 
3 58 93 (1024 4096 64 ) (1056 4096 64 ) (1056 4064 64 ) 
4 59 67 (1024 3840 64 ) (1536 3840 64 ) (1536 3840 192 ) (1024 3840 192 ) 
3 60 94 (2048 3840 64 ) (2048 3808 64 ) (2016 3808 64 ) 
4 60 63 (2016 3808 64 ) (2048 3808 64 ) (2048 3808 192 ) (2016 3808 192 ) 
3 61 94 (1824 3808 64 ) (1760 3808 64 ) (1792 3840 64 ) 
4 61 63 (1760 3808 64 ) (1824 3808 64 ) (1824 3808 192 ) (1760 3808 192 ) 
3 62 94 (1568 3808 64 ) (1536 3808 64 ) (1536 3840 64 ) 
4 62 63 (1536 3808 192 ) (1536 3808 64 ) (1568 3808 64 ) (1568 3808 192 ) 
4 63 94 (2048 3808 64 ) (2048 3616 64 ) (1536 3616 64 ) (1536 3808 64 ) 
4 63 66 (1536 3808 64 ) (1536 3616 64 ) (1536 3616 192 ) (1536 3808 192 ) 
4 63 64 (2016 3616 64 ) (2048 3616 64 ) (2048 3616 192 ) (2016 3616 192 ) 
4 63 65 (1536 3616 192 ) (1536 3616 64 ) (1824 3616 64 ) (1824 3616 192 ) 
3 64 94 (2048 3616 64 ) (2048 3584 64 ) (2016 3616 64 ) 
4 65 94 (1792 3584 64 ) (1536 3584 64 ) (1536 3616 64 ) (1824 3616 64 ) 
4 65 71 (1536 3584 64 ) (1760 3584 64 ) (1760 3584 192 ) (1536 3584 192 ) 
4 65 70 (1760 3584 64 ) (1792 3584 64 ) (1792 3584 192 ) (1760 3584 192 ) 
4 65 66 (1536 3616 64 ) (1536 3584 64 ) (1536 3584 192 ) (1536 3616 192 ) 
3 66 94 (1536 3584 64 ) (1312 3584 64 ) (1536 3808 64 ) 
4 66 77 (1312 3584 64 ) (1408 3584 64 ) (1408 3584 192 ) (1312 3584 192 ) 
4 66 72 (1408 3584 64 ) (1536 3584 64 ) (1536 3584 192 ) (1408 3584 192 ) 
4 67 183 (1024 3584 192 ) (1024 3840 192 ) (1024 3840 64 ) (1024 3584 64 ) 
4 67 78 (1024 3584 64 ) (1280 3584 64 ) (1280 3584 192 ) (1024 3584 192 ) 
4 68 79 (1792 3328 64 ) (2048 3328 64 ) (2048 3328 192 ) (1792 3328 192 ) 
3 69 95 (1792 3328 64 ) (1760 3328 64 ) (1760 3360 64 ) 
4 69 80 (1760 3328 64 ) (1792 3328 64 ) (1792 3328 192 ) (1760 3328 192 ) 
4 69 71 (1760 3360 64 ) (1760 3328 64 ) (1760 3328 192 ) (1760 3360 192 ) 
3 70 95 (1760 3552 64 ) (1760 3584 64 ) (1792 3584 64 ) 
4 70 71 (1760 3584 192 ) (1760 3584 64 ) (1760 3552 64 ) (1760 3552 192 ) 
4 71 95 (1760 3328 64 ) (1536 3328 64 ) (1536 3584 64 ) (1760 3584 64 ) 
4 71 84 (1568.006958 3328 64 ) (1664 3328 64 ) (1664 3328 192 ) (1568.006958 3328 192 ) 
4 71 81 (1664 3328 64 ) (1760 3328 64 ) (1760 3328 192 ) (1664 3328 192 ) 
4 71 73 (1536 3456 64 ) (1536 3360.006836 64 ) (1536 3360.006836 192 ) (1536 3456 192 ) 
4 71 72 (1536 3584 192 ) (1536 3584 64 ) (1536 3456 64 ) (1536 3456 192 ) 
4 72 95 (1408 3456 64 ) (1408 3584 64 ) (1536 3584 64 ) (1536 3456 64 ) 
4 72 77 (1408 3584 192 ) (1408 3584 64 ) (1408 3488.006836 64 ) (1408 3488.006836 192 ) 
4 72 73 (1440.006958 3456 64 ) (1536 3456 64 ) (1536 3456 192 ) (1440.006958 3456 192 ) 
3 73 95 (1440.006958 3456 64 ) (1536 3456 64 ) (1536 3360.006836 64 ) 
4 74 86 (1408 3328 64 ) (1536 3328 64 ) (1536 3328 192 ) (1408 3328 192 ) 
4 74 78 (1408 3456 64 ) (1408 3328 64 ) (1408 3328 192 ) (1408 3456 192 ) 
3 75 96 (1248 3328 64 ) (1056 3328 64 ) (1152 3424 64 ) 
4 75 90 (1056 3328 64 ) (1248 3328 64 ) (1248 3328 192 ) (1056 3328 192 ) 
4 76 183 (1024 3328 192 ) (1024 3584 192 ) (1024 3584 64 ) (1024 3328 64 ) 
4 76 78 (1152 3456 64 ) (1024 3584 64 ) (1024 3584 192 ) (1152 3456 192 ) 
3 77 95 (1312.006836 3584 64 ) (1408 3584 64 ) (1408 3488.006836 64 ) 
4 78 88 (1280 3328 64 ) (1408 3328 64 ) (1408 3328 192 ) (1280 3328 192 ) 
3 80 95 (1760 3328 64 ) (1792 3328 64 ) (1760 3296 64 ) 
4 80 81 (1760 3328 192 ) (1760 3328 64 ) (1760 3296 64 ) (1760 3296 192 ) 
4 81 95 (1664 3232.007080 64 ) (1664 3328 64 ) (1760 3328 64 ) (1760 3136.006836 64 ) 
4 81 84 (1664 3328 192 ) (1664 3328 64 ) (1664 3232.007080 64 ) (1664 3232.007080 192 ) 
4 81 82 (1664 3232.005859 192 ) (1664 3232.005859 64 ) (1696.005859 3200 64 ) (1696.005859 3200 192 ) 
3 82 95 (1664 3200 64 ) (1664 3232.007080 64 ) (1696.007080 3200 64 ) 
4 83 124 (1792 3072 192 ) (1664 3072 192 ) (1664 3072 64 ) (1792 3072 64 ) 
4 83 86 (1664 3200 64 ) (1664 3072 64 ) (1664 3072 192 ) (1664 3200 192 ) 
3 84 95 (1568.007324 3328 64 ) (1664 3328 64 ) (1664 3232.007080 64 ) 
4 85 125 (1504 3072 192 ) (1408 3072 192 ) (1408 3072 64 ) (1504 3072 64 ) 
3 85 96 (1504 3072 64 ) (1408 3072 64 ) (1408 3168 64 ) 
4 85 89 (1408 3168 64 ) (1408 3072 64 ) (1408 3072 192 ) (1408 3168 192 ) 
4 86 124 (1664 3072 192 ) (1536 3072 192 ) (1536 3072 64 ) (1664 3072 64 ) 
4 86 88 (1408 3328 192 ) (1408 3328 64 ) (1408 3200 64 ) (1408 3200 192 ) 
3 87 96 (1280 3200 64 ) (1280 3296 64 ) (1376 3200 64 ) 
4 87 90 (1280 3296 64 ) (1280 3200 64 ) (1280 3200 192 ) (1280 3296 192 ) 
4 87 89 (1280 3200 192 ) (1280 3200 64 ) (1376 3200 64 ) (1376 3200 192 ) 
4 89 125 (1408 3072 192 ) (1280 3072 192 ) (1280 3072 64 ) (1408 3072 64 ) 
4 89 96 (1408 3072 64 ) (1280 3072 64 ) (1280 3200 64 ) (1408 3200 64 ) 
4 89 90 (1280 3200 64 ) (1280 3072 64 ) (1280 3072 192 ) (1280 3200 192 ) 
4 90 125 (1280 3072 192 ) (1056 3072 192 ) (1056 3072 64 ) (1280 3072 64 ) 
4 90 96 (1280 3072 64 ) (1056 3072 64 ) (1056 3328 64 ) (1280 3328 64 ) 
4 90 92 (1056 3328 192 ) (1056 3328 64 ) (1056 3296 64 ) (1056 3296 192 ) 
4 90 91 (1056 3104 64 ) (1056 3072 64 ) (1056 3072 192 ) (1056 3104 192 ) 
4 91 126 (1056 3072 192 ) (1024 3072 192 ) (1024 3072 64 ) (1056 3072 64 ) 
3 91 96 (1056 3072 64 ) (1024 3072 64 ) (1056 3104 64 ) 
3 92 96 (1024 3328 64 ) (1056 3328 64 ) (1056 3296 64 ) 
3 93 97 (1024 3840 0 ) (1024 4096 0 ) (1280 4096 0 ) 
4 94 97 (1536 3840 0 ) (2048 3840 0 ) (2048 3584 0 ) (1280 3584 0 ) 
4 94 95 (1280 3584 0 ) (1792 3584 0 ) (1792 3584 64 ) (1280 3584 64 ) 
3 95 97 (1792 3072 0 ) (1280 3584 0 ) (1792 3584 0 ) 
4 96 166 (1536 3072 64 ) (1024 3072 64 ) (1024 3072 0 ) (1536 3072 0 ) 
4 96 97 (1536 3072 0 ) (1024 3072 0 ) (1024 3328 0 ) (1152 3456 0 ) 
4 97 196 (1024 3072 -384 ) (1024 3072 0 ) (1024 4096 0 ) (1024 4096 -384 ) 
4 97 167 (2048 3072 -384 ) (2048 3072 0 ) (1024 3072 0 ) (1024 3072 -384 ) 
4 98 253 (3072 2048 192 ) (3072 2048 704 ) (2048 2048 704 ) (2048 2048 192 ) 
4 98 120 (2048 3072 704 ) (2048 3072 192 ) (2048 2048 192 ) (2048 2048 704 ) 
3 98 115 (2816 2048 192 ) (2784 2048 192 ) (2784 2080 192 ) 
3 98 114 (2784 2528 192 ) (2784 2592 192 ) (2816 2560 192 ) 
3 98 113 (2784 2784 192 ) (2784 2816 192 ) (2816 2816 192 ) 
3 98 112 (2784 2272 192 ) (2784 2336 192 ) (2816 2304 192 ) 
4 98 111 (3072 2048 192 ) (2816 2048 192 ) (2816 2816 192 ) (3072 2816 192 ) 
4 98 116 (2784 2048 192 ) (2048 2048 192 ) (2048 2816 192 ) (2784 2816 192 ) 
3 98 109 (2048 2944 192 ) (2048 2976 192 ) (2080 2976 192 ) 
3 98 108 (2144 2976 192 ) (2208 2976 192 ) (2176 2944 192 ) 
3 98 107 (2272 2976 192 ) (2304 2976 192 ) (2304 2944 192 ) 
4 98 110 (2048 2816 192 ) (2048 2944 192 ) (2304 2944 192 ) (2304 2816 192 ) 
3 98 104 (2304 3072 192 ) (2304 3040 192 ) (2272 3040 192 ) 
3 98 105 (2048 3040 192 ) (2048 3072 192 ) (2080 3040 192 ) 
4 98 106 (2048 2976 192 ) (2048 3040 192 ) (2304 3040 192 ) (2304 2976 192 ) 
3 98 103 (2560 2816 192 ) (2528 2848 192 ) (2592 2848 192 ) 
4 98 102 (2304 3072 192 ) (2336 3072 192 ) (2336 2912 192 ) (2304 2944 192 ) 
4 98 101 (2336 3072 192 ) (2784 3072 192 ) (2784 2848 192 ) (2336 2848 192 ) 
3 98 100 (2784 3072 192 ) (2816 3072 192 ) (2784 3040 192 ) 
4 98 99 (2816 3072 192 ) (3072 3072 192 ) (3072 2816 192 ) (2816 2816 192 ) 
4 99 111 (2816 2816 64 ) (3072 2816 64 ) (3072 2816 192 ) (2816 2816 192 ) 
3 100 117 (2784 3072 64 ) (2816 3072 64 ) (2784 3040 64 ) 
4 100 101 (2784 3072 64 ) (2784 3040 64 ) (2784 3040 192 ) (2784 3072 192 ) 
4 101 117 (2336 3072 64 ) (2784 3072 64 ) (2784 2848 64 ) (2336 2848 64 ) 
4 101 103 (2528 2848 64 ) (2592 2848 64 ) (2592 2848 192 ) (2528 2848 192 ) 
4 101 102 (2336 3072 64 ) (2336 2912 64 ) (2336 2912 192 ) (2336 3072 192 ) 
4 102 117 (2304 3072 64 ) (2336 3072 64 ) (2336 2912 64 ) (2304 2944 64 ) 
4 102 107 (2304 2976 64 ) (2304 2944 64 ) (2304 2944 192 ) (2304 2976 192 ) 
4 102 104 (2304 3072 64 ) (2304 3040 64 ) (2304 3040 192 ) (2304 3072 192 ) 
4 102 106 (2304 3040 64 ) (2304 2976 64 ) (2304 2976 192 ) (2304 3040 192 ) 
3 103 117 (2560 2816 64 ) (2528 2848 64 ) (2592 2848 64 ) 
3 104 118 (2304 3072 64 ) (2304 3040 64 ) (2272 3040 64 ) 
4 104 106 (2272 3040 64 ) (2304 3040 64 ) (2304 3040 192 ) (2272 3040 192 ) 
4 105 127 (2048 3072 192 ) (2048 3072 64 ) (2048 3040 64 ) (2048 3040 192 ) 
3 105 118 (2048 3072 64 ) (2080 3040 64 ) (2048 3040 64 ) 
4 105 106 (2048 3040 64 ) (2080 3040 64 ) (2080 3040 192 ) (2048 3040 192 ) 
4 106 127 (2048 3040 64 ) (2048 2976 64 ) (2048 2976 192 ) (2048 3040 192 ) 
4 106 118 (2304 3040 64 ) (2304 2976 64 ) (2048 2976 64 ) (2048 3040 64 ) 
4 106 109 (2048 2976 64 ) (2080 2976 64 ) (2080 2976 192 ) (2048 2976 192 ) 
4 106 108 (2144 2976 64 ) (2208 2976 64 ) (2208 2976 192 ) (2144 2976 192 ) 
4 106 107 (2272 2976 64 ) (2304 2976 64 ) (2304 2976 192 ) (2272 2976 192 ) 
3 107 118 (2304 2976 64 ) (2304 2944 64 ) (2272 2976 64 ) 
3 108 118 (2176 2944 64 ) (2144 2976 64 ) (2208 2976 64 ) 
4 109 128 (2048 2976 64 ) (2048 2944 64 ) (2048 2944 192 ) (2048 2976 192 ) 
3 109 118 (2048 2944 64 ) (2048 2976 64 ) (2080 2976 64 ) 
4 110 130 (2048 2944 64 ) (2048 2816 64 ) (2048 2816 192 ) (2048 2944 192 ) 
4 110 116 (2048 2816 64 ) (2304 2816 64 ) (2304 2816 192 ) (2048 2816 192 ) 
4 111 254 (3072 2048 64 ) (3072 2048 192 ) (2816 2048 192 ) (2816 2048 64 ) 
4 112 116 (2784 2336 64 ) (2784 2272 64 ) (2784 2272 192 ) (2784 2336 192 ) 
4 113 116 (2784 2816 192 ) (2784 2816 64 ) (2784 2784 64 ) (2784 2784 192 ) 
4 114 116 (2784 2592 64 ) (2784 2528 64 ) (2784 2528 192 ) (2784 2592 192 ) 
4 115 255 (2816 2048 192 ) (2784 2048 192 ) (2784 2048 64 ) (2816 2048 64 ) 
4 115 116 (2784 2080 64 ) (2784 2048 64 ) (2784 2048 192 ) (2784 2080 192 ) 
4 116 257 (2784 2048 192 ) (2048 2048 192 ) (2048 2048 64 ) (2784 2048 64 ) 
4 116 152 (2048 2304 64 ) (2048 2048 64 ) (2048 2048 192 ) (2048 2304 192 ) 
4 116 142 (2048 2560 64 ) (2048 2304 64 ) (2048 2304 192 ) (2048 2560 192 ) 
4 116 133 (2048 2784 64 ) (2048 2560 64 ) (2048 2560 192 ) (2048 2784 192 ) 
4 117 119 (2304 3072 0 ) (2816 3072 0 ) (2816 2816 0 ) (2304 2816 0 ) 
4 117 118 (2304 3072 0 ) (2304 2944 0 ) (2304 2944 64 ) (2304 3072 64 ) 
4 118 163 (2048 3072 64 ) (2048 3072 0 ) (2048 2944 0 ) (2048 2944 64 ) 
4 118 119 (2048 2944 0 ) (2048 3072 0 ) (2304 3072 0 ) (2304 2944 0 ) 
4 119 276 (3072 2048 -384 ) (3072 2048 0 ) (2048 2048 0 ) (2048 2048 -384 ) 
4 119 167 (2048 3072 0 ) (2048 3072 -384 ) (2048 2048 -384 ) (2048 2048 0 ) 
4 120 277 (2048 2048 192 ) (2048 2048 704 ) (1024 2048 704 ) (1024 2048 192 ) 
4 120 207 (1024 2048 192 ) (1024 2048 704 ) (1024 3072 704 ) (1024 3072 192 ) 
3 120 161 (1024 2304 192 ) (1056 2304 192 ) (1056 2272 192 ) 
3 120 162 (1056 2048 192 ) (1024 2048 192 ) (1056 2080 192 ) 
3 120 158 (1280 2304 192 ) (1408 2304 192 ) (1408 2176 192 ) 
3 120 157 (1280 2176 192 ) (1280 2272 192 ) (1376 2176 192 ) 
4 120 159 (1408 2048 192 ) (1280 2048 192 ) (1280 2176 192 ) (1408 2176 192 ) 
4 120 160 (1280 2048 192 ) (1056 2048 192 ) (1056 2304 192 ) (1280 2304 192 ) 
5 120 156 (1792 2048 192 ) (1536 2048 192 ) (1408 2176 192 ) (1408 2304 192 ) (1792 2304 192 ) 
3 120 155 (1504 2048 192 ) (1408 2048 192 ) (1408 2144 192 ) 
3 120 154 (1824 2048 192 ) (1792 2048 192 ) (1824 2080 192 ) 
3 120 153 (1792 2304 192 ) (1824 2304 192 ) (1824 2272 192 ) 
4 120 152 (2048 2048 192 ) (1824 2048 192 ) (1824 2304 192 ) (2048 2304 192 ) 
3 120 150 (1024 2560 192 ) (1152 2560 192 ) (1152 2432 192 ) 
3 120 151 (1152 2432 192 ) (1152 2400 192 ) (1120 2432 192 ) 
5 120 149 (1152 2560 192 ) (1280 2560 192 ) (1536 2304 192 ) (1280 2304 192 ) (1152 2432 192 ) 
3 120 148 (1024 2304 192 ) (1056 2336 192 ) (1056 2304 192 ) 
3 120 147 (1056 2496 192 ) (1248 2304 192 ) (1056 2304 192 ) 
3 120 146 (1312 2560 192 ) (1408 2560 192 ) (1408 2464 192 ) 
3 120 145 (1504 2432 192 ) (1504 2368 192 ) (1440 2432 192 ) 
4 120 144 (1408 2560 192 ) (1504 2560 192 ) (1504 2432 192 ) (1408 2432 192 ) 
3 120 143 (1504 2560 192 ) (1536 2560 192 ) (1504 2528 192 ) 
4 120 142 (1536 2560 192 ) (2048 2560 192 ) (2048 2304 192 ) (1536 2304 192 ) 
4 120 141 (1024 2560 192 ) (1024 2816 192 ) (1152 2688 192 ) (1152 2560 192 ) 
3 120 140 (1056 2816 192 ) (1152 2816 192 ) (1152 2720 192 ) 
3 120 139 (1280 2560 192 ) (1152 2560 192 ) (1152 2688 192 ) 
3 120 138 (1280 2688 192 ) (1280 2592 192 ) (1184 2688 192 ) 
4 120 137 (1152 2816 192 ) (1280 2816 192 ) (1280 2688 192 ) (1152 2688 192 ) 
4 120 136 (1536 2560 192 ) (1280 2560 192 ) (1280 2592 192 ) (1568 2592 192 ) 
4 120 135 (1280 2816 192 ) (1760 2816 192 ) (1760 2592 192 ) (1280 2592 192 ) 
3 120 134 (1760 2816 192 ) (1792 2816 192 ) (1760 2784 192 ) 
4 120 133 (2048 2784 192 ) (2048 2560 192 ) (1792 2560 192 ) (1792 2784 192 ) 
3 120 132 (1024 2816 192 ) (1056 2848 192 ) (1056 2816 192 ) 
4 120 131 (1056 2944 192 ) (1664 2944 192 ) (1664 2816 192 ) (1056 2816 192 ) 
4 120 130 (1664 2944 192 ) (2048 2944 192 ) (2048 2816 192 ) (1792 2816 192 ) 
3 120 129 (1760 2816 192 ) (1664 2816 192 ) (1664 2912 192 ) 
3 120 128 (2048 2976 192 ) (2048 2944 192 ) (2016 2976 192 ) 
3 120 127 (2048 3072 192 ) (2048 2976 192 ) (1952 2976 192 ) 
3 120 126 (1024 3072 192 ) (1056 3072 192 ) (1056 3040 192 ) 
4 120 124 (1536 3072 192 ) (1792 3072 192 ) (1920 2944 192 ) (1664 2944 192 ) 
3 120 123 (1632 2944 192 ) (1536 2944 192 ) (1536 3040 192 ) 
3 120 122 (1920 2976.007080 192 ) (1936.003540 2960.003418 192 ) (1920 2944 192 ) 
4 120 125 (1056 3072 192 ) (1536 3072 192 ) (1536 2944 192 ) (1056 2944 192 ) 
3 120 121 (2016 3040 192 ) (1936.003540 2960.003418 192 ) (1856.007080 3040 192 ) 
3 121 163 (2016 3040 64 ) (1936.003540 2960.003418 64 ) (1856.007080 3040 64 ) 
4 121 127 (1952 2976 64 ) (2016 3040 64 ) (2016 3040 192 ) (1952 2976 192 ) 
4 121 122 (1920 2976.009766 64 ) (1936.003784 2960.006104 64 ) (1936.003784 2960.006104 192 ) (1920 2976.009766 192 ) 
3 122 163 (1936.003540 2960.003418 64 ) (1920 2944 64 ) (1920 2976.007080 64 ) 
3 123 164 (1632 2944 64 ) (1536 2944 64 ) (1536 3040 64 ) 
4 123 131 (1536 2944 64 ) (1632 2944 64 ) (1632 2944 192 ) (1536 2944 192 ) 
4 123 125 (1536 3040 64 ) (1536 2944 64 ) (1536 2944 192 ) (1536 3040 192 ) 
4 124 130 (1664 2944 64 ) (1920 2944 64 ) (1920 2944 192 ) (1664 2944 192 ) 
4 125 166 (1536 2944 64 ) (1056 2944 64 ) (1056 3072 64 ) (1536 3072 64 ) 
4 125 131 (1056 2944 64 ) (1536 2944 64 ) (1536 2944 192 ) (1056 2944 192 ) 
4 125 126 (1056 3072 64 ) (1056 3040 64 ) (1056 3040 192 ) (1056 3072 192 ) 
3 126 166 (1024 3072 64 ) (1056 3072 64 ) (1056 3040 64 ) 
3 127 163 (2048 3072 64 ) (2048 2976 64 ) (1952 2976 64 ) 
4 127 128 (2016 2976 64 ) (2048 2976 64 ) (2048 2976 192 ) (2016 2976 192 ) 
3 128 163 (2048 2976 64 ) (2048 2944 64 ) (2016 2976 64 ) 
3 129 164 (1760 2816 64 ) (1664 2816 64 ) (1664 2912 64 ) 
4 129 135 (1664 2816 64 ) (1760 2816 64 ) (1760 2816 192 ) (1664 2816 192 ) 
4 129 131 (1664 2912 64 ) (1664 2816 64 ) (1664 2816 192 ) (1664 2912 192 ) 
4 131 166 (1536 2816 64 ) (1056 2816 64 ) (1056 2944 64 ) (1536 2944 64 ) 
4 131 164 (1664 2816 64 ) (1536 2816 64 ) (1536 2944 64 ) (1664 2944 64 ) 
4 131 140 (1056 2816 64 ) (1152 2816 64 ) (1152 2816 192 ) (1056 2816 192 ) 
4 131 137 (1152 2816 64 ) (1280 2816 64 ) (1280 2816 192 ) (1152 2816 192 ) 
4 131 135 (1280 2816 64 ) (1664 2816 64 ) (1664 2816 192 ) (1280 2816 192 ) 
4 131 132 (1056 2848 64 ) (1056 2816 64 ) (1056 2816 192 ) (1056 2848 192 ) 
3 132 166 (1056 2816 64 ) (1024 2816 64 ) (1056 2848 64 ) 
4 133 142 (1792 2560 64 ) (2048 2560 64 ) (2048 2560 192 ) (1792 2560 192 ) 
3 134 164 (1760 2784 64 ) (1760 2816 64 ) (1792 2816 64 ) 
4 134 135 (1760 2816 192 ) (1760 2816 64 ) (1760 2784 64 ) (1760 2784 192 ) 
4 135 166 (1280 2592 64 ) (1280 2816 64 ) (1536 2816 64 ) (1536 2592 64 ) 
4 135 164 (1536 2816 64 ) (1760 2816 64 ) (1760 2592 64 ) (1536 2592 64 ) 
4 135 138 (1280 2688 64 ) (1280 2592 64 ) (1280 2592 192 ) (1280 2688 192 ) 
4 135 137 (1280 2816 192 ) (1280 2816 64 ) (1280 2688 64 ) (1280 2688 192 ) 
4 135 136 (1280 2592 192 ) (1280 2592 64 ) (1568 2592 64 ) (1568 2592 192 ) 
4 136 166 (1536 2560 64 ) (1280 2560 64 ) (1280 2592 64 ) (1536 2592 64 ) 
3 136 164 (1536 2560 64 ) (1536 2592 64 ) (1568 2592 64 ) 
4 136 146 (1312 2560 64 ) (1408 2560 64 ) (1408 2560 192 ) (1312 2560 192 ) 
4 136 144 (1408 2560 64 ) (1504 2560 64 ) (1504 2560 192 ) (1408 2560 192 ) 
4 136 143 (1504 2560 64 ) (1536 2560 64 ) (1536 2560 192 ) (1504 2560 192 ) 
4 137 166 (1152 2688 64 ) (1152 2816 64 ) (1280 2816 64 ) (1280 2688 64 ) 
4 137 140 (1152 2816 192 ) (1152 2816 64 ) (1152 2720 64 ) (1152 2720 192 ) 
4 137 138 (1184 2688 64 ) (1280 2688 64 ) (1280 2688 192 ) (1184 2688 192 ) 
3 138 166 (1184 2688 64 ) (1280 2688 64 ) (1280 2592 64 ) 
4 139 149 (1152 2560 64 ) (1280 2560 64 ) (1280 2560 192 ) (1152 2560 192 ) 
4 139 141 (1152 2688 64 ) (1152 2560 64 ) (1152 2560 192 ) (1152 2688 192 ) 
3 140 166 (1056 2816 64 ) (1152 2816 64 ) (1152 2720 64 ) 
4 141 208 (1024 2560 192 ) (1024 2816 192 ) (1024 2816 64 ) (1024 2560 64 ) 
4 141 150 (1024 2560 64 ) (1152 2560 64 ) (1152 2560 192 ) (1024 2560 192 ) 
4 142 156 (1536 2304 64 ) (1792 2304 64 ) (1792 2304 192 ) (1536 2304 192 ) 
4 142 153 (1792 2304 64 ) (1824 2304 64 ) (1824 2304 192 ) (1792 2304 192 ) 
4 142 152 (1824 2304 64 ) (2048 2304 64 ) (2048 2304 192 ) (1824 2304 192 ) 
3 143 166 (1504 2528 64 ) (1504 2560 64 ) (1536 2560 64 ) 
4 143 144 (1504 2560 192 ) (1504 2560 64 ) (1504 2528 64 ) (1504 2528 192 ) 
4 144 166 (1408 2432 64 ) (1408 2560 64 ) (1504 2560 64 ) (1504 2432 64 ) 
4 144 146 (1408 2560 192 ) (1408 2560 64 ) (1408 2464 64 ) (1408 2464 192 ) 
4 144 145 (1440 2432 64 ) (1504 2432 64 ) (1504 2432 192 ) (1440 2432 192 ) 
3 145 166 (1440 2432 64 ) (1504 2432 64 ) (1504 2368 64 ) 
3 146 166 (1312 2560 64 ) (1408 2560 64 ) (1408 2464 64 ) 
3 147 165 (1248 2304 64 ) (1056 2304 64 ) (1056 2496 64 ) 
4 147 160 (1056 2304 64 ) (1248 2304 64 ) (1248 2304 192 ) (1056 2304 192 ) 
4 147 151 (1152 2400 64 ) (1120 2432 64 ) (1120 2432 192 ) (1152 2400 192 ) 
4 147 148 (1056 2336 64 ) (1056 2304 64 ) (1056 2304 192 ) (1056 2336 192 ) 
3 148 165 (1056 2304 64 ) (1024 2304 64 ) (1056 2336 64 ) 
4 148 161 (1024 2304 64 ) (1056 2304 64 ) (1056 2304 192 ) (1024 2304 192 ) 
4 149 158 (1280 2304 64 ) (1408 2304 64 ) (1408 2304 192 ) (1280 2304 192 ) 
4 149 156 (1408 2304 64 ) (1536 2304 64 ) (1536 2304 192 ) (1408 2304 192 ) 
4 149 150 (1152 2560 192 ) (1152 2560 64 ) (1152 2432 64 ) (1152 2432 192 ) 
3 151 165 (1152 2400 64 ) (1120 2432 64 ) (1152 2432 64 ) 
4 152 278 (2048 2048 64 ) (2048 2048 192 ) (1824 2048 192 ) (1824 2048 64 ) 
4 152 154 (1824 2080 64 ) (1824 2048 64 ) (1824 2048 192 ) (1824 2080 192 ) 
4 152 153 (1824 2304 192 ) (1824 2304 64 ) (1824 2272 64 ) (1824 2272 192 ) 
4 154 279 (1824 2048 192 ) (1792 2048 192 ) (1792 2048 64 ) (1824 2048 64 ) 
4 155 284 (1504 2048 192 ) (1408 2048 192 ) (1408 2048 64 ) (1504 2048 64 ) 
3 155 165 (1504 2048 64 ) (1408 2048 64 ) (1408 2144 64 ) 
4 155 159 (1408 2144 64 ) (1408 2048 64 ) (1408 2048 192 ) (1408 2144 192 ) 
4 156 281 (1792 2048 192 ) (1536 2048 192 ) (1536 2048 64 ) (1792 2048 64 ) 
4 156 158 (1408 2304 192 ) (1408 2304 64 ) (1408 2176 64 ) (1408 2176 192 ) 
3 157 165 (1280 2176 64 ) (1280 2272 64 ) (1376 2176 64 ) 
4 157 159 (1280 2176 192 ) (1280 2176 64 ) (1376 2176 64 ) (1376 2176 192 ) 
4 157 160 (1280 2272 64 ) (1280 2176 64 ) (1280 2176 192 ) (1280 2272 192 ) 
4 159 297 (1408 2048 192 ) (1280 2048 192 ) (1280 2048 64 ) (1408 2048 64 ) 
4 159 165 (1408 2048 64 ) (1280 2048 64 ) (1280 2176 64 ) (1408 2176 64 ) 
4 159 160 (1280 2176 64 ) (1280 2048 64 ) (1280 2048 192 ) (1280 2176 192 ) 
4 160 308 (1152 2048 192 ) (1056 2048 192 ) (1056 2048 64 ) (1152 2048 64 ) 
4 160 300 (1280 2048 192 ) (1152 2048 192 ) (1152 2048 64 ) (1280 2048 64 ) 
4 160 165 (1280 2048 64 ) (1056 2048 64 ) (1056 2304 64 ) (1280 2304 64 ) 
4 160 161 (1056 2304 192 ) (1056 2304 64 ) (1056 2272 64 ) (1056 2272 192 ) 
4 160 162 (1056 2080 64 ) (1056 2048 64 ) (1056 2048 192 ) (1056 2080 192 ) 
3 161 165 (1024 2304 64 ) (1056 2304 64 ) (1056 2272 64 ) 
4 162 308 (1056 2048 192 ) (1024 2048 192 ) (1024 2048 64 ) (1056 2048 64 ) 
3 162 165 (1056 2048 64 ) (1024 2048 64 ) (1056 2080 64 ) 
4 163 167 (1792 3072 0 ) (2048 3072 0 ) (2048 2944 0 ) (1920 2944 0 ) 
4 164 167 (1536 2560 0 ) (1536 3072 0 ) (1792 2816 0 ) (1792 2560 0 ) 
4 164 166 (1536 3072 0 ) (1536 2560 0 ) (1536 2560 64 ) (1536 3072 64 ) 
4 165 319 (1280 2048 64 ) (1024 2048 64 ) (1024 2048 0 ) (1280 2048 0 ) 
4 165 318 (1408 2048 64 ) (1280 2048 64 ) (1280 2048 0 ) (1408 2048 0 ) 
4 165 316 (1536 2048 64 ) (1408 2048 64 ) (1408 2048 0 ) (1536 2048 0 ) 
3 165 167 (1536 2048 0 ) (1024 2048 0 ) (1024 2560 0 ) 
4 166 167 (1024 2816 0 ) (1024 3072 0 ) (1536 3072 0 ) (1536 2304 0 ) 
4 167 321 (2048 2048 -384 ) (2048 2048 0 ) (1024 2048 0 ) (1024 2048 -384 ) 
4 167 229 (1024 2048 -384 ) (1024 2048 0 ) (1024 3072 0 ) (1024 3072 -384 ) 
4 168 175 (0 4608 64 ) (0 4128 64 ) (0 4128 704 ) (0 4608 704 ) 
4 168 174 (0 4128 64 ) (0 4608 64 ) (1024 4608 64 ) (1024 4128 64 ) 
4 168 173 (0 4128 192 ) (0 4128 64 ) (32 4128 64 ) (32 4128 192 ) 
4 168 172 (992 4128 64 ) (1024 4128 64 ) (1024 4128 192 ) (992 4128 192 ) 
4 168 171 (480 4128 64 ) (800 4128 64 ) (800 4128 192 ) (480 4128 192 ) 
4 168 170 (224 4128 64 ) (288 4128 64 ) (288 4128 192 ) (224 4128 192 ) 
4 168 169 (0 4128 704 ) (0 4128 192 ) (1024 4128 192 ) (1024 4128 704 ) 
4 169 182 (1024 4096 192 ) (1024 4096 704 ) (0 4096 704 ) (0 4096 192 ) 
4 169 176 (0 4096 192 ) (0 4096 704 ) (0 4128 704 ) (0 4128 192 ) 
3 169 173 (0 4096 192 ) (0 4128 192 ) (32 4128 192 ) 
3 169 172 (1024 4096 192 ) (992 4128 192 ) (1024 4128 192 ) 
4 169 171 (768 4096 192 ) (512 4096 192 ) (480 4128 192 ) (800 4128 192 ) 
3 169 170 (256 4096 192 ) (224 4128 192 ) (288 4128 192 ) 
3 170 174 (256 4096 64 ) (224 4128 64 ) (288 4128 64 ) 
4 171 187 (544 4096 192 ) (512 4096 192 ) (512 4096 64 ) (544 4096 64 ) 
4 171 186 (736 4096 192 ) (544 4096 192 ) (544 4096 64 ) (736 4096 64 ) 
4 171 185 (768 4096 192 ) (736 4096 192 ) (736 4096 64 ) (768 4096 64 ) 
4 171 174 (768 4096 64 ) (512 4096 64 ) (480 4128 64 ) (800 4128 64 ) 
3 172 174 (1024 4096 64 ) (992 4128 64 ) (1024 4128 64 ) 
4 173 179 (0 4096 64 ) (0 4096 192 ) (0 4128 192 ) (0 4128 64 ) 
3 173 174 (0 4096 64 ) (0 4128 64 ) (32 4128 64 ) 
4 174 196 (1024 4096 -384 ) (1024 4096 0 ) (0 4096 0 ) (0 4096 -384 ) 
4 174 194 (768 4096 64 ) (512 4096 64 ) (512 4096 0 ) (768 4096 0 ) 
4 174 180 (0 4096 -384 ) (0 4096 64 ) (0 4128 64 ) (0 4128 -384 ) 
4 174 175 (0 4128 64 ) (0 4608 64 ) (0 4608 -384 ) (0 4128 -384 ) 
4 175 181 (-1024 4128 704 ) (-1024 4608 704 ) (-1024 4608 -384 ) (-1024 4128 -384 ) 
4 175 179 (0 4128 64 ) (0 4128 192 ) (-32 4128 192 ) (-32 4128 64 ) 
4 175 178 (-224 4128 192 ) (-288 4128 192 ) (-288 4128 64 ) (-224 4128 64 ) 
4 175 177 (-480 4128 192 ) (-1024 4128 192 ) (-1024 4128 64 ) (-480 4128 64 ) 
4 175 176 (0 4128 192 ) (0 4128 704 ) (-1024 4128 704 ) (-1024 4128 192 ) 
4 175 180 (-1024 4128 -384 ) (0 4128 -384 ) (0 4128 64 ) (-1024 4128 64 ) 
4 176 197 (0 4096 192 ) (0 4096 704 ) (-1024 4096 704 ) (-1024 4096 192 ) 
4 176 181 (-1024 4096 192 ) (-1024 4096 704 ) (-1024 4128 704 ) (-1024 4128 192 ) 
3 176 179 (-32 4128 192 ) (0 4128 192 ) (0 4096 192 ) 
3 176 178 (-288 4128 192 ) (-224 4128 192 ) (-256 4096 192 ) 
4 176 177 (-1024 4128 192 ) (-480 4128 192 ) (-512 4096 192 ) (-1024 4096 192 ) 
4 177 200 (-512 4096 192 ) (-544 4096 192 ) (-544 4096 64 ) (-512 4096 64 ) 
4 177 204 (-544 4096 192 ) (-1024 4096 192 ) (-1024 4096 64 ) (-544 4096 64 ) 
4 177 181 (-1024 4096 64 ) (-1024 4096 192 ) (-1024 4128 192 ) (-1024 4128 64 ) 
4 177 180 (-512 4096 64 ) (-1024 4096 64 ) (-1024 4128 64 ) (-480 4128 64 ) 
3 178 180 (-256 4096 64 ) (-288 4128 64 ) (-224 4128 64 ) 
3 179 180 (0 4096 64 ) (-32 4128 64 ) (0 4128 64 ) 
4 180 205 (0 4096 -384 ) (0 4096 0 ) (-512 4096 0 ) (-512 4096 -384 ) 
4 180 206 (-512 4096 64 ) (-1024 4096 64 ) (-1024 4096 -384 ) (-512 4096 -384 ) 
4 180 181 (-1024 4096 -384 ) (-1024 4096 64 ) (-1024 4128 64 ) (-1024 4128 -384 ) 
4 181 244 (-1024 4096 -384 ) (-1024 4096 704 ) (-1376 4096 704 ) (-1376 4096 -384 ) 
4 182 207 (1024 3072 192 ) (1024 3072 704 ) (0 3072 704 ) (0 3072 192 ) 
4 182 197 (0 4096 704 ) (0 4096 192 ) (0 3072 192 ) (0 3072 704 ) 
3 182 192 (736 3296 192 ) (544 3104 192 ) (544 3296 192 ) 
3 182 190 (768 3072 192 ) (736 3072 192 ) (736 3104 192 ) 
3 182 191 (736 3072 192 ) (512 3072 192 ) (736 3296 192 ) 
4 182 189 (768 3584 192 ) (768 3328 192 ) (512 3328 192 ) (512 3584 192 ) 
3 182 188 (544 3872 192 ) (544 3808 192 ) (512 3840 192 ) 
3 182 187 (512 4096 192 ) (544 4096 192 ) (544 4064 192 ) 
4 182 186 (544 4096 192 ) (736 4096 192 ) (736 3616 192 ) (544 3616 192 ) 
3 182 185 (736 4096 192 ) (768 4096 192 ) (736 4064 192 ) 
3 182 184 (768 3840 192 ) (736 3808 192 ) (736 3872 192 ) 
4 182 183 (768 4096 192 ) (1024 4096 192 ) (1024 3072 192 ) (768 3072 192 ) 
4 182 193 (0 3072 192 ) (0 4096 192 ) (512 4096 192 ) (512 3072 192 ) 
4 183 208 (1024 3072 64 ) (1024 3072 192 ) (768 3072 192 ) (768 3072 64 ) 
4 183 189 (768 3584 64 ) (768 3328 64 ) (768 3328 192 ) (768 3584 192 ) 
3 184 194 (768 3840 64 ) (736 3808 64 ) (736 3872 64 ) 
4 184 186 (736 3872 64 ) (736 3808 64 ) (736 3808 192 ) (736 3872 192 ) 
3 185 194 (736 4096 64 ) (768 4096 64 ) (736 4064 64 ) 
4 185 186 (736 4096 64 ) (736 4064 64 ) (736 4064 192 ) (736 4096 192 ) 
4 186 194 (544 4096 64 ) (736 4096 64 ) (736 3616 64 ) (544 3616 64 ) 
4 186 188 (544 3872 64 ) (544 3808 64 ) (544 3808 192 ) (544 3872 192 ) 
4 186 187 (544 4096 64 ) (544 4064 64 ) (544 4064 192 ) (544 4096 192 ) 
3 187 194 (512 4096 64 ) (544 4096 64 ) (544 4064 64 ) 
3 188 194 (512 3840 64 ) (544 3872 64 ) (544 3808 64 ) 
4 189 193 (512 3584 64 ) (512 3328 64 ) (512 3328 192 ) (512 3584 192 ) 
4 190 210 (768 3072 192 ) (736 3072 192 ) (736 3072 64 ) (768 3072 64 ) 
3 190 195 (768 3072 64 ) (736 3072 64 ) (736 3104 64 ) 
4 190 191 (736 3104 64 ) (736 3072 64 ) (736 3072 192 ) (736 3104 192 ) 
4 191 211 (544 3072 192 ) (512 3072 192 ) (512 3072 64 ) (544 3072 64 ) 
4 191 210 (736 3072 192 ) (544 3072 192 ) (544 3072 64 ) (736 3072 64 ) 
3 191 195 (736 3072 64 ) (512 3072 64 ) (736 3296 64 ) 
4 191 192 (736 3295.998047 64 ) (544 3103.998047 64 ) (544 3103.998047 192 ) (736 3295.998047 192 ) 
3 192 195 (544 3296 64 ) (736 3296 64 ) (544 3104 64 ) 
4 193 219 (384 3072 192 ) (256 3072 192 ) (256 3072 64 ) (384 3072 64 ) 
4 193 225 (256 3072 192 ) (0 3072 192 ) (0 3072 64 ) (256 3072 64 ) 
4 193 198 (0 4096 192 ) (0 4096 64 ) (0 3072 64 ) (0 3072 192 ) 
4 194 196 (512 4096 0 ) (768 4096 0 ) (768 3584 0 ) (512 3584 0 ) 
4 195 226 (768 3072 64 ) (512 3072 64 ) (512 3072 0 ) (768 3072 0 ) 
4 195 196 (768 3328 0 ) (768 3072 0 ) (512 3072 0 ) (512 3328 0 ) 
4 196 229 (1024 3072 -384 ) (1024 3072 0 ) (0 3072 0 ) (0 3072 -384 ) 
4 196 205 (0 4096 0 ) (0 4096 -384 ) (0 3072 -384 ) (0 3072 0 ) 
4 197 244 (-1024 4096 704 ) (-1024 4096 192 ) (-1024 3072 192 ) (-1024 3072 704 ) 
4 197 230 (0 3072 192 ) (0 3072 704 ) (-1024 3072 704 ) (-1024 3072 192 ) 
3 197 203 (-512 3072 192 ) (-544 3072 192 ) (-544 3104 192 ) 
3 197 202 (-544 3296 192 ) (-544 3360 192 ) (-512 3328 192 ) 
3 197 201 (-544 3552 192 ) (-544 3616 192 ) (-512 3584 192 ) 
3 197 200 (-544 4064 192 ) (-544 4096 192 ) (-512 4096 192 ) 
3 197 199 (-544 3808 192 ) (-544 3872 192 ) (-512 3840 192 ) 
4 197 198 (0 3072 192 ) (-512 3072 192 ) (-512 4096 192 ) (0 4096 192 ) 
4 197 204 (-544 3072 192 ) (-1024 3072 192 ) (-1024 4096 192 ) (-544 4096 192 ) 
4 198 232 (0 3072 64 ) (0 3072 192 ) (-128 3072 192 ) (-128 3072 64 ) 
3 199 206 (-512 3840 64 ) (-544 3808 64 ) (-544 3872 64 ) 
4 199 204 (-544 3872 64 ) (-544 3808 64 ) (-544 3808 192 ) (-544 3872 192 ) 
3 200 206 (-544 4096 64 ) (-512 4096 64 ) (-544 4064 64 ) 
4 200 204 (-544 4096 64 ) (-544 4064 64 ) (-544 4064 192 ) (-544 4096 192 ) 
3 201 206 (-512 3584 64 ) (-544 3552 64 ) (-544 3616 64 ) 
4 201 204 (-544 3616 64 ) (-544 3552 64 ) (-544 3552 192 ) (-544 3616 192 ) 
3 202 206 (-512 3328 64 ) (-544 3296 64 ) (-544 3360 64 ) 
4 202 204 (-544 3360 64 ) (-544 3296 64 ) (-544 3296 192 ) (-544 3360 192 ) 
4 203 240 (-512 3072 192 ) (-544 3072 192 ) (-544 3072 64 ) (-512 3072 64 ) 
3 203 206 (-512 3072 64 ) (-544 3072 64 ) (-544 3104 64 ) 
4 203 204 (-544 3104 64 ) (-544 3072 64 ) (-544 3072 192 ) (-544 3104 192 ) 
4 204 244 (-1024 4096 192 ) (-1024 4096 64 ) (-1024 3072 64 ) (-1024 3072 192 ) 
4 204 240 (-544 3072 192 ) (-1024 3072 192 ) (-1024 3072 64 ) (-544 3072 64 ) 
4 204 206 (-1024 4096 64 ) (-544 4096 64 ) (-544 3072 64 ) (-1024 3072 64 ) 
4 205 241 (0 3072 -384 ) (0 3072 0 ) (-256 3072 0 ) (-256 3072 -384 ) 
4 205 243 (-256 3072 0 ) (-512 3072 0 ) (-512 3072 -384 ) (-256 3072 -384 ) 
4 205 206 (-512 4096 -384 ) (-512 3072 -384 ) (-512 3072 0 ) (-512 4096 0 ) 
4 206 244 (-1024 4096 64 ) (-1024 4096 -384 ) (-1024 3072 -384 ) (-1024 3072 64 ) 
4 206 243 (-512 3072 64 ) (-1024 3072 64 ) (-1024 3072 -384 ) (-512 3072 -384 ) 
4 207 348 (1024 2048 192 ) (1024 2048 704 ) (0 2048 704 ) (0 2048 192 ) 
4 207 230 (0 3072 704 ) (0 3072 192 ) (0 2048 192 ) (0 2048 704 ) 
3 207 224 (288 2272 192 ) (480 2080 192 ) (288 2080 192 ) 
3 207 222 (512 2304 192 ) (512 2272 192 ) (480 2272 192 ) 
4 207 221 (256 2304 192 ) (256 3040 192 ) (512 3040 192 ) (512 2304 192 ) 
3 207 223 (512 2048 192 ) (288 2272 192 ) (512 2272 192 ) 
3 207 220 (512 3072 192 ) (512 3040 192 ) (480 3040 192 ) 
4 207 219 (256 3040 192 ) (256 3072 192 ) (384 3072 192 ) (416 3040 192 ) 
4 207 225 (256 2048 192 ) (0 2048 192 ) (0 3072 192 ) (256 3072 192 ) 
3 207 217 (512 2560 192 ) (544 2528 192 ) (540.001038 2528 192 ) 
3 207 218 (544 2528 192 ) (544 2523.429932 192 ) (540.001038 2528 192 ) 
3 207 216 (736 2528 192 ) (544 2336 192 ) (544 2528 192 ) 
3 207 214 (736 2272 192 ) (736 2336 192 ) (768 2304 192 ) 
3 207 213 (768 2048 192 ) (736 2048 192 ) (736 2080 192 ) 
4 207 215 (736 2048 192 ) (512 2048 192 ) (512 2304 192 ) (736 2528 192 ) 
3 207 211 (512 3072 192 ) (544 3072 192 ) (544 3040 192 ) 
3 207 210 (544 3072 192 ) (768 3072 192 ) (544 2848 192 ) 
3 207 209 (544 2848 192 ) (736 3040 192 ) (736 2848 192 ) 
4 207 212 (512 2560 192 ) (512 2816 192 ) (768 2816 192 ) (768 2560 192 ) 
4 207 208 (1024 2048 192 ) (768 2048 192 ) (768 3072 192 ) (1024 3072 192 ) 
4 208 212 (768 2816 64 ) (768 2560 64 ) (768 2560 192 ) (768 2816 192 ) 
3 209 226 (544 2848 64 ) (736 3040 64 ) (736 2848 64 ) 
4 209 210 (736 3040 64 ) (544 2848 64 ) (544 2848 192 ) (736 3040 192 ) 
3 210 226 (544 3072 64 ) (768 3072 64 ) (544 2848 64 ) 
4 210 211 (544 3072 64 ) (544 3040 64 ) (544 3040 192 ) (544 3072 192 ) 
3 211 226 (512 3072 64 ) (544 3072 64 ) (544 3040 64 ) 
4 212 221 (512 2816 64 ) (512 2560 64 ) (512 2560 192 ) (512 2816 192 ) 
4 213 363 (768 2048 192 ) (736 2048 192 ) (736 2048 64 ) (768 2048 64 ) 
3 213 227 (768 2048 64 ) (736 2048 64 ) (736 2080 64 ) 
4 213 215 (736 2080 64 ) (736 2048 64 ) (736 2048 192 ) (736 2080 192 ) 
3 214 227 (768 2304 64 ) (736 2272 64 ) (736 2336 64 ) 
4 214 215 (736 2336 64 ) (736 2272 64 ) (736 2272 192 ) (736 2336 192 ) 
4 215 373 (544 2048 192 ) (512 2048 192 ) (512 2048 64 ) (544 2048 64 ) 
4 215 371 (640 2048 192 ) (544 2048 192 ) (544 2048 64 ) (640 2048 64 ) 
4 215 363 (736 2048 192 ) (640 2048 192 ) (640 2048 64 ) (736 2048 64 ) 
4 215 227 (736 2048 64 ) (512 2048 64 ) (512 2304 64 ) (736 2528 64 ) 
4 215 222 (512 2304 64 ) (512 2272 64 ) (512 2272 192 ) (512 2304 192 ) 
4 215 223 (512 2272 64 ) (512 2048 64 ) (512 2048 192 ) (512 2272 192 ) 
4 215 216 (736 2528 64 ) (544 2336 64 ) (544 2336 192 ) (736 2528 192 ) 
3 216 227 (736 2528 64 ) (544 2336 64 ) (544 2528 64 ) 
4 216 218 (544 2528 64 ) (544 2523.429932 64 ) (544 2523.429932 192 ) (544 2528 192 ) 
3 217 227 (512 2560 64 ) (544 2528 64 ) (540.001038 2528 64 ) 
4 217 218 (540.001953 2528 192 ) (540.001953 2528 64 ) (544 2528 64 ) (544 2528 192 ) 
3 218 227 (544 2528 64 ) (544 2523.429932 64 ) (540.001038 2528 64 ) 
4 219 221 (256 3040 192 ) (256 3040 64 ) (416 3040 64 ) (416 3040 192 ) 
4 219 225 (256 3072 64 ) (256 3040 64 ) (256 3040 192 ) (256 3072 192 ) 
4 220 221 (480 3040 64 ) (512 3040 64 ) (512 3040 192 ) (480 3040 192 ) 
4 221 225 (256 3040 64 ) (256 2304 64 ) (256 2304 192 ) (256 3040 192 ) 
3 222 228 (512 2304 64 ) (512 2272 64 ) (480 2272 64 ) 
4 222 223 (480 2272 64 ) (512 2272 64 ) (512 2272 192 ) (480 2272 192 ) 
3 223 228 (512 2272 64 ) (512 2048 64 ) (288 2272 64 ) 
4 223 224 (288 2272 64 ) (480 2080 64 ) (480 2080 192 ) (288 2272 192 ) 
3 224 228 (288 2272 64 ) (480 2080 64 ) (288 2080 64 ) 
4 225 378 (256 2048 192 ) (0 2048 192 ) (0 2048 64 ) (256 2048 64 ) 
4 225 232 (0 3072 192 ) (0 3072 64 ) (0 3040 64 ) (0 3040 192 ) 
4 225 233 (0 3040 64 ) (0 2304 64 ) (0 2304 192 ) (0 3040 192 ) 
4 226 229 (512 2816 0 ) (512 3072 0 ) (768 3072 0 ) (768 2816 0 ) 
4 227 386 (768 2048 64 ) (512 2048 64 ) (512 2048 0 ) (768 2048 0 ) 
4 227 229 (768 2048 0 ) (512 2048 0 ) (512 2560 0 ) (768 2560 0 ) 
4 227 228 (512 2304 0 ) (512 2048 0 ) (512 2048 64 ) (512 2304 64 ) 
4 228 229 (512 2048 0 ) (256 2048 0 ) (256 2304 0 ) (512 2304 0 ) 
4 229 394 (1024 2048 -384 ) (1024 2048 0 ) (0 2048 0 ) (0 2048 -384 ) 
4 229 241 (0 3072 0 ) (0 3072 -384 ) (0 2304 -384 ) (0 2304 0 ) 
4 229 242 (0 2304 -384 ) (0 2048 -384 ) (0 2048 0 ) (0 2304 0 ) 
4 230 395 (0 2048 192 ) (0 2048 704 ) (-1024 2048 704 ) (-1024 2048 192 ) 
4 230 245 (-1024 2048 192 ) (-1024 2048 704 ) (-1024 3072 704 ) (-1024 3072 192 ) 
3 230 239 (-288 2784 192 ) (-288 2848 192 ) (-256 2816 192 ) 
3 230 238 (-288 2528 192 ) (-288 2592 192 ) (-256 2560 192 ) 
4 230 237 (-256 2048 192 ) (-288 2048 192 ) (-288 2336 192 ) (-256 2304 192 ) 
5 230 240 (-288 2048 192 ) (-1024 2048 192 ) (-1024 3072 192 ) (-512 3072 192 ) (-288 2848 192 ) 
3 230 236 (-288 2848 192 ) (-480 3040 192 ) (-288 3040 192 ) 
4 230 235 (-32 2048 192 ) (-256 2048 192 ) (-256 2272 192 ) (-32 2272 192 ) 
3 230 234 (-256 2272 192 ) (-256 2304 192 ) (-224 2272 192 ) 
4 230 232 (-128 3072 192 ) (0 3072 192 ) (0 3040 192 ) (-160 3040 192 ) 
3 230 231 (-256 3040 192 ) (-256 3072 192 ) (-224 3040 192 ) 
4 230 233 (-256 2304 192 ) (-256 3040 192 ) (0 3040 192 ) (0 2304 192 ) 
4 231 233 (-256 3040 192 ) (-256 3040 64 ) (-224 3040 64 ) (-224 3040 192 ) 
4 232 233 (-160 3040 64 ) (0 3040 64 ) (0 3040 192 ) (-160 3040 192 ) 
3 234 242 (-224 2272 64 ) (-256 2272 64 ) (-256 2304 64 ) 
4 234 237 (-256 2304 64 ) (-256 2272 64 ) (-256 2272 192 ) (-256 2304 192 ) 
4 234 235 (-256 2272 192 ) (-256 2272 64 ) (-224 2272 64 ) (-224 2272 192 ) 
4 235 396 (-32 2048 192 ) (-256 2048 192 ) (-256 2048 64 ) (-32 2048 64 ) 
4 235 242 (-32 2048 64 ) (-256 2048 64 ) (-256 2272 64 ) (-32 2272 64 ) 
4 235 237 (-256 2272 64 ) (-256 2048 64 ) (-256 2048 192 ) (-256 2272 192 ) 
3 236 243 (-288 2848 64 ) (-480 3040 64 ) (-288 3040 64 ) 
4 236 240 (-480 3040 64 ) (-288 2848 64 ) (-288 2848 192 ) (-480 3040 192 ) 
4 237 399 (-256 2048 192 ) (-288 2048 192 ) (-288 2048 64 ) (-256 2048 64 ) 
4 237 243 (-256 2048 64 ) (-288 2048 64 ) (-288 2336 64 ) (-256 2304 64 ) 
4 237 240 (-288 2336 64 ) (-288 2048 64 ) (-288 2048 192 ) (-288 2336 192 ) 
3 238 243 (-288 2528 64 ) (-288 2592 64 ) (-256 2560 64 ) 
4 238 240 (-288 2592 64 ) (-288 2528 64 ) (-288 2528 192 ) (-288 2592 192 ) 
3 239 243 (-288 2784 64 ) (-288 2848 64 ) (-256 2816 64 ) 
4 239 240 (-288 2848.005859 192 ) (-288 2848.005859 64 ) (-288 2784 64 ) (-288 2784 192 ) 
4 240 399 (-288 2048 192 ) (-1024 2048 192 ) (-1024 2048 64 ) (-288 2048 64 ) 
4 240 245 (-1024 2048 64 ) (-1024 2048 192 ) (-1024 3072 192 ) (-1024 3072 64 ) 
5 240 243 (-288 2048 64 ) (-1024 2048 64 ) (-1024 3072 64 ) (-512 3072 64 ) (-288 2848 64 ) 
4 241 242 (-256 2304 0 ) (-256 2304 -384 ) (0 2304 -384 ) (0 2304 0 ) 
4 241 243 (-256 3072 -384 ) (-256 2304 -384 ) (-256 2304 0 ) (-256 3072 0 ) 
4 242 406 (0 2048 -384 ) (0 2048 0 ) (-256 2048 0 ) (-256 2048 -384 ) 
4 242 404 (0 2048 0 ) (0 2048 64 ) (-256 2048 64 ) (-256 2048 0 ) 
4 242 243 (-256 2304 -384 ) (-256 2048 -384 ) (-256 2048 64 ) (-256 2304 64 ) 
4 243 406 (-1024 2048 0 ) (-1024 2048 -384 ) (-256 2048 -384 ) (-256 2048 0 ) 
4 243 405 (-256 2048 64 ) (-1024 2048 64 ) (-1024 2048 0 ) (-256 2048 0 ) 
4 243 245 (-1024 2048 -384 ) (-1024 2048 64 ) (-1024 3072 64 ) (-1024 3072 -384 ) 
4 244 245 (-1024 3072 -384 ) (-1024 3072 704 ) (-1376 3072 704 ) (-1376 3072 -384 ) 
4 245 432 (-1024 2048 -384 ) (-1024 2048 704 ) (-1376 2048 704 ) (-1376 2048 -384 ) 
4 246 252 (3520 1024 704 ) (3104 1024 704 ) (3104 1024 -384 ) (3520 1024 -384 ) 
4 246 250 (3104 2016 192 ) (3104 2048 192 ) (3104 2048 64 ) (3104 2016 64 ) 
4 246 249 (3104 1024 64 ) (3104 1024 192 ) (3104 1568 192 ) (3104 1568 64 ) 
4 246 248 (3104 1760 192 ) (3104 1824 192 ) (3104 1824 64 ) (3104 1760 64 ) 
4 246 247 (3104 1024 192 ) (3104 1024 704 ) (3104 2048 704 ) (3104 2048 192 ) 
4 246 251 (3104 2048 -384 ) (3104 1024 -384 ) (3104 1024 64 ) (3104 2048 64 ) 
4 247 253 (3072 2048 704 ) (3072 2048 192 ) (3072 1024 192 ) (3072 1024 704 ) 
4 247 252 (3104 1024 704 ) (3072 1024 704 ) (3072 1024 192 ) (3104 1024 192 ) 
3 247 250 (3072 2048 192 ) (3104 2048 192 ) (3104 2016 192 ) 
4 247 249 (3104 1568 192 ) (3104 1024 192 ) (3072 1024 192 ) (3072 1536 192 ) 
3 247 248 (3104 1824 192 ) (3104 1760 192 ) (3072 1792 192 ) 
3 248 251 (3072 1792 64 ) (3104 1824 64 ) (3104 1760 64 ) 
4 249 270 (3072 1280 64 ) (3072 1024 64 ) (3072 1024 192 ) (3072 1280 192 ) 
4 249 264 (3072 1504 64 ) (3072 1280 64 ) (3072 1280 192 ) (3072 1504 192 ) 
4 249 252 (3072 1024 192 ) (3072 1024 64 ) (3104 1024 64 ) (3104 1024 192 ) 
4 249 251 (3072 1024 64 ) (3072 1536 64 ) (3104 1568 64 ) (3104 1024 64 ) 
3 250 251 (3072 2048 64 ) (3104 2048 64 ) (3104 2016 64 ) 
4 251 276 (3072 2048 0 ) (3072 2048 -384 ) (3072 1024 -384 ) (3072 1024 0 ) 
4 251 275 (3072 1536 0 ) (3072 1024 0 ) (3072 1024 64 ) (3072 1536 64 ) 
4 251 252 (3072 1024 64 ) (3072 1024 -384 ) (3104 1024 -384 ) (3104 1024 64 ) 
4 252 345 (3520 0 704 ) (3072 0 704 ) (3072 0 -384 ) (3520 0 -384 ) 
4 252 331 (3072 0 -384 ) (3072 0 0 ) (3072 1024 0 ) (3072 1024 -384 ) 
4 252 329 (3072 768 64 ) (3072 1024 64 ) (3072 1024 0 ) (3072 768 0 ) 
4 252 330 (3072 0 0 ) (3072 0 64 ) (3072 768 64 ) (3072 768 0 ) 
4 252 323 (3072 0 64 ) (3072 0 192 ) (3072 1024 192 ) (3072 1024 64 ) 
4 252 322 (3072 0 192 ) (3072 0 704 ) (3072 1024 704 ) (3072 1024 192 ) 
4 253 322 (3072 1024 192 ) (3072 1024 704 ) (2048 1024 704 ) (2048 1024 192 ) 
4 253 277 (2048 2048 704 ) (2048 2048 192 ) (2048 1024 192 ) (2048 1024 704 ) 
4 253 272 (2048 1024 192 ) (2048 1280 192 ) (2816 1280 192 ) (2560 1024 192 ) 
3 253 271 (2816 1248 192 ) (2816 1024 192 ) (2592 1024 192 ) 
4 253 270 (2816 1280 192 ) (3072 1280 192 ) (3072 1024 192 ) (2816 1024 192 ) 
3 253 268 (2176 1536 192 ) (2208 1536 192 ) (2208 1504 192 ) 
4 253 267 (2208 1536 192 ) (2272 1536 192 ) (2272 1312 192 ) (2208 1312 192 ) 
3 253 266 (2272 1536 192 ) (2304 1536 192 ) (2272 1504 192 ) 
4 253 269 (2048 1280 192 ) (2048 1536 192 ) (2176 1536 192 ) (2176 1280 192 ) 
4 253 265 (2304 1536 192 ) (3072 1536 192 ) (2816 1280 192 ) (2304 1280 192 ) 
3 253 264 (3072 1504 192 ) (3072 1280 192 ) (2848 1280 192 ) 
3 253 263 (2048 1536 192 ) (2048 1568 192 ) (2080 1568 192 ) 
3 253 262 (2048 1568 192 ) (2048 1792 192 ) (2272 1568 192 ) 
3 253 261 (2272 1568 192 ) (2080 1760 192 ) (2272 1760 192 ) 
4 253 260 (2304 1792 192 ) (2560 1792 192 ) (2560 1536 192 ) (2304 1536 192 ) 
4 253 259 (2816 1792 192 ) (3072 1792 192 ) (3072 1536 192 ) (2560 1536 192 ) 
3 253 258 (2752 1760 192 ) (2592 1600 192 ) (2592 1760 192 ) 
3 253 256 (2816 1792 192 ) (2784 1792 192 ) (2784 1824 192 ) 
3 253 255 (2784 2048 192 ) (2816 2048 192 ) (2784 2016 192 ) 
4 253 254 (2816 2048 192 ) (3072 2048 192 ) (3072 1792 192 ) (2816 1792 192 ) 
4 253 257 (2048 1792 192 ) (2048 2048 192 ) (2784 2048 192 ) (2784 1792 192 ) 
4 254 259 (2816 1792 64 ) (3072 1792 64 ) (3072 1792 192 ) (2816 1792 192 ) 
4 255 257 (2784 2048 64 ) (2784 2016 64 ) (2784 2016 192 ) (2784 2048 192 ) 
4 256 257 (2784 1824 64 ) (2784 1792 64 ) (2784 1792 192 ) (2784 1824 192 ) 
4 257 278 (2048 2048 192 ) (2048 2048 64 ) (2048 1792 64 ) (2048 1792 192 ) 
4 257 260 (2304 1792 64 ) (2560 1792 64 ) (2560 1792 192 ) (2304 1792 192 ) 
3 258 273 (2752 1760 64 ) (2592 1600 64 ) (2592 1760 64 ) 
4 259 265 (2560 1536 64 ) (3072 1536 64 ) (3072 1536 192 ) (2560 1536 192 ) 
4 260 265 (2304 1536 64 ) (2560 1536 64 ) (2560 1536 192 ) (2304 1536 192 ) 
3 261 274 (2272 1568 64 ) (2080 1760 64 ) (2272 1760 64 ) 
4 261 262 (2080.001953 1760 64 ) (2272 1568.001953 64 ) (2272 1568.001953 192 ) (2080.001953 1760 192 ) 
4 262 285 (2048 1792 64 ) (2048 1568 64 ) (2048 1568 192 ) (2048 1792 192 ) 
3 262 274 (2048 1568 64 ) (2048 1792 64 ) (2272 1568 64 ) 
4 262 263 (2048 1568 64 ) (2080 1568 64 ) (2080 1568 192 ) (2048 1568 192 ) 
3 263 274 (2048 1536 64 ) (2048 1568 64 ) (2080 1568 64 ) 
3 264 275 (3072 1504 64 ) (3072 1280 64 ) (2848 1280 64 ) 
4 264 270 (2848 1280 64 ) (3072 1280 64 ) (3072 1280 192 ) (2848 1280 192 ) 
4 265 272 (2304 1280 64 ) (2816 1280 64 ) (2816 1280 192 ) (2304 1280 192 ) 
4 266 267 (2272 1536 192 ) (2272 1536 64 ) (2272 1504 64 ) (2272 1504 192 ) 
4 267 268 (2208 1536 192 ) (2208 1536 64 ) (2208 1504 64 ) (2208 1504 192 ) 
4 269 291 (2048 1536 64 ) (2048 1280 64 ) (2048 1280 192 ) (2048 1536 192 ) 
4 269 272 (2048 1280 64 ) (2176 1280 64 ) (2176 1280 192 ) (2048 1280 192 ) 
4 270 323 (3072 1024 64 ) (3072 1024 192 ) (2816 1024 192 ) (2816 1024 64 ) 
4 270 275 (3072 1024 64 ) (2816 1024 64 ) (2816 1280 64 ) (3072 1280 64 ) 
4 270 271 (2816 1248 64 ) (2816 1024 64 ) (2816 1024 192 ) (2816 1248 192 ) 
4 271 323 (2816 1024 192 ) (2592 1024 192 ) (2592 1024 64 ) (2816 1024 64 ) 
3 271 275 (2816 1024 64 ) (2592 1024 64 ) (2816 1248 64 ) 
4 272 327 (2304 1024 192 ) (2048 1024 192 ) (2048 1024 64 ) (2304 1024 64 ) 
4 272 325 (2560 1024 192 ) (2304 1024 192 ) (2304 1024 64 ) (2560 1024 64 ) 
4 272 291 (2048 1280 64 ) (2048 1024 64 ) (2048 1024 192 ) (2048 1280 192 ) 
3 273 276 (2560 1792 0 ) (2816 1792 0 ) (2560 1536 0 ) 
4 274 315 (2048 1792 0 ) (2048 1536 0 ) (2048 1536 64 ) (2048 1792 64 ) 
4 274 276 (2048 1536 0 ) (2048 1792 0 ) (2304 1792 0 ) (2304 1536 0 ) 
4 275 329 (3072 1024 0 ) (3072 1024 64 ) (2560 1024 64 ) (2560 1024 0 ) 
3 275 276 (3072 1536 0 ) (3072 1024 0 ) (2560 1024 0 ) 
4 276 331 (3072 1024 -384 ) (3072 1024 0 ) (2048 1024 0 ) (2048 1024 -384 ) 
4 276 321 (2048 2048 0 ) (2048 2048 -384 ) (2048 1024 -384 ) (2048 1024 0 ) 
4 277 348 (1024 2048 704 ) (1024 2048 192 ) (1024 1024 192 ) (1024 1024 704 ) 
4 277 332 (2048 1024 192 ) (2048 1024 704 ) (1024 1024 704 ) (1024 1024 192 ) 
3 277 313 (1152 1280 192 ) (1152 1248 192 ) (1120 1248 192 ) 
3 277 312 (1024 1248 192 ) (1024 1280 192 ) (1056 1248 192 ) 
4 277 314 (1152 1024 192 ) (1024 1024 192 ) (1024 1248 192 ) (1152 1248 192 ) 
3 277 310 (1024 1408 192 ) (1024 1440 192 ) (1056 1440 192 ) 
3 277 309 (1120 1440 192 ) (1152 1440 192 ) (1152 1408 192 ) 
4 277 308 (1024 1440 192 ) (1024 2048 192 ) (1152 2048 192 ) (1152 1440 192 ) 
4 277 311 (1024 1280 192 ) (1024 1408 192 ) (1152 1408 192 ) (1152 1280 192 ) 
3 277 306 (1248 1120 192 ) (1248 1152 192 ) (1280 1152 192 ) 
3 277 305 (1280 1024 192 ) (1248 1024 192 ) (1248 1056 192 ) 
4 277 307 (1248 1024 192 ) (1152 1024 192 ) (1152 1152 192 ) (1248 1152 192 ) 
4 277 304 (1152 1280 192 ) (1152 1408 192 ) (1280 1408 192 ) (1280 1152 192 ) 
3 277 303 (1152 1152 192 ) (1152 1248 192 ) (1248 1152 192 ) 
3 277 302 (1152 1408 192 ) (1152 1440 192 ) (1184 1440 192 ) 
3 277 301 (1248 1440 192 ) (1280 1440 192 ) (1280 1408 192 ) 
4 277 300 (1152 1440 192 ) (1152 2048 192 ) (1280 2048 192 ) (1280 1440 192 ) 
4 277 299 (1408 1024 192 ) (1280 1024 192 ) (1280 1408 192 ) (1408 1280 192 ) 
3 277 298 (1312 1408 192 ) (1408 1408 192 ) (1408 1312 192 ) 
4 277 297 (1280 1408 192 ) (1280 2048 192 ) (1408 2048 192 ) (1408 1408 192 ) 
3 277 296 (1440 1120 192 ) (1504 1056 192 ) (1440 1056 192 ) 
4 277 295 (1408 1280 192 ) (1408 1536 192 ) (1440 1536 192 ) (1440 1248 192 ) 
3 277 294 (1440 1120 192 ) (1408 1152 192 ) (1440 1184 192 ) 
3 277 292 (1504 1504 192 ) (1504 1536 192 ) (1536 1536 192 ) 
4 277 291 (2048 1024 192 ) (1536 1024 192 ) (1536 1536 192 ) (2048 1536 192 ) 
4 277 293 (1504 1056 192 ) (1440 1120 192 ) (1440 1536 192 ) (1504 1536 192 ) 
3 277 288 (1536 1536 192 ) (1504 1536 192 ) (1504 1568 192 ) 
3 277 289 (1504 1792 192 ) (1536 1792 192 ) (1504 1760 192 ) 
4 277 287 (1536 1792 192 ) (1792 1792 192 ) (1792 1536 192 ) (1536 1536 192 ) 
4 277 290 (1408 1536 192 ) (1408 1792 192 ) (1504 1792 192 ) (1504 1536 192 ) 
3 277 286 (2016 1760 192 ) (1824 1568 192 ) (1824 1760 192 ) 
3 277 285 (2048 1792 192 ) (2048 1568 192 ) (1824 1568 192 ) 
3 277 283 (1536 1792 192 ) (1504 1792 192 ) (1504 1824 192 ) 
3 277 282 (1504 2048 192 ) (1536 2048 192 ) (1504 2016 192 ) 
4 277 284 (1408 1792 192 ) (1408 2048 192 ) (1504 2048 192 ) (1504 1792 192 ) 
3 277 280 (1824 1824 192 ) (1824 1792 192 ) (1792 1792 192 ) 
3 277 279 (1792 2048 192 ) (1824 2048 192 ) (1824 2016 192 ) 
4 277 278 (1824 2048 192 ) (2048 2048 192 ) (2048 1792 192 ) (1824 1792 192 ) 
4 277 281 (1536 2048 192 ) (1792 2048 192 ) (1792 1792 192 ) (1536 1792 192 ) 
4 278 280 (1824 1824 64 ) (1824 1792 64 ) (1824 1792 192 ) (1824 1824 192 ) 
4 278 279 (1824 2048 64 ) (1824 2016 64 ) (1824 2016 192 ) (1824 2048 192 ) 
4 281 287 (1536 1792 64 ) (1792 1792 64 ) (1792 1792 192 ) (1536 1792 192 ) 
3 282 316 (1504 2048 64 ) (1536 2048 64 ) (1504 2016 64 ) 
4 282 284 (1504 2048 64 ) (1504 2016 64 ) (1504 2016 192 ) (1504 2048 192 ) 
3 283 316 (1536 1792 64 ) (1504 1792 64 ) (1504 1824 64 ) 
4 283 289 (1504 1792 64 ) (1536 1792 64 ) (1536 1792 192 ) (1504 1792 192 ) 
4 283 284 (1504 1824 64 ) (1504 1792 64 ) (1504 1792 192 ) (1504 1824 192 ) 
4 284 316 (1408 2048 64 ) (1504 2048 64 ) (1504 1792 64 ) (1408 1792 64 ) 
4 284 297 (1408 2048 64 ) (1408 1792 64 ) (1408 1792 192 ) (1408 2048 192 ) 
4 284 290 (1408 1792 192 ) (1408 1792 64 ) (1504 1792 64 ) (1504 1792 192 ) 
3 285 315 (2048 1792 64 ) (2048 1568 64 ) (1824 1568 64 ) 
4 285 286 (2016 1760 64 ) (1824 1568 64 ) (1824 1568 192 ) (2016 1760 192 ) 
3 286 315 (2016 1760 64 ) (1824 1568 64 ) (1824 1760 64 ) 
4 287 291 (1536 1536 64 ) (1792 1536 64 ) (1792 1536 192 ) (1536 1536 192 ) 
3 288 316 (1536 1536 64 ) (1504 1536 64 ) (1504 1568 64 ) 
4 288 292 (1504 1536 64 ) (1536 1536 64 ) (1536 1536 192 ) (1504 1536 192 ) 
4 288 290 (1504 1568 64 ) (1504 1536 64 ) (1504 1536 192 ) (1504 1568 192 ) 
3 289 316 (1504 1760 64 ) (1504 1792 64 ) (1536 1792 64 ) 
4 289 290 (1504 1792 192 ) (1504 1792 64 ) (1504 1760 64 ) (1504 1760 192 ) 
4 290 316 (1504 1536 64 ) (1408 1536 64 ) (1408 1792 64 ) (1504 1792 64 ) 
4 290 297 (1408 1792 64 ) (1408 1536 64 ) (1408 1536 192 ) (1408 1792 192 ) 
4 290 295 (1408 1536 192 ) (1408 1536 64 ) (1440 1536 64 ) (1440 1536 192 ) 
4 290 293 (1440 1536 64 ) (1504 1536 64 ) (1504 1536 192 ) (1440 1536 192 ) 
4 291 333 (2048 1024 64 ) (2048 1024 192 ) (1536 1024 192 ) (1536 1024 64 ) 
3 292 317 (1504 1504 64 ) (1504 1536 64 ) (1536 1536 64 ) 
4 292 293 (1504 1536 192 ) (1504 1536 64 ) (1504 1504 64 ) (1504 1504 192 ) 
4 293 317 (1504 1056 64 ) (1440 1120 64 ) (1440 1536 64 ) (1504 1536 64 ) 
4 293 296 (1440 1120 64 ) (1504 1056 64 ) (1504 1056 192 ) (1440 1120 192 ) 
4 293 295 (1440 1536 192 ) (1440 1536 64 ) (1440 1248 64 ) (1440 1248 192 ) 
4 293 294 (1440 1184 64 ) (1440 1120.001953 64 ) (1440 1120.001953 192 ) (1440 1184 192 ) 
3 294 317 (1440 1120 64 ) (1408 1152 64 ) (1440 1184 64 ) 
4 295 317 (1408 1280 64 ) (1408 1536 64 ) (1440 1536 64 ) (1440 1248 64 ) 
4 295 298 (1408 1408 64 ) (1408 1312 64 ) (1408 1312 192 ) (1408 1408 192 ) 
4 295 297 (1408 1536 64 ) (1408 1408 64 ) (1408 1408 192 ) (1408 1536 192 ) 
3 296 317 (1440 1120 64 ) (1504 1056 64 ) (1440 1056 64 ) 
4 297 318 (1280 2048 64 ) (1408 2048 64 ) (1408 1408 64 ) (1280 1408 64 ) 
4 297 301 (1280 1440 64 ) (1280 1408 64 ) (1280 1408 192 ) (1280 1440 192 ) 
4 297 300 (1280 2048 64 ) (1280 1440 64 ) (1280 1440 192 ) (1280 2048 192 ) 
4 297 298 (1312 1408 64 ) (1408 1408 64 ) (1408 1408 192 ) (1312 1408 192 ) 
3 298 318 (1408 1408 64 ) (1408 1312 64 ) (1312 1408 64 ) 
4 299 333 (1408 1024 192 ) (1280 1024 192 ) (1280 1024 64 ) (1408 1024 64 ) 
4 299 304 (1280 1408 64 ) (1280 1152 64 ) (1280 1152 192 ) (1280 1408 192 ) 
4 300 319 (1152 2048 64 ) (1280 2048 64 ) (1280 1440 64 ) (1152 1440 64 ) 
4 300 308 (1152 2048 64 ) (1152 1440 64 ) (1152 1440 192 ) (1152 2048 192 ) 
4 300 302 (1152 1440 192 ) (1152 1440 64 ) (1184 1440 64 ) (1184 1440 192 ) 
4 300 301 (1248 1440 64 ) (1280 1440 64 ) (1280 1440 192 ) (1248 1440 192 ) 
3 301 319 (1280 1440 64 ) (1280 1408 64 ) (1248 1440 64 ) 
3 302 319 (1152 1408 64 ) (1152 1440 64 ) (1184 1440 64 ) 
4 302 309 (1152 1440 64 ) (1152 1408 64 ) (1152 1408 192 ) (1152 1440 192 ) 
3 303 320 (1248 1152 64 ) (1152 1152 64 ) (1152 1248 64 ) 
4 303 314 (1152 1248 64 ) (1152 1152 64 ) (1152 1152 192 ) (1152 1248 192 ) 
4 303 307 (1152 1152 192 ) (1152 1152 64 ) (1248 1152 64 ) (1248 1152 192 ) 
4 304 311 (1152 1408 64 ) (1152 1280 64 ) (1152 1280 192 ) (1152 1408 192 ) 
3 305 320 (1280 1024 64 ) (1248 1024 64 ) (1248 1056 64 ) 
4 305 307 (1248 1056 64 ) (1248 1024 64 ) (1248 1024 192 ) (1248 1056 192 ) 
3 306 320 (1280 1152 64 ) (1248 1120 64 ) (1248 1152 64 ) 
4 306 307 (1248 1152 192 ) (1248 1152 64 ) (1248 1120 64 ) (1248 1120 192 ) 
4 307 339 (1248 1024 192 ) (1152 1024 192 ) (1152 1024 64 ) (1248 1024 64 ) 
4 307 320 (1248 1024 64 ) (1152 1024 64 ) (1152 1152 64 ) (1248 1152 64 ) 
4 307 314 (1152 1152 64 ) (1152 1024 64 ) (1152 1024 192 ) (1152 1152 192 ) 
4 308 353 (1024 1536 64 ) (1024 1440 64 ) (1024 1440 192 ) (1024 1536 192 ) 
4 308 349 (1024 2016 64 ) (1024 1536 64 ) (1024 1536 192 ) (1024 2016 192 ) 
4 308 319 (1024 2048 64 ) (1152 2048 64 ) (1152 1440 64 ) (1024 1440 64 ) 
4 308 310 (1024 1440 64 ) (1056 1440 64 ) (1056 1440 192 ) (1024 1440 192 ) 
4 308 309 (1120 1440 64 ) (1152 1440 64 ) (1152 1440 192 ) (1120 1440 192 ) 
3 309 319 (1152 1440 64 ) (1152 1408 64 ) (1120 1440 64 ) 
3 310 319 (1024 1408 64 ) (1024 1440 64 ) (1056 1440 64 ) 
4 311 354 (1024 1408 64 ) (1024 1280 64 ) (1024 1280 192 ) (1024 1408 192 ) 
4 312 356 (1024 1280 64 ) (1024 1248 64 ) (1024 1248 192 ) (1024 1280 192 ) 
3 312 320 (1056 1248 64 ) (1024 1248 64 ) (1024 1280 64 ) 
4 312 314 (1024 1248 64 ) (1056 1248 64 ) (1056 1248 192 ) (1024 1248 192 ) 
3 313 320 (1152 1280 64 ) (1152 1248 64 ) (1120 1248 64 ) 
4 313 314 (1120 1248 64 ) (1152 1248 64 ) (1152 1248 192 ) (1120 1248 192 ) 
4 314 357 (1024 1248 64 ) (1024 1024 64 ) (1024 1024 192 ) (1024 1248 192 ) 
4 314 339 (1152 1024 192 ) (1024 1024 192 ) (1024 1024 64 ) (1152 1024 64 ) 
4 314 320 (1152 1248 64 ) (1152 1024 64 ) (1024 1024 64 ) (1024 1248 64 ) 
4 315 321 (2048 1792 0 ) (2048 1536 0 ) (1792 1536 0 ) (1792 1792 0 ) 
4 316 321 (1408 1536 0 ) (1408 2048 0 ) (1536 2048 0 ) (1536 1536 0 ) 
4 316 318 (1408 2048 0 ) (1408 1536 0 ) (1408 1536 64 ) (1408 2048 64 ) 
4 316 317 (1408 1536 64 ) (1408 1536 0 ) (1536 1536 0 ) (1536 1536 64 ) 
4 317 321 (1536 1024 0 ) (1408 1024 0 ) (1408 1536 0 ) (1536 1536 0 ) 
4 317 318 (1408 1536 0 ) (1408 1280 0 ) (1408 1280 64 ) (1408 1536 64 ) 
4 318 321 (1280 1408 0 ) (1280 2048 0 ) (1408 2048 0 ) (1408 1280 0 ) 
4 318 319 (1280 2048 0 ) (1280 1408 0 ) (1280 1408 64 ) (1280 2048 64 ) 
4 319 391 (1024 1536 0 ) (1024 1408 0 ) (1024 1408 64 ) (1024 1536 64 ) 
4 319 388 (1024 1792 0 ) (1024 1536 0 ) (1024 1536 64 ) (1024 1792 64 ) 
4 319 387 (1024 1920 0 ) (1024 1792 0 ) (1024 1792 64 ) (1024 1920 64 ) 
4 319 386 (1024 2048 64 ) (1024 2048 0 ) (1024 1920 0 ) (1024 1920 64 ) 
4 319 321 (1024 1408 0 ) (1024 2048 0 ) (1280 2048 0 ) (1280 1408 0 ) 
4 320 393 (1024 1280 0 ) (1024 1024 0 ) (1024 1024 64 ) (1024 1280 64 ) 
4 320 341 (1280 1024 64 ) (1024 1024 64 ) (1024 1024 0 ) (1280 1024 0 ) 
5 320 321 (1280 1024 0 ) (1024 1024 0 ) (1024 1280 0 ) (1152 1280 0 ) (1280 1152 0 ) 
4 321 394 (1024 2048 0 ) (1024 2048 -384 ) (1024 1024 -384 ) (1024 1024 0 ) 
4 321 344 (2048 1024 -384 ) (2048 1024 0 ) (1024 1024 0 ) (1024 1024 -384 ) 
4 322 346 (3072 0 192 ) (3072 0 704 ) (2048 0 704 ) (2048 0 192 ) 
4 322 332 (2048 1024 704 ) (2048 1024 192 ) (2048 0 192 ) (2048 0 704 ) 
4 322 327 (2048 768 192 ) (2048 1024 192 ) (2304 1024 192 ) (2304 768 192 ) 
4 322 328 (2304 0 192 ) (2048 0 192 ) (2048 736 192 ) (2304 736 192 ) 
3 322 325 (2304 768 192 ) (2304 1024 192 ) (2560 1024 192 ) 
3 322 324 (2560 992 192 ) (2560 768 192 ) (2336 768 192 ) 
4 322 326 (2560 0 192 ) (2304 0 192 ) (2304 768 192 ) (2560 768 192 ) 
4 322 323 (3072 0 192 ) (2560 0 192 ) (2560 1024 192 ) (3072 1024 192 ) 
4 323 346 (3072 0 64 ) (3072 0 192 ) (2560 0 192 ) (2560 0 64 ) 
4 323 329 (2560 1024 64 ) (3072 1024 64 ) (3072 768 64 ) (2560 768 64 ) 
4 323 330 (3072 768 64 ) (3072 0 64 ) (2560 0 64 ) (2560 768 64 ) 
4 323 324 (2560 992 64 ) (2560 768 64 ) (2560 768 192 ) (2560 992 192 ) 
4 323 326 (2560 768 64 ) (2560 0 64 ) (2560 0 192 ) (2560 768 192 ) 
3 324 329 (2560 992 64 ) (2560 768 64 ) (2336 768 64 ) 
4 324 326 (2336 768 64 ) (2560 768 64 ) (2560 768 192 ) (2336 768 192 ) 
4 325 327 (2304 1024 64 ) (2304 768 64 ) (2304 768 192 ) (2304 1024 192 ) 
4 326 346 (2560 0 192 ) (2304 0 192 ) (2304 0 64 ) (2560 0 64 ) 
4 326 330 (2560 768 64 ) (2560 0 64 ) (2304 0 64 ) (2304 768 64 ) 
4 326 328 (2304 736 64 ) (2304 0 64 ) (2304 0 192 ) (2304 736 192 ) 
4 327 333 (2048 1024 192 ) (2048 1024 64 ) (2048 768 64 ) (2048 768 192 ) 
4 328 346 (2304 0 192 ) (2048 0 192 ) (2048 0 64 ) (2304 0 64 ) 
4 328 335 (2048 736 64 ) (2048 512 64 ) (2048 512 192 ) (2048 736 192 ) 
4 328 337 (2048 512 64 ) (2048 0 64 ) (2048 0 192 ) (2048 512 192 ) 
4 328 330 (2304 736 64 ) (2304 0 64 ) (2048 0 64 ) (2048 736 64 ) 
4 329 331 (2560 1024 0 ) (3072 1024 0 ) (3072 768 0 ) (2304 768 0 ) 
4 329 330 (2304 768 0 ) (3072 768 0 ) (3072 768 64 ) (2304 768 64 ) 
4 330 346 (3072 0 0 ) (3072 0 64 ) (2048 0 64 ) (2048 0 0 ) 
4 330 342 (2048 768 0 ) (2048 512 0 ) (2048 512 64 ) (2048 768 64 ) 
4 330 343 (2048 512 0 ) (2048 0 0 ) (2048 0 64 ) (2048 512 64 ) 
4 330 331 (3072 0 0 ) (2048 0 0 ) (2048 768 0 ) (3072 768 0 ) 
4 331 346 (3072 0 -384 ) (3072 0 0 ) (2048 0 0 ) (2048 0 -384 ) 
4 331 344 (2048 1024 0 ) (2048 1024 -384 ) (2048 0 -384 ) (2048 0 0 ) 
4 332 407 (1024 0 192 ) (1024 0 704 ) (1024 1024 704 ) (1024 1024 192 ) 
4 332 347 (2048 0 192 ) (2048 0 704 ) (1024 0 704 ) (1024 0 192 ) 
4 332 340 (1280 0 192 ) (1024 0 192 ) (1024 480 192 ) (1280 480 192 ) 
3 332 339 (1024 800 192 ) (1024 1024 192 ) (1248 1024 192 ) 
4 332 338 (1024 512 192 ) (1024 768 192 ) (1280 1024 192 ) (1280 512 192 ) 
3 332 336 (1280 512 192 ) (1280 736 192 ) (1504 736 192 ) 
4 332 335 (1536 736 192 ) (2048 736 192 ) (2048 512 192 ) (1312 512 192 ) 
4 332 334 (1280 736 192 ) (1280 768 192 ) (1536 768 192 ) (1504 736 192 ) 
4 332 337 (2048 0 192 ) (1280 0 192 ) (1280 512 192 ) (2048 512 192 ) 
4 332 333 (1280 768 192 ) (1280 1024 192 ) (2048 1024 192 ) (2048 768 192 ) 
4 333 338 (1280 1024 64 ) (1280 768 64 ) (1280 768 192 ) (1280 1024 192 ) 
4 333 334 (1280 768 192 ) (1280 768 64 ) (1536 768 64 ) (1536 768 192 ) 
4 334 338 (1280 768 64 ) (1280 736 64 ) (1280 736 192 ) (1280 768 192 ) 
4 334 336 (1280 736 192 ) (1280 736 64 ) (1504 736 64 ) (1504 736 192 ) 
4 335 342 (2048 736 64 ) (2048 512 64 ) (1312 512 64 ) (1536 736 64 ) 
4 335 337 (1312 512 64 ) (2048 512 64 ) (2048 512 192 ) (1312 512 192 ) 
4 336 338 (1280 736 64 ) (1280 512 64 ) (1280 512 192 ) (1280 736 192 ) 
4 337 347 (2048 0 64 ) (2048 0 192 ) (1280 0 192 ) (1280 0 64 ) 
4 337 343 (2048 512 64 ) (2048 0 64 ) (1280 0 64 ) (1280 512 64 ) 
4 337 340 (1280 480 64 ) (1280 0 64 ) (1280 0 192 ) (1280 480 192 ) 
4 338 409 (1024 512 192 ) (1024 768 192 ) (1024 768 64 ) (1024 512 64 ) 
4 339 408 (1024 800 192 ) (1024 1024 192 ) (1024 1024 64 ) (1024 800 64 ) 
3 339 341 (1024 800 64 ) (1024 1024 64 ) (1248 1024 64 ) 
4 340 410 (1024 0 64 ) (1024 0 192 ) (1024 480 192 ) (1024 480 64 ) 
4 340 347 (1280 0 192 ) (1024 0 192 ) (1024 0 64 ) (1280 0 64 ) 
4 340 343 (1280 0 64 ) (1024 0 64 ) (1024 480 64 ) (1280 480 64 ) 
4 341 414 (1024 768 64 ) (1024 1024 64 ) (1024 1024 0 ) (1024 768 0 ) 
3 341 344 (1024 768 0 ) (1024 1024 0 ) (1280 1024 0 ) 
4 342 344 (1536 768 0 ) (2048 768 0 ) (2048 512 0 ) (1280 512 0 ) 
4 342 343 (1280 512 0 ) (2048 512 0 ) (2048 512 64 ) (1280 512 64 ) 
4 343 415 (1024 0 0 ) (1024 0 64 ) (1024 512 64 ) (1024 512 0 ) 
4 343 347 (2048 0 0 ) (2048 0 64 ) (1024 0 64 ) (1024 0 0 ) 
4 343 344 (2048 0 0 ) (1024 0 0 ) (1024 512 0 ) (2048 512 0 ) 
4 344 416 (1024 0 -384 ) (1024 0 0 ) (1024 1024 0 ) (1024 1024 -384 ) 
4 344 347 (2048 0 -384 ) (2048 0 0 ) (1024 0 0 ) (1024 0 -384 ) 
4 345 346 (3072 0 704 ) (3072 0 -384 ) (3072 -544 -384 ) (3072 -544 704 ) 
4 346 347 (2048 0 704 ) (2048 0 -384 ) (2048 -544 -384 ) (2048 -544 704 ) 
4 347 445 (1024 -256 -384 ) (1024 -544 -384 ) (1024 -544 64 ) (1024 -256 64 ) 
4 347 443 (1024 0 64 ) (1024 0 -384 ) (1024 -256 -384 ) (1024 -256 64 ) 
4 347 440 (1024 -544 704 ) (1024 -256 704 ) (1024 -256 64 ) (1024 -544 64 ) 
4 347 437 (1024 -256 704 ) (1024 0 704 ) (1024 0 64 ) (1024 -256 64 ) 
4 348 407 (1024 1024 192 ) (1024 1024 704 ) (0 1024 704 ) (0 1024 192 ) 
4 348 395 (0 2048 704 ) (0 2048 192 ) (0 1024 192 ) (0 1024 704 ) 
3 348 385 (0 1280 192 ) (0 1536 192 ) (256 1536 192 ) 
4 348 384 (32 1280 192 ) (256 1504 192 ) (256 1024 192 ) (32 1024 192 ) 
4 348 382 (512 1536 192 ) (736 1536 192 ) (736 1504 192 ) (480 1504 192 ) 
3 348 381 (256 1536 192 ) (288 1504 192 ) (256 1504 192 ) 
4 348 383 (736 1504 192 ) (736 1024 192 ) (256 1024 192 ) (256 1504 192 ) 
3 348 380 (736 1536 192 ) (768 1536 192 ) (736 1504 192 ) 
4 348 379 (768 1408 192 ) (768 1024 192 ) (736 1024 192 ) (736 1440 192 ) 
3 348 377 (544 1536 192 ) (512 1536 192 ) (544 1568 192 ) 
4 348 376 (640 1760 192 ) (640 1536 192 ) (544 1536 192 ) (544 1760 192 ) 
3 348 375 (640 1792 192 ) (640 1760 192 ) (608 1760 192 ) 
4 348 374 (640 1920 192 ) (640 1792 192 ) (512 1792 192 ) (512 1920 192 ) 
3 348 373 (512 2048 192 ) (544 2048 192 ) (544 2016 192 ) 
3 348 372 (640 1952 192 ) (640 1920 192 ) (608 1952 192 ) 
4 348 371 (544 2048 192 ) (640 2048 192 ) (640 1952 192 ) (544 1952 192 ) 
4 348 378 (0 1536 192 ) (0 2048 192 ) (512 2048 192 ) (512 1536 192 ) 
3 348 369 (768 1664 192 ) (736 1632 192 ) (736 1664 192 ) 
3 348 368 (768 1536 192 ) (736 1536 192 ) (736 1568 192 ) 
4 348 370 (736 1536 192 ) (640 1536 192 ) (640 1664 192 ) (736 1664 192 ) 
4 348 367 (768 1920 192 ) (768 1664 192 ) (640 1792 192 ) (640 1920 192 ) 
3 348 366 (736 1664 192 ) (640 1664 192 ) (640 1760 192 ) 
3 348 365 (640 1920 192 ) (640 1952 192 ) (672 1952 192 ) 
3 348 364 (768 1952 192 ) (768 1920 192 ) (736 1952 192 ) 
4 348 363 (640 2048 192 ) (768 2048 192 ) (768 1952 192 ) (640 1952 192 ) 
4 348 361 (896 1792 192 ) (896 1280 192 ) (768 1408 192 ) (768 1920 192 ) 
3 348 360 (864 1280 192 ) (768 1280 192 ) (768 1376 192 ) 
3 348 359 (896 1920 192 ) (896 1824 192 ) (800 1920 192 ) 
4 348 362 (896 1280 192 ) (896 1024 192 ) (768 1024 192 ) (768 1280 192 ) 
4 348 358 (896 2016 192 ) (896 1920 192 ) (768 1920 192 ) (768 2016 192 ) 
3 348 356 (1024 1280 192 ) (1024 1248 192 ) (992 1248 192 ) 
3 348 355 (928 1248 192 ) (896 1248 192 ) (896 1280 192 ) 
4 348 357 (1024 1248 192 ) (1024 1024 192 ) (896 1024 192 ) (896 1248 192 ) 
4 348 354 (1024 1408 192 ) (1024 1280 192 ) (896 1280 192 ) (896 1536 192 ) 
3 348 353 (1024 1536 192 ) (1024 1440 192 ) (928 1536 192 ) 
3 348 352 (896 1664 192 ) (928 1696 192 ) (928 1632 192 ) 
3 348 351 (928 1536 192 ) (896 1536 192 ) (928 1568 192 ) 
4 348 350 (896 1792 192 ) (896 2016 192 ) (928 2016 192 ) (928 1760 192 ) 
4 348 349 (1024 2016 192 ) (1024 1536 192 ) (928 1536 192 ) (928 2016 192 ) 
4 349 388 (1024 1792 64 ) (1024 1536 64 ) (928 1536 64 ) (928 1792 64 ) 
4 349 387 (1024 1920 64 ) (1024 1792 64 ) (928 1792 64 ) (928 1920 64 ) 
4 349 386 (928 2016 64 ) (1024 2016 64 ) (1024 1920 64 ) (928 1920 64 ) 
4 349 353 (928 1536 64 ) (1024 1536 64 ) (1024 1536 192 ) (928 1536 192 ) 
4 349 352 (928 1696 64 ) (928 1632 64 ) (928 1632 192 ) (928 1696 192 ) 
4 349 351 (928 1568 64 ) (928 1536 64 ) (928 1536 192 ) (928 1568 192 ) 
4 349 350 (928 2016 192 ) (928 2016 64 ) (928 1760 64 ) (928 1760 192 ) 
3 350 388 (896 1792 64 ) (928 1792 64 ) (928 1760 64 ) 
4 350 387 (896 1792 64 ) (896 1920 64 ) (928 1920 64 ) (928 1792 64 ) 
4 350 386 (896 1920 64 ) (896 2016 64 ) (928 2016 64 ) (928 1920 64 ) 
4 350 359 (896 1920 64 ) (896 1824 64 ) (896 1824 192 ) (896 1920 192 ) 
4 350 358 (896 2016 64 ) (896 1920 64 ) (896 1920 192 ) (896 2016 192 ) 
3 351 388 (896 1536 64 ) (928 1568 64 ) (928 1536 64 ) 
3 352 388 (896 1664 64 ) (928 1696 64 ) (928 1632 64 ) 
3 353 391 (928 1536 64 ) (1024 1536 64 ) (1024 1440 64 ) 
4 354 361 (896 1536 64 ) (896 1280 64 ) (896 1280 192 ) (896 1536 192 ) 
3 355 393 (896 1248 64 ) (896 1280 64 ) (928 1248 64 ) 
4 355 362 (896 1280 64 ) (896 1248 64 ) (896 1248 192 ) (896 1280 192 ) 
4 355 357 (896 1248 192 ) (896 1248 64 ) (928 1248 64 ) (928 1248 192 ) 
3 356 393 (1024 1280 64 ) (1024 1248 64 ) (992 1248 64 ) 
4 356 357 (992 1248 64 ) (1024 1248 64 ) (1024 1248 192 ) (992 1248 192 ) 
4 357 408 (1024 1024 64 ) (1024 1024 192 ) (896 1024 192 ) (896 1024 64 ) 
4 357 393 (1024 1024 64 ) (896 1024 64 ) (896 1248 64 ) (1024 1248 64 ) 
4 357 362 (896 1248 64 ) (896 1024 64 ) (896 1024 192 ) (896 1248 192 ) 
4 358 386 (768 1920 64 ) (768 2016 64 ) (896 2016 64 ) (896 1920 64 ) 
4 358 364 (768 1952 64 ) (768 1920 64 ) (768 1920 192 ) (768 1952 192 ) 
4 358 363 (768 2016 64 ) (768 1952 64 ) (768 1952 192 ) (768 2016 192 ) 
4 358 359 (800 1920 64 ) (896 1920 64 ) (896 1920 192 ) (800 1920 192 ) 
3 359 387 (800 1920 64 ) (896 1920 64 ) (896 1824 64 ) 
3 360 390 (768 1280 64 ) (768 1376 64 ) (864 1280 64 ) 
4 360 379 (768 1376 64 ) (768 1280 64 ) (768 1280 192 ) (768 1376 192 ) 
4 360 362 (768 1280 192 ) (768 1280 64 ) (864 1280 64 ) (864 1280 192 ) 
4 361 367 (768 1920 64 ) (768 1664 64 ) (768 1664 192 ) (768 1920 192 ) 
4 362 408 (896 1024 192 ) (768 1024 192 ) (768 1024 64 ) (896 1024 64 ) 
4 362 393 (896 1024 64 ) (768 1024 64 ) (768 1280 64 ) (896 1280 64 ) 
4 362 379 (768 1280 64 ) (768 1024 64 ) (768 1024 192 ) (768 1280 192 ) 
4 363 386 (640 2048 64 ) (768 2048 64 ) (768 1952 64 ) (640 1952 64 ) 
4 363 371 (640 2048 64 ) (640 1952 64 ) (640 1952 192 ) (640 2048 192 ) 
4 363 365 (640 1952 192 ) (640 1952 64 ) (672 1952 64 ) (672 1952 192 ) 
4 363 364 (736 1952 64 ) (768 1952 64 ) (768 1952 192 ) (736 1952 192 ) 
3 364 386 (768 1952 64 ) (768 1920 64 ) (736 1952 64 ) 
3 365 386 (640 1920 64 ) (640 1952 64 ) (672 1952 64 ) 
4 365 372 (640 1952 64 ) (640 1920 64 ) (640 1920 192 ) (640 1952 192 ) 
3 366 389 (736 1664 64 ) (640 1664 64 ) (640 1760 64 ) 
4 366 376 (640 1760 64 ) (640 1664 64 ) (640 1664 192 ) (640 1760 192 ) 
4 366 370 (640 1664 192 ) (640 1664 64 ) (736 1664 64 ) (736 1664 192 ) 
4 367 374 (640 1920 64 ) (640 1792 64 ) (640 1792 192 ) (640 1920 192 ) 
3 368 389 (768 1536 64 ) (736 1536 64 ) (736 1568 64 ) 
4 368 380 (736 1536 64 ) (768 1536 64 ) (768 1536 192 ) (736 1536 192 ) 
4 368 370 (736 1568 64 ) (736 1536 64 ) (736 1536 192 ) (736 1568 192 ) 
3 369 389 (768 1664 64 ) (736 1632 64 ) (736 1664 64 ) 
4 369 370 (736 1664 192 ) (736 1664 64 ) (736 1632 64 ) (736 1632 192 ) 
4 370 389 (736 1536 64 ) (640 1536 64 ) (640 1664 64 ) (736 1664 64 ) 
4 370 382 (640 1536 64 ) (736 1536 64 ) (736 1536 192 ) (640 1536 192 ) 
4 370 376 (640 1664 64 ) (640 1536 64 ) (640 1536 192 ) (640 1664 192 ) 
4 371 386 (544 2048 64 ) (640 2048 64 ) (640 1952 64 ) (544 1952 64 ) 
4 371 373 (544 2048 64 ) (544 2016 64 ) (544 2016 192 ) (544 2048 192 ) 
4 371 372 (608 1952 64 ) (640 1952 64 ) (640 1952 192 ) (608 1952 192 ) 
3 372 386 (640 1952 64 ) (640 1920 64 ) (608 1952 64 ) 
3 373 386 (512 2048 64 ) (544 2048 64 ) (544 2016 64 ) 
4 374 378 (512 1920 64 ) (512 1792 64 ) (512 1792 192 ) (512 1920 192 ) 
3 375 389 (640 1792 64 ) (640 1760 64 ) (608 1760 64 ) 
4 375 376 (608 1760 64 ) (640 1760 64 ) (640 1760 192 ) (608 1760 192 ) 
4 376 389 (640 1760 64 ) (640 1536 64 ) (544 1536 64 ) (544 1760 64 ) 
4 376 382 (544 1536 64 ) (640 1536 64 ) (640 1536 192 ) (544 1536 192 ) 
4 376 377 (544 1568 64 ) (544 1536 64 ) (544 1536 192 ) (544 1568 192 ) 
3 377 389 (544 1536 64 ) (512 1536 64 ) (544 1568 64 ) 
4 377 382 (512 1536 64 ) (544 1536 64 ) (544 1536 192 ) (512 1536 192 ) 
4 378 397 (0 1792 64 ) (0 1536 64 ) (0 1536 192 ) (0 1792 192 ) 
4 378 385 (0 1536 64 ) (256 1536 64 ) (256 1536 192 ) (0 1536 192 ) 
4 379 408 (768 1024 192 ) (736 1024 192 ) (736 1024 64 ) (768 1024 64 ) 
4 379 392 (736 1280 64 ) (736 1440 64 ) (768 1408 64 ) (768 1280 64 ) 
4 379 393 (768 1024 64 ) (736 1024 64 ) (736 1280 64 ) (768 1280 64 ) 
4 379 383 (736 1440 64 ) (736 1024 64 ) (736 1024 192 ) (736 1440 192 ) 
3 380 392 (736 1504 64 ) (736 1536 64 ) (768 1536 64 ) 
4 380 382 (736 1536 192 ) (736 1536 64 ) (736 1504 64 ) (736 1504 192 ) 
3 381 392 (256 1504 64 ) (256 1536 64 ) (288 1504 64 ) 
4 381 383 (256 1504 192 ) (256 1504 64 ) (288 1504 64 ) (288 1504 192 ) 
4 382 392 (512 1536 64 ) (736 1536 64 ) (736 1504 64 ) (480 1504 64 ) 
4 382 383 (480 1504 64 ) (736 1504 64 ) (736 1504 192 ) (480 1504 192 ) 
4 383 408 (736 1024 192 ) (256 1024 192 ) (256 1024 64 ) (736 1024 64 ) 
4 383 392 (256 1280 64 ) (256 1504 64 ) (736 1504 64 ) (736 1280 64 ) 
4 383 393 (736 1024 64 ) (256 1024 64 ) (256 1280 64 ) (736 1280 64 ) 
4 383 384 (256 1504 64 ) (256 1024 64 ) (256 1024 192 ) (256 1504 192 ) 
4 384 412 (256 1024 192 ) (32 1024 192 ) (32 1024 64 ) (256 1024 64 ) 
3 384 392 (32 1280 64 ) (256 1504 64 ) (256 1280 64 ) 
4 384 393 (256 1024 64 ) (32 1024 64 ) (32 1280 64 ) (256 1280 64 ) 
4 385 397 (0 1536 64 ) (0 1280 64 ) (0 1280 192 ) (0 1536 192 ) 
4 386 394 (512 2048 0 ) (1024 2048 0 ) (1024 1920 0 ) (512 1920 0 ) 
4 386 387 (768 1920 0 ) (1024 1920 0 ) (1024 1920 64 ) (768 1920 64 ) 
4 387 394 (1024 1920 0 ) (1024 1792 0 ) (896 1792 0 ) (768 1920 0 ) 
4 387 388 (896 1792 0 ) (1024 1792 0 ) (1024 1792 64 ) (896 1792 64 ) 
4 388 394 (896 1792 0 ) (1024 1792 0 ) (1024 1536 0 ) (896 1536 0 ) 
4 388 391 (896 1536 0 ) (1024 1536 0 ) (1024 1536 64 ) (896 1536 64 ) 
5 389 394 (512 1792 0 ) (640 1792 0 ) (768 1664 0 ) (768 1536 0 ) (512 1536 0 ) 
4 389 392 (512 1536 0 ) (768 1536 0 ) (768 1536 64 ) (512 1536 64 ) 
3 390 394 (896 1280 0 ) (768 1280 0 ) (768 1408 0 ) 
4 390 392 (768 1408 0 ) (768 1280 0 ) (768 1280 64 ) (768 1408 64 ) 
4 390 393 (768 1280 0 ) (896 1280 0 ) (896 1280 64 ) (768 1280 64 ) 
3 391 394 (896 1536 0 ) (1024 1536 0 ) (1024 1408 0 ) 
4 392 394 (0 1280 0 ) (256 1536 0 ) (768 1536 0 ) (768 1280 0 ) 
4 392 393 (0 1280 0 ) (768 1280 0 ) (768 1280 64 ) (0 1280 64 ) 
4 393 414 (1024 1024 0 ) (1024 1024 64 ) (0 1024 64 ) (0 1024 0 ) 
4 393 394 (0 1024 0 ) (0 1280 0 ) (1024 1280 0 ) (1024 1024 0 ) 
4 394 416 (1024 1024 -384 ) (1024 1024 0 ) (0 1024 0 ) (0 1024 -384 ) 
4 394 406 (0 2048 0 ) (0 2048 -384 ) (0 1024 -384 ) (0 1024 0 ) 
4 395 432 (-1024 2048 704 ) (-1024 2048 192 ) (-1024 1024 192 ) (-1024 1024 704 ) 
4 395 417 (0 1024 192 ) (0 1024 704 ) (-1024 1024 704 ) (-1024 1024 192 ) 
4 395 402 (-512 1056 192 ) (-512 1536 192 ) (-288 1536 192 ) (-288 1280 192 ) 
3 395 401 (-288 1024 192 ) (-512 1024 192 ) (-288 1248 192 ) 
4 395 400 (-256 1024 192 ) (-288 1024 192 ) (-288 1248 192 ) (-256 1280 192 ) 
4 395 403 (-512 1024 192 ) (-1024 1024 192 ) (-1024 1536 192 ) (-512 1536 192 ) 
4 395 399 (-1024 1536 192 ) (-1024 2048 192 ) (-256 2048 192 ) (-256 1536 192 ) 
4 395 398 (-32 1024 192 ) (-256 1024 192 ) (-256 1536 192 ) (-32 1760 192 ) 
4 395 397 (0 1024 192 ) (-32 1024 192 ) (-32 1760 192 ) (0 1792 192 ) 
4 395 396 (-256 1568 192 ) (-256 2048 192 ) (-32 2048 192 ) (-32 1792 192 ) 
4 396 404 (-256 2048 64 ) (-32 2048 64 ) (-32 1792 64 ) (-256 1568 64 ) 
4 396 399 (-256 2048 64 ) (-256 1568 64 ) (-256 1568 192 ) (-256 2048 192 ) 
4 397 418 (0 1024 64 ) (0 1024 192 ) (-32 1024 192 ) (-32 1024 64 ) 
4 397 398 (-32 1760 64 ) (-32 1024 64 ) (-32 1024 192 ) (-32 1760 192 ) 
4 398 418 (-32 1024 192 ) (-256 1024 192 ) (-256 1024 64 ) (-32 1024 64 ) 
4 398 400 (-256 1280 64 ) (-256 1024 64 ) (-256 1024 192 ) (-256 1280 192 ) 
4 399 432 (-1024 2048 192 ) (-1024 2048 64 ) (-1024 1536 64 ) (-1024 1536 192 ) 
4 399 405 (-1024 2048 64 ) (-256 2048 64 ) (-256 1536 64 ) (-1024 1536 64 ) 
4 399 402 (-512 1536 64 ) (-288 1536 64 ) (-288 1536 192 ) (-512 1536 192 ) 
4 399 403 (-1024 1536 64 ) (-512 1536 64 ) (-512 1536 192 ) (-1024 1536 192 ) 
4 400 418 (-256 1024 192 ) (-288 1024 192 ) (-288 1024 64 ) (-256 1024 64 ) 
4 400 401 (-288 1248 64 ) (-288 1024 64 ) (-288 1024 192 ) (-288 1248 192 ) 
4 401 418 (-288 1024 192 ) (-512 1024 192 ) (-512 1024 64 ) (-288 1024 64 ) 
4 402 405 (-512 1056 64 ) (-512 1536 64 ) (-288 1536 64 ) (-288 1280 64 ) 
4 402 403 (-512 1536 192 ) (-512 1536 64 ) (-512 1056 64 ) (-512 1056 192 ) 
4 403 432 (-1024 1536 64 ) (-1024 1024 64 ) (-1024 1024 192 ) (-1024 1536 192 ) 
4 403 426 (-768 1024 192 ) (-1024 1024 192 ) (-1024 1024 64 ) (-768 1024 64 ) 
4 403 423 (-544 1024 192 ) (-768 1024 192 ) (-768 1024 64 ) (-544 1024 64 ) 
4 403 405 (-512 1024 64 ) (-1024 1024 64 ) (-1024 1536 64 ) (-512 1536 64 ) 
4 404 406 (-256 1536 0 ) (-256 2048 0 ) (0 2048 0 ) (0 1792 0 ) 
4 404 405 (-256 2048 0 ) (-256 1536 0 ) (-256 1536 64 ) (-256 2048 64 ) 
4 405 432 (-1024 2048 64 ) (-1024 2048 0 ) (-1024 1024 0 ) (-1024 1024 64 ) 
4 405 429 (-512 1024 64 ) (-1024 1024 64 ) (-1024 1024 0 ) (-512 1024 0 ) 
5 405 406 (-512 1024 0 ) (-1024 1024 0 ) (-1024 2048 0 ) (-256 2048 0 ) (-256 1280 0 ) 
4 406 432 (-1024 2048 0 ) (-1024 2048 -384 ) (-1024 1024 -384 ) (-1024 1024 0 ) 
4 406 431 (0 1024 -384 ) (0 1024 0 ) (-1024 1024 0 ) (-1024 1024 -384 ) 
4 407 438 (288 0 704 ) (256 0 704 ) (256 0 192 ) (288 0 192 ) 
4 407 437 (1024 0 192 ) (1024 0 704 ) (288 0 704 ) (288 0 192 ) 
4 407 439 (256 0 704 ) (0 0 704 ) (0 0 192 ) (256 0 192 ) 
4 407 417 (0 1024 704 ) (0 1024 192 ) (0 0 192 ) (0 0 704 ) 
4 407 413 (0 32 192 ) (0 480 192 ) (256 480 192 ) (256 32 192 ) 
3 407 412 (32 1024 192 ) (256 1024 192 ) (256 800 192 ) 
4 407 411 (0 512 192 ) (0 1024 192 ) (256 768 192 ) (256 512 192 ) 
4 407 409 (1024 768 192 ) (1024 512 192 ) (256 512 192 ) (256 768 192 ) 
4 407 410 (1024 480 192 ) (1024 0 192 ) (256 0 192 ) (256 480 192 ) 
4 407 408 (256 1024 192 ) (1024 1024 192 ) (1024 800 192 ) (256 800 192 ) 
4 408 414 (256 800 64 ) (256 1024 64 ) (1024 1024 64 ) (1024 800 64 ) 
4 408 412 (256 1024 64 ) (256 800 64 ) (256 800 192 ) (256 1024 192 ) 
4 409 411 (256 768 64 ) (256 512 64 ) (256 512 192 ) (256 768 192 ) 
4 410 437 (1024 0 64 ) (1024 0 192 ) (288 0 192 ) (288 0 64 ) 
4 410 415 (1024 0 64 ) (256 0 64 ) (256 480 64 ) (1024 480 64 ) 
4 410 413 (256 480 64 ) (256 32 64 ) (256 32 192 ) (256 480 192 ) 
4 411 420 (0 1024 192 ) (0 1024 64 ) (0 512 64 ) (0 512 192 ) 
3 412 414 (32 1024 64 ) (256 1024 64 ) (256 800 64 ) 
4 413 421 (0 480 64 ) (0 32 64 ) (0 32 192 ) (0 480 192 ) 
4 413 415 (0 32 64 ) (0 480 64 ) (256 480 64 ) (256 32 64 ) 
4 414 416 (0 1024 0 ) (1024 1024 0 ) (1024 768 0 ) (256 768 0 ) 
4 415 443 (1024 0 0 ) (1024 0 64 ) (256 0 64 ) (256 0 0 ) 
4 415 430 (0 512 0 ) (0 0 0 ) (0 0 64 ) (0 512 64 ) 
4 415 416 (0 0 0 ) (0 512 0 ) (1024 512 0 ) (1024 0 0 ) 
4 416 444 (256 0 0 ) (0 0 0 ) (0 0 -384 ) (256 0 -384 ) 
4 416 443 (1024 0 -384 ) (1024 0 0 ) (256 0 0 ) (256 0 -384 ) 
4 416 431 (0 1024 0 ) (0 1024 -384 ) (0 0 -384 ) (0 0 0 ) 
4 417 446 (0 0 192 ) (0 0 704 ) (-1024 0 704 ) (-1024 0 192 ) 
4 417 433 (-1024 0 192 ) (-1024 0 704 ) (-1024 1024 704 ) (-1024 1024 192 ) 
3 417 428 (-1024 544 192 ) (-1024 768 192 ) (-800 768 192 ) 
4 417 427 (-768 0 192 ) (-1024 0 192 ) (-1024 512 192 ) (-768 768 192 ) 
4 417 426 (-1024 768 192 ) (-1024 1024 192 ) (-768 1024 192 ) (-768 768 192 ) 
3 417 425 (-512 480 192 ) (-512 32 192 ) (-736 256 192 ) 
3 417 424 (-512 0 192 ) (-768 0 192 ) (-768 256 192 ) 
3 417 423 (-768 800 192 ) (-768 1024 192 ) (-544 1024 192 ) 
4 417 422 (-768 256 192 ) (-768 768 192 ) (-512 1024 192 ) (-512 512 192 ) 
4 417 421 (-512 32 192 ) (-512 512 192 ) (0 512 192 ) (0 32 192 ) 
3 417 420 (-256 768 192 ) (0 1024 192 ) (0 512 192 ) 
3 417 419 (-256 736 192 ) (-32 512 192 ) (-480 512 192 ) 
3 417 418 (-512 512 192 ) (-512 1024 192 ) (0 1024 192 ) 
4 418 422 (-512 1024 64 ) (-512 512 64 ) (-512 512 192 ) (-512 1024 192 ) 
4 418 420 (-256 768 64 ) (0 1024 64 ) (0 1024 192 ) (-256 768 192 ) 
3 419 430 (-32 512 64 ) (-480 512 64 ) (-256 736 64 ) 
4 419 421 (-480 512 64 ) (-32 512 64 ) (-32 512 192 ) (-480 512 192 ) 
4 421 430 (0 512 64 ) (0 32 64 ) (-512 32 64 ) (-512 512 64 ) 
4 421 425 (-512 480 64 ) (-512 32 64 ) (-512 32 192 ) (-512 480 192 ) 
4 422 427 (-768 768 64 ) (-768 256 64 ) (-768 256 192 ) (-768 768 192 ) 
3 423 429 (-768 800 64 ) (-768 1024 64 ) (-544 1024 64 ) 
4 423 426 (-768 1024 64 ) (-768 800 64 ) (-768 800 192 ) (-768 1024 192 ) 
4 424 448 (-512 0 192 ) (-768 0 192 ) (-768 0 64 ) (-512 0 64 ) 
4 424 427 (-768 256 64 ) (-768 0 64 ) (-768 0 192 ) (-768 256 192 ) 
3 425 430 (-512 480 64 ) (-512 32 64 ) (-736 256 64 ) 
4 426 434 (-1024 768 192 ) (-1024 1024 192 ) (-1024 1024 64 ) (-1024 768 64 ) 
4 426 429 (-1024 768 64 ) (-1024 1024 64 ) (-768 1024 64 ) (-768 768 64 ) 
4 426 428 (-1024 768 64 ) (-800 768 64 ) (-800 768 192 ) (-1024 768 192 ) 
4 427 448 (-768 0 192 ) (-1024 0 192 ) (-1024 0 64 ) (-768 0 64 ) 
4 428 434 (-1024 544 192 ) (-1024 768 192 ) (-1024 768 64 ) (-1024 544 64 ) 
3 428 429 (-1024 544 64 ) (-1024 768 64 ) (-800 768 64 ) 
4 429 435 (-1024 512 64 ) (-1024 1024 64 ) (-1024 1024 0 ) (-1024 512 0 ) 
3 429 431 (-1024 512 0 ) (-1024 1024 0 ) (-512 1024 0 ) 
5 430 431 (0 0 0 ) (-512 0 0 ) (-768 256 0 ) (-256 768 0 ) (0 512 0 ) 
4 431 453 (0 0 -384 ) (0 0 0 ) (-1024 0 0 ) (-1024 0 -384 ) 
4 431 435 (-1024 0 -384 ) (-1024 0 0 ) (-1024 1024 0 ) (-1024 1024 -384 ) 
4 432 436 (-1056 1024 704 ) (-1376 1024 704 ) (-1376 1024 -384 ) (-1056 1024 -384 ) 
4 432 434 (-1024 1024 64 ) (-1024 1024 192 ) (-1056 1024 192 ) (-1056 1024 64 ) 
4 432 433 (-1024 1024 192 ) (-1024 1024 704 ) (-1056 1024 704 ) (-1056 1024 192 ) 
4 432 435 (-1024 1024 -384 ) (-1024 1024 64 ) (-1056 1024 64 ) (-1056 1024 -384 ) 
4 433 454 (-1024 0 192 ) (-1024 0 704 ) (-1056 0 704 ) (-1056 0 192 ) 
4 433 436 (-1056 0 192 ) (-1056 0 704 ) (-1056 1024 704 ) (-1056 1024 192 ) 
4 433 434 (-1056 512 192 ) (-1056 1024 192 ) (-1024 1024 192 ) (-1024 512 192 ) 
4 434 436 (-1056 512 192 ) (-1056 1024 192 ) (-1056 1024 64 ) (-1056 512 64 ) 
4 434 435 (-1056 512 64 ) (-1056 1024 64 ) (-1024 1024 64 ) (-1024 512 64 ) 
4 435 456 (-1024 0 -384 ) (-1024 0 64 ) (-1056 0 64 ) (-1056 0 -384 ) 
4 435 436 (-1056 1024 -384 ) (-1056 0 -384 ) (-1056 0 64 ) (-1056 1024 64 ) 
4 436 455 (-1376 0 192 ) (-1376 0 64 ) (-1056 0 64 ) (-1056 0 192 ) 
4 436 454 (-1056 0 704 ) (-1376 0 704 ) (-1376 0 192 ) (-1056 0 192 ) 
4 436 456 (-1376 0 64 ) (-1376 0 -384 ) (-1056 0 -384 ) (-1056 0 64 ) 
4 437 443 (288 0 64 ) (1024 0 64 ) (1024 -256 64 ) (288 -256 64 ) 
4 437 440 (288 -256 64 ) (1024 -256 64 ) (1024 -256 704 ) (288 -256 704 ) 
4 437 438 (288 -256 192 ) (288 -256 704 ) (288 0 704 ) (288 0 192 ) 
4 438 440 (288 -256 192 ) (288 -256 704 ) (256 -256 704 ) (256 -256 192 ) 
4 438 439 (256 -256 192 ) (256 -256 704 ) (256 0 704 ) (256 0 192 ) 
4 439 448 (0 0 192 ) (0 0 64 ) (0 -256 64 ) (0 -256 192 ) 
4 439 446 (0 0 704 ) (0 0 192 ) (0 -256 192 ) (0 -256 704 ) 
4 439 441 (256 -256 192 ) (256 -256 704 ) (0 -256 704 ) (0 -256 192 ) 
4 440 445 (256 -256 64 ) (1024 -256 64 ) (1024 -544 64 ) (256 -544 64 ) 
4 440 441 (256 -256 704 ) (256 -256 192 ) (256 -288 192 ) (256 -288 704 ) 
4 440 442 (256 -288 64 ) (256 -544 64 ) (256 -544 704 ) (256 -288 704 ) 
4 441 446 (0 -288 192 ) (0 -288 704 ) (0 -256 704 ) (0 -256 192 ) 
4 441 442 (256 -288 192 ) (256 -288 704 ) (0 -288 704 ) (0 -288 192 ) 
4 442 450 (0 -288 64 ) (0 -544 64 ) (0 -544 192 ) (0 -288 192 ) 
4 442 446 (0 -544 192 ) (0 -544 704 ) (0 -288 704 ) (0 -288 192 ) 
4 442 445 (0 -544 64 ) (0 -288 64 ) (256 -288 64 ) (256 -544 64 ) 
4 443 445 (256 -256 -384 ) (1024 -256 -384 ) (1024 -256 64 ) (256 -256 64 ) 
4 443 444 (256 0 -384 ) (256 -256 -384 ) (256 -256 0 ) (256 0 0 ) 
4 444 453 (0 0 0 ) (0 0 -384 ) (0 -256 -384 ) (0 -256 0 ) 
4 444 445 (0 -256 -384 ) (256 -256 -384 ) (256 -256 0 ) (0 -256 0 ) 
4 445 453 (0 -256 -384 ) (0 -544 -384 ) (0 -544 0 ) (0 -256 0 ) 
4 445 452 (0 -544 0 ) (0 -544 64 ) (0 -256 64 ) (0 -256 0 ) 
4 446 454 (-1024 0 704 ) (-1024 0 192 ) (-1024 -544 192 ) (-1024 -544 704 ) 
4 446 450 (-1024 -544 192 ) (-1024 -288 192 ) (0 -288 192 ) (0 -544 192 ) 
4 446 449 (-1024 -288 192 ) (-1024 -256 192 ) (-800 -256 192 ) (-768 -288 192 ) 
4 446 448 (-1024 0 192 ) (0 0 192 ) (0 -256 192 ) (-768 -256 192 ) 
3 446 447 (-1024 -256 192 ) (-1024 -32 192 ) (-800 -256 192 ) 
4 447 455 (-1024 -32 64 ) (-1024 -256 64 ) (-1024 -256 192 ) (-1024 -32 192 ) 
3 447 451 (-800 -256 64 ) (-1024 -256 64 ) (-1024 -32 64 ) 
4 447 449 (-1024 -256 64 ) (-800 -256 64 ) (-800 -256 192 ) (-1024 -256 192 ) 
4 449 455 (-1024 -256 64 ) (-1024 -288 64 ) (-1024 -288 192 ) (-1024 -256 192 ) 
4 449 452 (-768 -288 64 ) (-1024 -288 64 ) (-1024 -256 64 ) (-800 -256 64 ) 
4 449 450 (-1024 -288 64 ) (-768 -288 64 ) (-768 -288 192 ) (-1024 -288 192 ) 
4 450 455 (-1024 -288 64 ) (-1024 -544 64 ) (-1024 -544 192 ) (-1024 -288 192 ) 
4 450 452 (0 -288 64 ) (0 -544 64 ) (-1024 -544 64 ) (-1024 -288 64 ) 
4 451 456 (-1024 0 64 ) (-1024 0 0 ) (-1024 -256 0 ) (-1024 -256 64 ) 
3 451 453 (-1024 -256 0 ) (-1024 0 0 ) (-768 -256 0 ) 
4 451 452 (-1024 -256 0 ) (-768 -256 0 ) (-768 -256 64 ) (-1024 -256 64 ) 
4 452 456 (-1024 -256 0 ) (-1024 -544 0 ) (-1024 -544 64 ) (-1024 -256 64 ) 
4 452 453 (-1024 -544 0 ) (-1024 -256 0 ) (0 -256 0 ) (0 -544 0 ) 
4 453 456 (-1024 0 0 ) (-1024 0 -384 ) (-1024 -544 -384 ) (-1024 -544 0 ) 
5 454 455 (-1024 -544 192 ) (-1376 -544 192 ) (-1376 0 192 ) (-1056 0 192 ) (-1024 -32 192 ) 
5 455 456 (-1024 -544 64 ) (-1376 -544 64 ) (-1376 0 64 ) (-1056 0 64 ) (-1024 -32 64 ) 
