


CustomMaterialManager: Cached KeyValues materials/models/weapons/v_models/knife_butterfly/knife_butterfly.vmt.
CustomMaterialManager: Cached KeyValues materials/models/weapons/v_models/knife_bayonet/knife_bayonet.vmt.
CustomMaterialManager: Cached KeyValues materials/models/weapons/v_models/knife_ct/knife_ct.vmt.
CustomMaterialManager: Cached KeyValues materials/models/weapons/v_models/knife_flip/knife_flip.vmt.
CustomMaterialManager: Cached KeyValues materials/models/weapons/v_models/knife_gut/knife_gut.vmt.
CustomMaterialManager: Cached KeyValues materials/models/weapons/v_models/knife_karam/karam.vmt.
CustomMaterialManager: Cached KeyValues materials/models/weapons/v_models/knife_m9_bay/knife_m9_bay.vmt.
CustomMaterialManager: Cached KeyValues materials/models/weapons/v_models/knife_t/knife_t.vmt.
CustomMaterialManager: Cached KeyValues materials/models/weapons/v_models/knife_tactical/knife_tactical.vmt.
CustomMaterialManager: Cached KeyValues materials/models/weapons/v_models/mach_m249para/m249.vmt.
CustomMaterialManager: Cached KeyValues materials/models/weapons/v_models/mach_negev/mach_negev.vmt.
CustomMaterialManager: Cached KeyValues materials/models/weapons/v_models/pist_223/pist_223.vmt.
CustomMaterialManager: Cached KeyValues materials/models/weapons/v_models/pist_cz_75/pist_cz_75.vmt.
CustomMaterialManager: Cached KeyValues materials/models/weapons/v_models/pist_deagle/pist_deagle.vmt.
CustomMaterialManager: Cached KeyValues materials/models/weapons/v_models/pist_elite/m9a1.vmt.
CustomMaterialManager: Cached KeyValues materials/models/weapons/v_models/pist_fiveseven/fiveseven.vmt.
CustomMaterialManager: Cached KeyValues materials/models/weapons/v_models/pist_glock18/pist_glock18.vmt.
CustomMaterialManager: Cached KeyValues materials/models/weapons/v_models/pist_hkp2000/pist_hkp2000.vmt.
CustomMaterialManager: Cached KeyValues materials/models/weapons/v_models/pist_p250/p250.vmt.
CustomMaterialManager: Cached KeyValues materials/models/weapons/v_models/pist_tec9/pist_tec9.vmt.
CustomMaterialManager: Cached KeyValues materials/models/weapons/v_models/rif_ak47/ak47.vmt.
CustomMaterialManager: Cached KeyValues materials/models/weapons/v_models/rif_aug/rif_aug.vmt.
CustomMaterialManager: Cached KeyValues materials/models/weapons/v_models/rif_famas/rif_famas.vmt.
CustomMaterialManager: Cached KeyValues materials/models/weapons/v_models/rif_galilar/rif_galilar.vmt.
CustomMaterialManager: Cached KeyValues materials/models/weapons/v_models/rif_m4a1/rif_m4a1.vmt.
CustomMaterialManager: Cached KeyValues materials/models/weapons/v_models/rif_m4a1_s/rif_m4a1_s.vmt.
CustomMaterialManager: Cached KeyValues materials/models/weapons/v_models/rif_sg556/rif_sg556.vmt.
CustomMaterialManager: Cached KeyValues materials/models/weapons/v_models/shot_mag7/shot_mag7.vmt.
CustomMaterialManager: Cached KeyValues materials/models/weapons/v_models/shot_nova/shot_nova.vmt.
CustomMaterialManager: Cached KeyValues materials/models/weapons/v_models/shot_sawedoff/shot_sawedoff_01.vmt.
CustomMaterialManager: Cached KeyValues materials/models/weapons/v_models/shot_xm1014/shot_xm1014.vmt.
CustomMaterialManager: Cached KeyValues materials/models/weapons/v_models/smg_bizon/bizon.vmt.
CustomMaterialManager: Cached KeyValues materials/models/weapons/v_models/smg_mac10/smg_mac10_1.vmt.
CustomMaterialManager: Cached KeyValues materials/models/weapons/v_models/smg_mp7/smg_mp7.vmt.
CustomMaterialManager: Cached KeyValues materials/models/weapons/v_models/smg_mp9/smg_mp9.vmt.
CustomMaterialManager: Cached KeyValues materials/models/weapons/v_models/smg_p90/smg_p90.vmt.
CustomMaterialManager: Cached KeyValues materials/models/weapons/v_models/smg_ump45/smg_ump45.vmt.
CustomMaterialManager: Cached KeyValues materials/models/weapons/v_models/snip_awp/awp.vmt.
CustomMaterialManager: Cached KeyValues materials/models/weapons/v_models/snip_g3sg1/snip_g3sg1.vmt.
CustomMaterialManager: Cached KeyValues materials/models/weapons/v_models/snip_scar20/snip_scar20.vmt.
CustomMaterialManager: Cached KeyValues materials/models/weapons/v_models/snip_ssg08/snip_ssg08.vmt.
CustomMaterialManager: Cached KeyValues materials/models/weapons/v_models/snip_ssg08/snip_ssg08_scope.vmt.
CustomMaterialManager: Cached KeyValues materials/models/weapons/v_models/knife_falchion_advanced/knife_falchion_advanced.vmt.
materialPath: G:\Steam\steamapps\common\Counter-Strike Global Offensive\csgo\materials
Loading G:\Steam\SteamApps\common\Counter-Strike Global Offensive\sdk_content\maps\de_plateau.vmf
Map revision 2
fixing up env_cubemap materials on brush sides...
0...1...2...3...4...5...6...7...8...9...100...1...2...3...4...5...6...7...8...9...10Processing areas...done (0)
Building Faces...done (0)
FixTjuncs...
PruneNodes...
WriteBSP...
done (0)
writing G:\Steam\SteamApps\common\Counter-Strike Global Offensive\sdk_content\maps\de_plateau.prt...Building visibility clusters...
done (0)
Finding displacement neighbors...
Finding lightmap sample positions...
Displacement Alpha : 0...1...2...3...4...5...6...7...8...9...10
Building Physics collision data...
done (0) (19279 bytes)
Placing detail props : 0...1...2...3...4...5...6...7...8...9...10
Compacting texture/material tables...
Reduced 27 texinfos to 25
Reduced 4 texdatas to 4 (82 bytes to 82)
Writing G:\Steam\SteamApps\common\Counter-Strike Global Offensive\sdk_content\maps\de_plateau.bsp
0 seconds elapsed



4 threads
reading g:\steam\steamapps\common\counter-strike global offensive\sdk_content\maps\de_plateau.bsp
reading g:\steam\steamapps\common\counter-strike global offensive\sdk_content\maps\de_plateau.prt
 100 portalclusters
 262 numportals
0...1...2...3...4...5...6...7...8...9...100...1...2...3...4...5...6...7...8...9...10Optimized: 0 visible clusters (0.00%)
Total clusters visible: 8414
Average clusters visible: 84
Building PAS...
Average clusters audible: 100
visdatasize:3404  compressed from 3200
writing g:\steam\steamapps\common\counter-strike global offensive\sdk_content\maps\de_plateau.bsp
0 seconds elapsed



[Reading texlights from 'lights.rad']
[2 texlights parsed from 'lights.rad']

Loading g:\steam\steamapps\common\counter-strike global offensive\sdk_content\maps\de_plateau.bsp
376 faces
624906 square feet [89986576.00 square inches]
0 Displacements
0 Square Feet [0.00 Square Inches]
376 patches before subdivision
25050 patches after subdivision
2 direct lights
0...1...2...3...4...5...6...7...8...9...100...1...2...3...4...5...6...7...8...9...10transfers 42322, max 210
transfer lists:   0.3 megs
0...1...2...3...4...5...6...7...8...9...10	Bounce #1 added RGB(9623, 7333, 7245)
0...1...2...3...4...5...6...7...8...9...10	Bounce #2 added RGB(649, 422, 372)
0...1...2...3...4...5...6...7...8...9...10	Bounce #3 added RGB(65, 33, 31)
0...1...2...3...4...5...6...7...8...9...10	Bounce #4 added RGB(8, 4, 4)
0...1...2...3...4...5...6...7...8...9...10	Bounce #5 added RGB(1, 0, 1)
0...1...2...3...4...5...6...7...8...9...10	Bounce #6 added RGB(0, 0, 0)
Build Patch/Sample Hash Table(s).....Done<0.0062 sec>
0...1...2...3...4...5...6...7...8...9...10FinalLightFace Done
0 of 0 (0% of) surface lights went in leaf ambient cubes.
0...1...2...3...4...5...6...7...8...9...10Writing leaf ambient...done
Ready to Finish

Object names       Objects/Maxobjs  Memory / Maxmem  Fullness 
------------       ---------------  ---------------  -------- 
models                   1/1024           48/49152    ( 0.1%) 
brushes                 54/8192          648/98304    ( 0.7%) 
brushsides             344/65536        2752/524288   ( 0.5%) 
planes                 146/65536        2920/1310720  ( 0.2%) 
vertexes               499/65536        5988/786432   ( 0.8%) 
nodes                  261/65536        8352/2097152  ( 0.4%) 
texinfos                25/12288        1800/884736   ( 0.2%) 
texdata                  4/2048          128/65536    ( 0.2%) 
dispinfos                0/0               0/0        ( 0.0%) 
disp_verts               0/0               0/0        ( 0.0%) 
disp_tris                0/0               0/0        ( 0.0%) 
disp_multiblend          0/0               0/0        ( 0.0%) 
disp_lmsamples           0/0               0/0        ( 0.0%) 
faces                  376/65536       21056/3670016  ( 0.6%) 
hdr faces                0/65536           0/3670016  ( 0.0%) 
origfaces              171/65536        9576/3670016  ( 0.3%) 
facebrushes            146/0             292/0        ( 0.0%) 
facebrushlists         376/0            1504/0        ( 0.0%) 
leaves                 263/65536        8416/2097152  ( 0.4%) 
leaffaces              389/65536         778/131072   ( 0.6%) 
leafbrushes            166/65536         332/131072   ( 0.3%) 
areas                    2/1024           16/8192     ( 0.2%) 
surfedges             2384/512000       9536/2048000  ( 0.5%) 
edges                 1283/256000       5132/1024000  ( 0.5%) 
LDR worldlights          2/8192          200/819200   ( 0.0%) 
HDR worldlights          0/8192            0/819200   ( 0.0%) 
leafwaterdata            0/32768           0/393216   ( 0.0%) 
waterstrips             58/32768         580/327680   ( 0.2%) 
waterverts               0/65536           0/786432   ( 0.0%) 
waterindices           714/65536        1428/131072   ( 1.1%) 
cubemapsamples           1/1024           16/16384    ( 0.1%) 
overlays                 0/1024            0/360448   ( 0.0%) 
LDR lightdata         [variable]      441650/0        ( 0.0%) 
HDR lightdata         [variable]           0/0        ( 0.0%) 
visdata               [variable]        3404/16777216 ( 0.0%) 
entdata               [variable]         735/393216   ( 0.2%) 
LDR ambient table      263/65536        1052/262144   ( 0.4%) 
HDR ambient table      263/65536        1052/262144   ( 0.4%) 
LDR leaf ambient      1535/65536       42980/1835008  ( 2.3%) 
HDR leaf ambient       263/65536        7364/1835008  ( 0.4%) 
occluders                0/0               0/0        ( 0.0%) 
occluder polygons        0/0               0/0        ( 0.0%) 
occluder vert ind        0/0               0/0        ( 0.0%) 
detail props          [variable]           1/12       ( 8.3%) 
static props          [variable]           1/12       ( 8.3%) 
pakfile               [variable]      148814/0        ( 0.0%) 
physics               [variable]       19279/4194304  ( 0.5%) 
physics terrain       [variable]           2/1048576  ( 0.0%) 

Level flags = 4

Total triangle count: 948
Writing g:\steam\steamapps\common\counter-strike global offensive\sdk_content\maps\de_plateau.bsp
3 seconds elapsed
