


CustomMaterialManager: Cached KeyValues materials/models/weapons/v_models/knife_butterfly/knife_butterfly.vmt.
CustomMaterialManager: Cached KeyValues materials/models/weapons/v_models/knife_bayonet/knife_bayonet.vmt.
CustomMaterialManager: Cached KeyValues materials/models/weapons/v_models/knife_ct/knife_ct.vmt.
CustomMaterialManager: Cached KeyValues materials/models/weapons/v_models/knife_flip/knife_flip.vmt.
CustomMaterialManager: Cached KeyValues materials/models/weapons/v_models/knife_gut/knife_gut.vmt.
CustomMaterialManager: Cached KeyValues materials/models/weapons/v_models/knife_karam/karam.vmt.
CustomMaterialManager: Cached KeyValues materials/models/weapons/v_models/knife_m9_bay/knife_m9_bay.vmt.
CustomMaterialManager: Cached KeyValues materials/models/weapons/v_models/knife_t/knife_t.vmt.
CustomMaterialManager: Cached KeyValues materials/models/weapons/v_models/knife_tactical/knife_tactical.vmt.
CustomMaterialManager: Cached KeyValues materials/models/weapons/v_models/mach_m249para/m249.vmt.
CustomMaterialManager: Cached KeyValues materials/models/weapons/v_models/mach_negev/mach_negev.vmt.
CustomMaterialManager: Cached KeyValues materials/models/weapons/v_models/pist_223/pist_223.vmt.
CustomMaterialManager: Cached KeyValues materials/models/weapons/v_models/pist_cz_75/pist_cz_75.vmt.
CustomMaterialManager: Cached KeyValues materials/models/weapons/v_models/pist_deagle/pist_deagle.vmt.
CustomMaterialManager: Cached KeyValues materials/models/weapons/v_models/pist_elite/m9a1.vmt.
CustomMaterialManager: Cached KeyValues materials/models/weapons/v_models/pist_fiveseven/fiveseven.vmt.
CustomMaterialManager: Cached KeyValues materials/models/weapons/v_models/pist_glock18/pist_glock18.vmt.
CustomMaterialManager: Cached KeyValues materials/models/weapons/v_models/pist_hkp2000/pist_hkp2000.vmt.
CustomMaterialManager: Cached KeyValues materials/models/weapons/v_models/pist_p250/p250.vmt.
CustomMaterialManager: Cached KeyValues materials/models/weapons/v_models/pist_tec9/pist_tec9.vmt.
CustomMaterialManager: Cached KeyValues materials/models/weapons/v_models/rif_ak47/ak47.vmt.
CustomMaterialManager: Cached KeyValues materials/models/weapons/v_models/rif_aug/rif_aug.vmt.
CustomMaterialManager: Cached KeyValues materials/models/weapons/v_models/rif_famas/rif_famas.vmt.
CustomMaterialManager: Cached KeyValues materials/models/weapons/v_models/rif_galilar/rif_galilar.vmt.
CustomMaterialManager: Cached KeyValues materials/models/weapons/v_models/rif_m4a1/rif_m4a1.vmt.
CustomMaterialManager: Cached KeyValues materials/models/weapons/v_models/rif_m4a1_s/rif_m4a1_s.vmt.
CustomMaterialManager: Cached KeyValues materials/models/weapons/v_models/rif_sg556/rif_sg556.vmt.
CustomMaterialManager: Cached KeyValues materials/models/weapons/v_models/shot_mag7/shot_mag7.vmt.
CustomMaterialManager: Cached KeyValues materials/models/weapons/v_models/shot_nova/shot_nova.vmt.
CustomMaterialManager: Cached KeyValues materials/models/weapons/v_models/shot_sawedoff/shot_sawedoff_01.vmt.
CustomMaterialManager: Cached KeyValues materials/models/weapons/v_models/shot_xm1014/shot_xm1014.vmt.
CustomMaterialManager: Cached KeyValues materials/models/weapons/v_models/smg_bizon/bizon.vmt.
CustomMaterialManager: Cached KeyValues materials/models/weapons/v_models/smg_mac10/smg_mac10_1.vmt.
CustomMaterialManager: Cached KeyValues materials/models/weapons/v_models/smg_mp7/smg_mp7.vmt.
CustomMaterialManager: Cached KeyValues materials/models/weapons/v_models/smg_mp9/smg_mp9.vmt.
CustomMaterialManager: Cached KeyValues materials/models/weapons/v_models/smg_p90/smg_p90.vmt.
CustomMaterialManager: Cached KeyValues materials/models/weapons/v_models/smg_ump45/smg_ump45.vmt.
CustomMaterialManager: Cached KeyValues materials/models/weapons/v_models/snip_awp/awp.vmt.
CustomMaterialManager: Cached KeyValues materials/models/weapons/v_models/snip_g3sg1/snip_g3sg1.vmt.
CustomMaterialManager: Cached KeyValues materials/models/weapons/v_models/snip_scar20/snip_scar20.vmt.
CustomMaterialManager: Cached KeyValues materials/models/weapons/v_models/snip_ssg08/snip_ssg08.vmt.
CustomMaterialManager: Cached KeyValues materials/models/weapons/v_models/snip_ssg08/snip_ssg08_scope.vmt.
CustomMaterialManager: Cached KeyValues materials/models/weapons/v_models/knife_falchion_advanced/knife_falchion_advanced.vmt.
materialPath: G:\Steam\steamapps\common\Counter-Strike Global Offensive\csgo\materials
Loading G:\Steam\SteamApps\common\Counter-Strike Global Offensive\sdk_content\maps\myMaps\plateau\de_plateau_20.vmf
Map revision 43
fixing up env_cubemap materials on brush sides...
0...1...2...3...4...5...6...7...8...9...100...1...2...3...4...5...6...7...8...9...10Processing areas...done (0)
Building Faces...done (0)
Chop Details...done (0)
Find Visible Detail Sides...
Merged 96 detail faces...done (0)
Merging details...done (0)
FixTjuncs...
PruneNodes...
WriteBSP...
done (0)
writing G:\Steam\SteamApps\common\Counter-Strike Global Offensive\sdk_content\maps\myMaps\plateau\de_plateau_20.prt...Building visibility clusters...
done (0)
Finding displacement neighbors...
Finding lightmap sample positions...
Displacement Alpha : 0...1...2...3...4...5...6...7...8...9...10
Building Physics collision data...
done (1) (303835 bytes)
Placing detail props : 0...1...2...3...4...5...6...7...8...9...10
Compacting texture/material tables...
Reduced 458 texinfos to 322
Reduced 25 texdatas to 24 (539 bytes to 521)
Writing G:\Steam\SteamApps\common\Counter-Strike Global Offensive\sdk_content\maps\myMaps\plateau\de_plateau_20.bsp
1 second elapsed



4 threads
reading g:\steam\steamapps\common\counter-strike global offensive\sdk_content\maps\mymaps\plateau\de_plateau_20.bsp
reading g:\steam\steamapps\common\counter-strike global offensive\sdk_content\maps\mymaps\plateau\de_plateau_20.prt
 872 portalclusters
2466 numportals
0...1...2...3...4...5...6...7...8...9...100...1...2...3...4...5...6...7...8...9...10Optimized: 706 visible clusters (0.00%)
Total clusters visible: 169480
Average clusters visible: 194
Building PAS...
Average clusters audible: 755
visdatasize:172853  compressed from 195328
writing g:\steam\steamapps\common\counter-strike global offensive\sdk_content\maps\mymaps\plateau\de_plateau_20.bsp
20 seconds elapsed



[Reading texlights from 'lights.rad']
[2 texlights parsed from 'lights.rad']

Loading g:\steam\steamapps\common\counter-strike global offensive\sdk_content\maps\mymaps\plateau\de_plateau_20.bsp
3452 faces
1 degenerate faces
1117958 square feet [160986016.00 square inches]
0 Displacements
0 Square Feet [0.00 Square Inches]
3451 patches before subdivision
107123 patches after subdivision
41 direct lights
0...1...2...3...4...5...6...7...8...9...100...1...2...3...4...5...6...7...8...9...10transfers 6345671, max 571
transfer lists:  48.4 megs
0...1...2...3...4...5...6...7...8...9...10	Bounce #1 added RGB(635312, 320909, 191522)
0...1...2...3...4...5...6...7...8...9...10	Bounce #2 added RGB(166640, 44075, 20956)
0...1...2...3...4...5...6...7...8...9...10	Bounce #3 added RGB(51799, 8107, 4423)
0...1...2...3...4...5...6...7...8...9...10	Bounce #4 added RGB(18392, 1810, 1118)
0...1...2...3...4...5...6...7...8...9...10	Bounce #5 added RGB(7143, 455, 299)
0...1...2...3...4...5...6...7...8...9...10	Bounce #6 added RGB(2948, 122, 82)
0...1...2...3...4...5...6...7...8...9...10	Bounce #7 added RGB(1295, 34, 23)
0...1...2...3...4...5...6...7...8...9...10	Bounce #8 added RGB(584, 10, 6)
0...1...2...3...4...5...6...7...8...9...10	Bounce #9 added RGB(276, 3, 2)
0...1...2...3...4...5...6...7...8...9...10	Bounce #10 added RGB(132, 1, 0)
0...1...2...3...4...5...6...7...8...9...10	Bounce #11 added RGB(65, 0, 0)
0...1...2...3...4...5...6...7...8...9...10	Bounce #12 added RGB(32, 0, 0)
0...1...2...3...4...5...6...7...8...9...10	Bounce #13 added RGB(16, 0, 0)
0...1...2...3...4...5...6...7...8...9...10	Bounce #14 added RGB(8, 0, 0)
0...1...2...3...4...5...6...7...8...9...10	Bounce #15 added RGB(4, 0, 0)
0...1...2...3...4...5...6...7...8...9...10	Bounce #16 added RGB(2, 0, 0)
0...1...2...3...4...5...6...7...8...9...10	Bounce #17 added RGB(1, 0, 0)
0...1...2...3...4...5...6...7...8...9...10	Bounce #18 added RGB(1, 0, 0)
Build Patch/Sample Hash Table(s).....Done<0.0272 sec>
0...1...2...3...4...5...6...7...8...9...10FinalLightFace Done
0 of 0 (0% of) surface lights went in leaf ambient cubes.
0...1...2...3...4...5...6...7...8...9...10Writing leaf ambient...done
Ready to Finish

Object names       Objects/Maxobjs  Memory / Maxmem  Fullness 
------------       ---------------  ---------------  -------- 
models                   5/1024          240/49152    ( 0.5%) 
brushes                894/8192        10728/98304    (10.9%) 
brushsides            5947/65536       47576/524288   ( 9.1%) 
planes                1224/65536       24480/1310720  ( 1.9%) 
vertexes              4429/65536       53148/786432   ( 6.8%) 
nodes                 1649/65536       52768/2097152  ( 2.5%) 
texinfos               322/12288       23184/884736   ( 2.6%) 
texdata                 24/2048          768/65536    ( 1.2%) 
dispinfos                0/0               0/0        ( 0.0%) 
disp_verts               0/0               0/0        ( 0.0%) 
disp_tris                0/0               0/0        ( 0.0%) 
disp_multiblend          0/0               0/0        ( 0.0%) 
disp_lmsamples           0/0               0/0        ( 0.0%) 
faces                 3452/65536      193312/3670016  ( 5.3%) 
hdr faces                0/65536           0/3670016  ( 0.0%) 
origfaces             2714/65536      151984/3670016  ( 4.1%) 
facebrushes           1143/0            2286/0        ( 0.0%) 
facebrushlists        3452/0           13808/0        ( 0.0%) 
leaves                1655/65536       52960/2097152  ( 2.5%) 
leaffaces             3895/65536        7790/131072   ( 5.9%) 
leafbrushes           1319/65536        2638/131072   ( 2.0%) 
areas                    2/1024           16/8192     ( 0.2%) 
surfedges            26421/512000     105684/2048000  ( 5.2%) 
edges                14852/256000      59408/1024000  ( 5.8%) 
LDR worldlights         41/8192         4100/819200   ( 0.5%) 
HDR worldlights          0/8192            0/819200   ( 0.0%) 
leafwaterdata            0/32768           0/393216   ( 0.0%) 
waterstrips            286/32768        2860/327680   ( 0.9%) 
waterverts               0/65536           0/786432   ( 0.0%) 
waterindices          4437/65536        8874/131072   ( 6.8%) 
cubemapsamples           1/1024           16/16384    ( 0.1%) 
overlays                12/1024         4224/360448   ( 1.2%) 
LDR lightdata         [variable]     1937876/0        ( 0.0%) 
HDR lightdata         [variable]           0/0        ( 0.0%) 
visdata               [variable]      172853/16777216 ( 1.0%) 
entdata               [variable]        8516/393216   ( 2.2%) 
LDR ambient table     1655/65536        6620/262144   ( 2.5%) 
HDR ambient table     1655/65536        6620/262144   ( 2.5%) 
LDR leaf ambient     11648/65536      326144/1835008  (17.8%) 
HDR leaf ambient      1655/65536       46340/1835008  ( 2.5%) 
occluders                0/0               0/0        ( 0.0%) 
occluder polygons        0/0               0/0        ( 0.0%) 
occluder vert ind        0/0               0/0        ( 0.0%) 
detail props          [variable]           1/12       ( 8.3%) 
static props          [variable]           1/2958     ( 0.0%) 
pakfile               [variable]      148838/0        ( 0.0%) 
physics               [variable]      303835/4194304  ( 7.2%) 
physics terrain       [variable]           2/1048576  ( 0.0%) 

Level flags = 4

Total triangle count: 8789
Writing g:\steam\steamapps\common\counter-strike global offensive\sdk_content\maps\mymaps\plateau\de_plateau_20.bsp
50 seconds elapsed
