PRT1
106
278
4 0 9 (3520 4096 704 ) (3072 4096 704 ) (3072 4096 -384 ) (3520 4096 -384 ) 
4 0 3 (3072 4096 0 ) (3072 4096 64 ) (3072 4352 64 ) (3072 4352 0 ) 
4 0 2 (3072 4096 64 ) (3072 4096 704 ) (3072 4352 704 ) (3072 4352 64 ) 
4 0 4 (3072 4096 -384 ) (3072 4096 0 ) (3072 4352 0 ) (3072 4352 -384 ) 
4 0 1 (3072 4352 704 ) (3072 4608 704 ) (3072 4608 -384 ) (3072 4352 -384 ) 
4 1 8 (2048 4608 0 ) (2048 4608 -384 ) (2048 4352 -384 ) (2048 4352 0 ) 
4 1 5 (2048 4352 704 ) (2048 4608 704 ) (2048 4608 0 ) (2048 4352 0 ) 
4 1 3 (3072 4352 0 ) (3072 4352 64 ) (2304 4352 64 ) (2304 4352 0 ) 
4 1 2 (3072 4352 64 ) (3072 4352 704 ) (2048 4352 704 ) (2048 4352 64 ) 
4 1 4 (2048 4352 -384 ) (3072 4352 -384 ) (3072 4352 0 ) (2048 4352 0 ) 
4 2 11 (3072 4096 64 ) (3072 4096 704 ) (2048 4096 704 ) (2048 4096 64 ) 
4 2 6 (2048 4096 64 ) (2048 4096 704 ) (2048 4352 704 ) (2048 4352 64 ) 
4 2 3 (2304 4352 64 ) (3072 4352 64 ) (3072 4096 64 ) (2560 4096 64 ) 
4 3 12 (3072 4096 0 ) (3072 4096 64 ) (2560 4096 64 ) (2560 4096 0 ) 
4 3 4 (3072 4096 0 ) (2560 4096 0 ) (2304 4352 0 ) (3072 4352 0 ) 
4 4 15 (3072 4096 -384 ) (3072 4096 0 ) (2048 4096 0 ) (2048 4096 -384 ) 
4 4 8 (2048 4096 -384 ) (2048 4096 0 ) (2048 4352 0 ) (2048 4352 -384 ) 
4 5 30 (1024 4608 0 ) (1024 4352 0 ) (1024 4352 704 ) (1024 4608 704 ) 
4 5 8 (2048 4608 0 ) (2048 4352 0 ) (1024 4352 0 ) (1024 4608 0 ) 
4 5 7 (1024 4352 64 ) (1024 4352 0 ) (1536 4352 0 ) (1536 4352 64 ) 
4 5 6 (1024 4352 704 ) (1024 4352 64 ) (2048 4352 64 ) (2048 4352 704 ) 
4 6 30 (1024 4096 64 ) (1024 4096 704 ) (1024 4352 704 ) (1024 4352 64 ) 
4 6 16 (2048 4096 64 ) (2048 4096 704 ) (1024 4096 704 ) (1024 4096 64 ) 
4 6 7 (1024 4352 64 ) (1536 4352 64 ) (1280 4096 64 ) (1024 4096 64 ) 
4 7 30 (1024 4096 0 ) (1024 4096 64 ) (1024 4352 64 ) (1024 4352 0 ) 
4 7 18 (1280 4096 64 ) (1024 4096 64 ) (1024 4096 0 ) (1280 4096 0 ) 
4 7 8 (1280 4096 0 ) (1024 4096 0 ) (1024 4352 0 ) (1536 4352 0 ) 
4 8 30 (1024 4096 -384 ) (1024 4096 0 ) (1024 4608 0 ) (1024 4608 -384 ) 
4 8 20 (2048 4096 -384 ) (2048 4096 0 ) (1024 4096 0 ) (1024 4096 -384 ) 
4 9 15 (3072 4096 0 ) (3072 4096 -384 ) (3072 3072 -384 ) (3072 3072 0 ) 
4 9 12 (3072 4096 64 ) (3072 4096 0 ) (3072 3584 0 ) (3072 3584 64 ) 
4 9 11 (3072 4096 704 ) (3072 4096 64 ) (3072 3072 64 ) (3072 3072 704 ) 
4 9 10 (3520 3072 704 ) (3072 3072 704 ) (3072 3072 -384 ) (3520 3072 -384 ) 
4 10 52 (3520 2048 704 ) (3072 2048 704 ) (3072 2048 -384 ) (3520 2048 -384 ) 
4 10 23 (3072 2048 -384 ) (3072 2048 0 ) (3072 3072 0 ) (3072 3072 -384 ) 
4 10 21 (3072 2048 64 ) (3072 2048 704 ) (3072 3072 704 ) (3072 3072 64 ) 
4 11 21 (3072 3072 64 ) (3072 3072 704 ) (2048 3072 704 ) (2048 3072 64 ) 
4 11 16 (2048 4096 704 ) (2048 4096 64 ) (2048 3072 64 ) (2048 3072 704 ) 
5 11 14 (2560 3584 64 ) (2816 3328 64 ) (2816 3072 64 ) (2304 3072 64 ) (2304 3328 64 ) 
3 11 13 (2048 3584 64 ) (2048 4096 64 ) (2304 3840 64 ) 
3 11 12 (2560 4096 64 ) (3072 4096 64 ) (3072 3584 64 ) 
3 12 15 (2560 4096 0 ) (3072 4096 0 ) (3072 3584 0 ) 
4 13 17 (2048 4096 64 ) (2048 4096 0 ) (2048 3584 0 ) (2048 3584 64 ) 
3 13 15 (2048 3584 0 ) (2048 4096 0 ) (2304 3840 0 ) 
4 14 22 (2816 3072 64 ) (2304 3072 64 ) (2304 3072 0 ) (2816 3072 0 ) 
5 14 15 (2816 3072 0 ) (2304 3072 0 ) (2304 3328 0 ) (2560 3584 0 ) (2816 3328 0 ) 
4 15 23 (3072 3072 -384 ) (3072 3072 0 ) (2048 3072 0 ) (2048 3072 -384 ) 
4 15 20 (2048 4096 0 ) (2048 4096 -384 ) (2048 3072 -384 ) (2048 3072 0 ) 
4 16 33 (1024 3072 64 ) (1024 3072 704 ) (1024 4096 704 ) (1024 4096 64 ) 
4 16 24 (2048 3072 64 ) (2048 3072 704 ) (1024 3072 704 ) (1024 3072 64 ) 
5 16 19 (1792 3072 64 ) (1024 3072 64 ) (1024 3328 64 ) (1280 3584 64 ) (1792 3584 64 ) 
3 16 18 (1024 3840 64 ) (1024 4096 64 ) (1280 4096 64 ) 
4 16 17 (1792 4096 64 ) (2048 4096 64 ) (2048 3584 64 ) (1280 3584 64 ) 
4 17 20 (2048 4096 0 ) (2048 3584 0 ) (1280 3584 0 ) (1792 4096 0 ) 
4 17 19 (1280 3584 0 ) (1792 3584 0 ) (1792 3584 64 ) (1280 3584 64 ) 
3 18 20 (1024 3840 0 ) (1024 4096 0 ) (1280 4096 0 ) 
4 19 27 (1536 3072 64 ) (1024 3072 64 ) (1024 3072 0 ) (1536 3072 0 ) 
4 19 26 (1792 3072 64 ) (1536 3072 64 ) (1536 3072 0 ) (1792 3072 0 ) 
5 19 20 (1792 3072 0 ) (1024 3072 0 ) (1024 3328 0 ) (1280 3584 0 ) (1792 3584 0 ) 
4 20 37 (1024 3072 -384 ) (1024 3072 0 ) (1024 4096 0 ) (1024 4096 -384 ) 
4 20 29 (2048 3072 -384 ) (2048 3072 0 ) (1024 3072 0 ) (1024 3072 -384 ) 
4 21 54 (3072 2048 64 ) (3072 2048 704 ) (2048 2048 704 ) (2048 2048 64 ) 
4 21 24 (2048 3072 704 ) (2048 3072 64 ) (2048 2048 64 ) (2048 2048 704 ) 
4 21 22 (2048 2816 64 ) (2048 3072 64 ) (2816 3072 64 ) (2816 2816 64 ) 
4 22 25 (2048 3072 64 ) (2048 3072 0 ) (2048 2816 0 ) (2048 2816 64 ) 
4 22 23 (2048 3072 0 ) (2816 3072 0 ) (2816 2816 0 ) (2048 2816 0 ) 
4 23 58 (3072 2048 -384 ) (3072 2048 0 ) (2048 2048 0 ) (2048 2048 -384 ) 
4 23 29 (2048 3072 0 ) (2048 3072 -384 ) (2048 2048 -384 ) (2048 2048 0 ) 
4 24 59 (2048 2048 64 ) (2048 2048 704 ) (1024 2048 704 ) (1024 2048 64 ) 
4 24 42 (1024 2048 64 ) (1024 2048 704 ) (1024 3072 704 ) (1024 3072 64 ) 
3 24 28 (1280 2048 64 ) (1024 2048 64 ) (1024 2304 64 ) 
4 24 27 (1536 2048 64 ) (1024 2560 64 ) (1024 3072 64 ) (1536 3072 64 ) 
4 24 26 (1536 2560 64 ) (1536 3072 64 ) (1792 3072 64 ) (1792 2560 64 ) 
4 24 25 (1792 2816 64 ) (1792 3072 64 ) (2048 3072 64 ) (2048 2816 64 ) 
4 25 29 (2048 3072 0 ) (2048 2816 0 ) (1792 2816 0 ) (1792 3072 0 ) 
4 25 26 (1792 3072 0 ) (1792 2816 0 ) (1792 2816 64 ) (1792 3072 64 ) 
4 26 29 (1536 2560 0 ) (1536 3072 0 ) (1792 3072 0 ) (1792 2560 0 ) 
4 26 27 (1536 3072 0 ) (1536 2560 0 ) (1536 2560 64 ) (1536 3072 64 ) 
4 27 29 (1536 2048 0 ) (1024 2560 0 ) (1024 3072 0 ) (1536 3072 0 ) 
4 28 62 (1280 2048 64 ) (1024 2048 64 ) (1024 2048 0 ) (1280 2048 0 ) 
4 28 44 (1024 2048 0 ) (1024 2048 64 ) (1024 2304 64 ) (1024 2304 0 ) 
3 28 29 (1280 2048 0 ) (1024 2048 0 ) (1024 2304 0 ) 
4 29 63 (2048 2048 -384 ) (2048 2048 0 ) (1024 2048 0 ) (1024 2048 -384 ) 
4 29 45 (1024 2048 -384 ) (1024 2048 0 ) (1024 3072 0 ) (1024 3072 -384 ) 
4 30 37 (1024 4096 -384 ) (1024 4096 0 ) (0 4096 0 ) (0 4096 -384 ) 
4 30 36 (512 4096 64 ) (0 4096 64 ) (0 4096 0 ) (512 4096 0 ) 
4 30 34 (768 4096 64 ) (512 4096 64 ) (512 4096 0 ) (768 4096 0 ) 
4 30 33 (1024 4096 64 ) (1024 4096 704 ) (0 4096 704 ) (0 4096 64 ) 
4 30 31 (0 4096 -384 ) (0 4096 704 ) (0 4608 704 ) (0 4608 -384 ) 
4 31 41 (0 4096 -384 ) (0 4096 0 ) (-1024 4096 0 ) (-1024 4096 -384 ) 
4 31 38 (0 4096 0 ) (0 4096 704 ) (-512 4096 704 ) (-512 4096 0 ) 
4 31 40 (-512 4096 704 ) (-1024 4096 704 ) (-1024 4096 0 ) (-512 4096 0 ) 
4 31 32 (-1024 4096 -384 ) (-1024 4096 704 ) (-1024 4608 704 ) (-1024 4608 -384 ) 
4 32 50 (-1024 4096 -384 ) (-1024 4096 704 ) (-1376 4096 704 ) (-1376 4096 -384 ) 
4 33 42 (1024 3072 64 ) (1024 3072 704 ) (0 3072 704 ) (0 3072 64 ) 
4 33 39 (0 3840 64 ) (0 3072 64 ) (0 3072 704 ) (0 3840 704 ) 
4 33 38 (0 4096 704 ) (0 4096 64 ) (0 3840 64 ) (0 3840 704 ) 
4 33 36 (0 3840 64 ) (0 4096 64 ) (512 4096 64 ) (512 3840 64 ) 
4 33 34 (512 4096 64 ) (768 4096 64 ) (768 3584 64 ) (512 3584 64 ) 
4 33 35 (768 3328 64 ) (768 3072 64 ) (512 3072 64 ) (512 3328 64 ) 
4 34 37 (512 3584 0 ) (512 4096 0 ) (768 4096 0 ) (768 3584 0 ) 
4 34 36 (512 4096 0 ) (512 3840 0 ) (512 3840 64 ) (512 4096 64 ) 
4 35 43 (768 3072 64 ) (512 3072 64 ) (512 3072 0 ) (768 3072 0 ) 
4 35 37 (768 3072 0 ) (512 3072 0 ) (512 3328 0 ) (768 3328 0 ) 
4 36 38 (0 4096 64 ) (0 4096 0 ) (0 3840 0 ) (0 3840 64 ) 
4 36 37 (0 3840 0 ) (0 4096 0 ) (512 4096 0 ) (512 3840 0 ) 
4 37 45 (1024 3072 -384 ) (1024 3072 0 ) (0 3072 0 ) (0 3072 -384 ) 
4 37 41 (0 4096 0 ) (0 4096 -384 ) (0 3072 -384 ) (0 3072 0 ) 
4 38 41 (-512 4096 0 ) (0 4096 0 ) (0 3840 0 ) (-512 3840 0 ) 
4 38 39 (-512 3840 704 ) (-512 3840 64 ) (0 3840 64 ) (0 3840 704 ) 
4 38 40 (-512 4096 0 ) (-512 3840 0 ) (-512 3840 704 ) (-512 4096 704 ) 
4 39 46 (0 3072 64 ) (0 3072 704 ) (-512 3072 704 ) (-512 3072 64 ) 
4 39 40 (-512 3072 64 ) (-512 3072 704 ) (-512 3840 704 ) (-512 3840 64 ) 
4 40 50 (-1024 4096 704 ) (-1024 4096 0 ) (-1024 3072 0 ) (-1024 3072 704 ) 
4 40 47 (-1024 3072 64 ) (-1024 3072 0 ) (-512 3072 0 ) (-512 3072 64 ) 
4 40 46 (-512 3072 704 ) (-1024 3072 704 ) (-1024 3072 64 ) (-512 3072 64 ) 
4 40 41 (-1024 4096 0 ) (-512 4096 0 ) (-512 3072 0 ) (-1024 3072 0 ) 
4 41 50 (-1024 4096 0 ) (-1024 4096 -384 ) (-1024 3072 -384 ) (-1024 3072 0 ) 
4 41 49 (0 3072 -384 ) (0 3072 0 ) (-1024 3072 0 ) (-1024 3072 -384 ) 
4 42 75 (1024 2048 64 ) (1024 2048 704 ) (0 2048 704 ) (0 2048 64 ) 
4 42 46 (0 3072 704 ) (0 3072 64 ) (0 2048 64 ) (0 2048 704 ) 
4 42 44 (1024 2048 64 ) (512 2048 64 ) (512 2304 64 ) (1024 2304 64 ) 
4 42 43 (512 2560 64 ) (512 3072 64 ) (768 3072 64 ) (768 2560 64 ) 
4 43 45 (512 3072 0 ) (768 3072 0 ) (768 2560 0 ) (512 2560 0 ) 
4 44 77 (640 2048 64 ) (512 2048 64 ) (512 2048 0 ) (640 2048 0 ) 
4 44 76 (1024 2048 0 ) (1024 2048 64 ) (640 2048 64 ) (640 2048 0 ) 
4 44 45 (1024 2304 0 ) (1024 2048 0 ) (512 2048 0 ) (512 2304 0 ) 
4 45 81 (1024 2048 -384 ) (1024 2048 0 ) (0 2048 0 ) (0 2048 -384 ) 
4 45 49 (0 3072 0 ) (0 3072 -384 ) (0 2048 -384 ) (0 2048 0 ) 
4 46 82 (0 2048 64 ) (0 2048 704 ) (-1024 2048 704 ) (-1024 2048 64 ) 
4 46 51 (-1024 2048 64 ) (-1024 2048 704 ) (-1024 3072 704 ) (-1024 3072 64 ) 
4 46 48 (-256 2048 64 ) (-1024 2048 64 ) (-1024 2816 64 ) (-256 2816 64 ) 
4 46 47 (-1024 2816 64 ) (-1024 3072 64 ) (-512 3072 64 ) (-512 2816 64 ) 
4 47 51 (-1024 2816 64 ) (-1024 3072 64 ) (-1024 3072 0 ) (-1024 2816 0 ) 
4 47 49 (-512 2816 0 ) (-1024 2816 0 ) (-1024 3072 0 ) (-512 3072 0 ) 
4 47 48 (-1024 2816 0 ) (-512 2816 0 ) (-512 2816 64 ) (-1024 2816 64 ) 
4 48 84 (-256 2048 64 ) (-1024 2048 64 ) (-1024 2048 0 ) (-256 2048 0 ) 
4 48 51 (-1024 2048 0 ) (-1024 2048 64 ) (-1024 2816 64 ) (-1024 2816 0 ) 
4 48 49 (-256 2048 0 ) (-1024 2048 0 ) (-1024 2816 0 ) (-256 2816 0 ) 
4 49 85 (0 2048 -384 ) (0 2048 0 ) (-1024 2048 0 ) (-1024 2048 -384 ) 
4 49 51 (-1024 2048 -384 ) (-1024 2048 0 ) (-1024 3072 0 ) (-1024 3072 -384 ) 
4 50 51 (-1024 3072 -384 ) (-1024 3072 704 ) (-1376 3072 704 ) (-1376 3072 -384 ) 
4 51 95 (-1024 2048 -384 ) (-1024 2048 704 ) (-1376 2048 704 ) (-1376 2048 -384 ) 
4 52 58 (3072 2048 0 ) (3072 2048 -384 ) (3072 1024 -384 ) (3072 1024 0 ) 
4 52 55 (3072 1536 0 ) (3072 1024 0 ) (3072 1024 64 ) (3072 1536 64 ) 
4 52 54 (3072 2048 704 ) (3072 2048 64 ) (3072 1024 64 ) (3072 1024 704 ) 
4 52 53 (3520 1024 704 ) (3072 1024 704 ) (3072 1024 -384 ) (3520 1024 -384 ) 
4 53 72 (3520 0 704 ) (3072 0 704 ) (3072 0 -384 ) (3520 0 -384 ) 
4 53 66 (3072 0 -384 ) (3072 0 0 ) (3072 1024 0 ) (3072 1024 -384 ) 
4 53 65 (3072 0 0 ) (3072 0 64 ) (3072 1024 64 ) (3072 1024 0 ) 
4 53 64 (3072 0 64 ) (3072 0 704 ) (3072 1024 704 ) (3072 1024 64 ) 
4 54 64 (3072 1024 64 ) (3072 1024 704 ) (2048 1024 704 ) (2048 1024 64 ) 
4 54 59 (2048 2048 704 ) (2048 2048 64 ) (2048 1024 64 ) (2048 1024 704 ) 
4 54 57 (2048 1024 64 ) (2048 1792 64 ) (2304 1792 64 ) (2304 1280 64 ) 
3 54 56 (2560 1536 64 ) (2560 1792 64 ) (2816 1792 64 ) 
3 54 55 (3072 1536 64 ) (3072 1024 64 ) (2560 1024 64 ) 
4 55 65 (3072 1024 0 ) (3072 1024 64 ) (2560 1024 64 ) (2560 1024 0 ) 
3 55 58 (3072 1024 0 ) (2560 1024 0 ) (3072 1536 0 ) 
3 56 58 (2560 1536 0 ) (2560 1792 0 ) (2816 1792 0 ) 
4 57 60 (2048 1792 0 ) (2048 1280 0 ) (2048 1280 64 ) (2048 1792 64 ) 
4 57 58 (2048 1024 0 ) (2048 1792 0 ) (2304 1792 0 ) (2304 1280 0 ) 
4 58 66 (3072 1024 -384 ) (3072 1024 0 ) (2048 1024 0 ) (2048 1024 -384 ) 
4 58 63 (2048 2048 0 ) (2048 2048 -384 ) (2048 1024 -384 ) (2048 1024 0 ) 
4 59 75 (1024 2048 704 ) (1024 2048 64 ) (1024 1024 64 ) (1024 1024 704 ) 
4 59 67 (2048 1024 64 ) (2048 1024 704 ) (1024 1024 704 ) (1024 1024 64 ) 
5 59 62 (1280 1024 64 ) (1152 1024 64 ) (1024 1152 64 ) (1024 2048 64 ) (1280 2048 64 ) 
4 59 61 (1280 1280 64 ) (1280 2048 64 ) (1536 1792 64 ) (1536 1280 64 ) 
4 59 60 (1792 1280 64 ) (1792 1792 64 ) (2048 1792 64 ) (2048 1280 64 ) 
4 60 63 (2048 1792 0 ) (2048 1280 0 ) (1792 1280 0 ) (1792 1792 0 ) 
4 61 63 (1280 2048 0 ) (1536 1792 0 ) (1536 1280 0 ) (1280 1280 0 ) 
4 61 62 (1280 2048 0 ) (1280 1280 0 ) (1280 1280 64 ) (1280 2048 64 ) 
4 62 76 (1024 2048 64 ) (1024 2048 0 ) (1024 1152 0 ) (1024 1152 64 ) 
4 62 69 (1280 1024 64 ) (1152 1024 64 ) (1152 1024 0 ) (1280 1024 0 ) 
5 62 63 (1024 2048 0 ) (1280 2048 0 ) (1280 1024 0 ) (1152 1024 0 ) (1024 1152 0 ) 
4 63 81 (1024 2048 0 ) (1024 2048 -384 ) (1024 1024 -384 ) (1024 1024 0 ) 
4 63 71 (2048 1024 -384 ) (2048 1024 0 ) (1024 1024 0 ) (1024 1024 -384 ) 
4 64 73 (3072 0 64 ) (3072 0 704 ) (2048 0 704 ) (2048 0 64 ) 
4 64 67 (2048 1024 704 ) (2048 1024 64 ) (2048 0 64 ) (2048 0 704 ) 
5 64 65 (3072 0 64 ) (2048 0 64 ) (2048 512 64 ) (2560 1024 64 ) (3072 1024 64 ) 
4 65 73 (3072 0 0 ) (3072 0 64 ) (2048 0 64 ) (2048 0 0 ) 
4 65 68 (2048 512 0 ) (2048 0 0 ) (2048 0 64 ) (2048 512 64 ) 
5 65 66 (2560 1024 0 ) (3072 1024 0 ) (3072 0 0 ) (2048 0 0 ) (2048 512 0 ) 
4 66 73 (3072 0 -384 ) (3072 0 0 ) (2048 0 0 ) (2048 0 -384 ) 
4 66 71 (2048 1024 0 ) (2048 1024 -384 ) (2048 0 -384 ) (2048 0 0 ) 
4 67 86 (1024 0 64 ) (1024 0 704 ) (1024 1024 704 ) (1024 1024 64 ) 
4 67 74 (2048 0 64 ) (2048 0 704 ) (1024 0 704 ) (1024 0 64 ) 
4 67 70 (1280 0 64 ) (1024 0 64 ) (1024 256 64 ) (1280 512 64 ) 
4 67 69 (1152 1024 64 ) (1280 1024 64 ) (1280 768 64 ) (1152 768 64 ) 
4 67 68 (2048 0 64 ) (1280 0 64 ) (1280 512 64 ) (2048 512 64 ) 
4 68 74 (2048 0 0 ) (2048 0 64 ) (1280 0 64 ) (1280 0 0 ) 
4 68 71 (2048 512 0 ) (2048 0 0 ) (1280 0 0 ) (1280 512 0 ) 
4 68 70 (1280 512 0 ) (1280 0 0 ) (1280 0 64 ) (1280 512 64 ) 
4 69 71 (1152 1024 0 ) (1280 1024 0 ) (1280 768 0 ) (1152 768 0 ) 
4 70 89 (1024 0 0 ) (1024 0 64 ) (1024 256 64 ) (1024 256 0 ) 
4 70 74 (1280 0 64 ) (1024 0 64 ) (1024 0 0 ) (1280 0 0 ) 
4 70 71 (1280 0 0 ) (1024 0 0 ) (1024 256 0 ) (1280 512 0 ) 
4 71 90 (1024 0 -384 ) (1024 0 0 ) (1024 1024 0 ) (1024 1024 -384 ) 
4 71 74 (2048 0 -384 ) (2048 0 0 ) (1024 0 0 ) (1024 0 -384 ) 
4 72 73 (3072 0 704 ) (3072 0 -384 ) (3072 -544 -384 ) (3072 -544 704 ) 
4 73 74 (2048 0 704 ) (2048 0 -384 ) (2048 -544 -384 ) (2048 -544 704 ) 
4 74 100 (1024 -544 704 ) (1024 -256 704 ) (1024 -256 -384 ) (1024 -544 -384 ) 
4 74 97 (1024 -256 704 ) (1024 0 704 ) (1024 0 -384 ) (1024 -256 -384 ) 
4 75 86 (1024 1024 64 ) (1024 1024 704 ) (0 1024 704 ) (0 1024 64 ) 
4 75 82 (0 2048 704 ) (0 2048 64 ) (0 1024 64 ) (0 1024 704 ) 
6 75 80 (0 1024 64 ) (0 1280 64 ) (256 1536 64 ) (384 1536 64 ) (512 1408 64 ) (512 1024 64 ) 
4 75 79 (256 2048 64 ) (512 2048 64 ) (512 1664 64 ) (256 1664 64 ) 
3 75 78 (640 1024 64 ) (512 1024 64 ) (512 1152 64 ) 
4 75 77 (512 2048 64 ) (640 2048 64 ) (640 1536 64 ) (512 1664 64 ) 
5 75 76 (640 2048 64 ) (1024 2048 64 ) (1024 1152 64 ) (768 1152 64 ) (640 1280 64 ) 
5 76 81 (640 1280 0 ) (640 2048 0 ) (1024 2048 0 ) (1024 1152 0 ) (768 1152 0 ) 
4 76 77 (640 2048 0 ) (640 1536 0 ) (640 1536 64 ) (640 2048 64 ) 
4 77 81 (512 1664 0 ) (512 2048 0 ) (640 2048 0 ) (640 1536 0 ) 
4 77 79 (512 2048 0 ) (512 1664 0 ) (512 1664 64 ) (512 2048 64 ) 
4 78 87 (640 1024 64 ) (512 1024 64 ) (512 1024 0 ) (640 1024 0 ) 
3 78 81 (640 1024 0 ) (512 1024 0 ) (512 1152 0 ) 
4 78 80 (512 1152 0 ) (512 1024 0 ) (512 1024 64 ) (512 1152 64 ) 
4 79 81 (256 2048 0 ) (512 2048 0 ) (512 1664 0 ) (256 1664 0 ) 
4 80 87 (512 1024 64 ) (0 1024 64 ) (0 1024 0 ) (512 1024 0 ) 
6 80 81 (512 1024 0 ) (0 1024 0 ) (0 1280 0 ) (256 1536 0 ) (384 1536 0 ) (512 1408 0 ) 
4 81 90 (1024 1024 -384 ) (1024 1024 0 ) (0 1024 0 ) (0 1024 -384 ) 
4 81 85 (0 2048 0 ) (0 2048 -384 ) (0 1024 -384 ) (0 1024 0 ) 
4 82 95 (-1024 2048 704 ) (-1024 2048 64 ) (-1024 1024 64 ) (-1024 1024 704 ) 
4 82 91 (0 1024 64 ) (0 1024 704 ) (-1024 1024 704 ) (-1024 1024 64 ) 
5 82 84 (-512 1024 64 ) (-1024 1024 64 ) (-1024 2048 64 ) (-256 2048 64 ) (-256 1280 64 ) 
4 82 83 (-256 1536 64 ) (-256 2048 64 ) (0 2048 64 ) (0 1792 64 ) 
4 83 85 (-256 2048 0 ) (0 2048 0 ) (0 1792 0 ) (-256 1536 0 ) 
4 83 84 (-256 2048 0 ) (-256 1536 0 ) (-256 1536 64 ) (-256 2048 64 ) 
4 84 95 (-1024 2048 64 ) (-1024 2048 0 ) (-1024 1024 0 ) (-1024 1024 64 ) 
4 84 93 (-512 1024 64 ) (-1024 1024 64 ) (-1024 1024 0 ) (-512 1024 0 ) 
5 84 85 (-1024 2048 0 ) (-256 2048 0 ) (-256 1280 0 ) (-512 1024 0 ) (-1024 1024 0 ) 
4 85 95 (-1024 2048 0 ) (-1024 2048 -384 ) (-1024 1024 -384 ) (-1024 1024 0 ) 
4 85 94 (0 1024 -384 ) (0 1024 0 ) (-1024 1024 0 ) (-1024 1024 -384 ) 
4 86 98 (256 0 704 ) (0 0 704 ) (0 0 64 ) (256 0 64 ) 
4 86 97 (1024 0 64 ) (1024 0 704 ) (256 0 704 ) (256 0 64 ) 
4 86 91 (0 1024 704 ) (0 1024 64 ) (0 0 64 ) (0 0 704 ) 
3 86 88 (0 256 64 ) (0 512 64 ) (256 256 64 ) 
4 86 89 (0 0 64 ) (0 256 64 ) (1024 256 64 ) (1024 0 64 ) 
6 86 87 (0 1024 64 ) (896 1024 64 ) (1024 896 64 ) (1024 768 64 ) (768 512 64 ) (512 512 64 ) 
6 87 90 (0 1024 0 ) (896 1024 0 ) (1024 896 0 ) (1024 768 0 ) (768 512 0 ) (512 512 0 ) 
4 88 92 (0 512 0 ) (0 256 0 ) (0 256 64 ) (0 512 64 ) 
3 88 90 (0 256 0 ) (0 512 0 ) (256 256 0 ) 
4 88 89 (0 256 0 ) (256 256 0 ) (256 256 64 ) (0 256 64 ) 
4 89 97 (1024 0 0 ) (1024 0 64 ) (256 0 64 ) (256 0 0 ) 
4 89 92 (0 256 0 ) (0 0 0 ) (0 0 64 ) (0 256 64 ) 
4 89 90 (1024 0 0 ) (0 0 0 ) (0 256 0 ) (1024 256 0 ) 
4 90 99 (256 0 0 ) (0 0 0 ) (0 0 -384 ) (256 0 -384 ) 
4 90 97 (1024 0 -384 ) (1024 0 0 ) (256 0 0 ) (256 0 -384 ) 
4 90 94 (0 1024 0 ) (0 1024 -384 ) (0 0 -384 ) (0 0 0 ) 
4 91 101 (0 0 64 ) (0 0 704 ) (-1024 0 704 ) (-1024 0 64 ) 
4 91 96 (-1024 0 64 ) (-1024 0 704 ) (-1024 1024 704 ) (-1024 1024 64 ) 
3 91 93 (-1024 512 64 ) (-1024 1024 64 ) (-512 1024 64 ) 
5 91 92 (0 0 64 ) (-512 0 64 ) (-768 256 64 ) (-256 768 64 ) (0 512 64 ) 
5 92 94 (0 512 0 ) (0 0 0 ) (-512 0 0 ) (-768 256 0 ) (-256 768 0 ) 
4 93 96 (-1024 512 64 ) (-1024 1024 64 ) (-1024 1024 0 ) (-1024 512 0 ) 
3 93 94 (-1024 512 0 ) (-1024 1024 0 ) (-512 1024 0 ) 
4 94 104 (0 0 -384 ) (0 0 0 ) (-1024 0 0 ) (-1024 0 -384 ) 
4 94 96 (-1024 0 -384 ) (-1024 0 0 ) (-1024 1024 0 ) (-1024 1024 -384 ) 
4 95 96 (-1024 1024 -384 ) (-1024 1024 704 ) (-1376 1024 704 ) (-1376 1024 -384 ) 
4 96 105 (-1024 0 -384 ) (-1024 0 704 ) (-1376 0 704 ) (-1376 0 -384 ) 
4 97 100 (256 -256 -384 ) (1024 -256 -384 ) (1024 -256 704 ) (256 -256 704 ) 
4 97 98 (256 -256 64 ) (256 -256 704 ) (256 0 704 ) (256 0 64 ) 
4 97 99 (256 0 -384 ) (256 -256 -384 ) (256 -256 0 ) (256 0 0 ) 
4 98 101 (0 0 704 ) (0 0 64 ) (0 -256 64 ) (0 -256 704 ) 
4 98 100 (256 -256 64 ) (256 -256 704 ) (0 -256 704 ) (0 -256 64 ) 
4 99 104 (0 0 0 ) (0 0 -384 ) (0 -256 -384 ) (0 -256 0 ) 
4 99 100 (0 -256 -384 ) (256 -256 -384 ) (256 -256 0 ) (0 -256 0 ) 
4 100 104 (0 -256 -384 ) (0 -544 -384 ) (0 -544 0 ) (0 -256 0 ) 
4 100 103 (0 -544 0 ) (0 -544 64 ) (0 -256 64 ) (0 -256 0 ) 
4 100 101 (0 -544 64 ) (0 -544 704 ) (0 -256 704 ) (0 -256 64 ) 
4 101 105 (-1024 0 704 ) (-1024 0 64 ) (-1024 -544 64 ) (-1024 -544 704 ) 
4 101 103 (-1024 -544 64 ) (-1024 -256 64 ) (0 -256 64 ) (0 -544 64 ) 
3 101 102 (-1024 -256 64 ) (-1024 0 64 ) (-768 -256 64 ) 
4 102 105 (-1024 0 64 ) (-1024 0 0 ) (-1024 -256 0 ) (-1024 -256 64 ) 
3 102 104 (-1024 0 0 ) (-768 -256 0 ) (-1024 -256 0 ) 
4 102 103 (-1024 -256 0 ) (-768 -256 0 ) (-768 -256 64 ) (-1024 -256 64 ) 
4 103 105 (-1024 -256 0 ) (-1024 -544 0 ) (-1024 -544 64 ) (-1024 -256 64 ) 
4 103 104 (0 -256 0 ) (0 -544 0 ) (-1024 -544 0 ) (-1024 -256 0 ) 
4 104 105 (-1024 0 0 ) (-1024 0 -384 ) (-1024 -544 -384 ) (-1024 -544 0 ) 
