


CustomMaterialManager: Cached KeyValues materials/models/weapons/v_models/knife_butterfly/knife_butterfly.vmt.
CustomMaterialManager: Cached KeyValues materials/models/weapons/v_models/knife_bayonet/knife_bayonet.vmt.
CustomMaterialManager: Cached KeyValues materials/models/weapons/v_models/knife_ct/knife_ct.vmt.
CustomMaterialManager: Cached KeyValues materials/models/weapons/v_models/knife_flip/knife_flip.vmt.
CustomMaterialManager: Cached KeyValues materials/models/weapons/v_models/knife_gut/knife_gut.vmt.
CustomMaterialManager: Cached KeyValues materials/models/weapons/v_models/knife_karam/karam.vmt.
CustomMaterialManager: Cached KeyValues materials/models/weapons/v_models/knife_m9_bay/knife_m9_bay.vmt.
CustomMaterialManager: Cached KeyValues materials/models/weapons/v_models/knife_t/knife_t.vmt.
CustomMaterialManager: Cached KeyValues materials/models/weapons/v_models/knife_tactical/knife_tactical.vmt.
CustomMaterialManager: Cached KeyValues materials/models/weapons/v_models/mach_m249para/m249.vmt.
CustomMaterialManager: Cached KeyValues materials/models/weapons/v_models/mach_negev/mach_negev.vmt.
CustomMaterialManager: Cached KeyValues materials/models/weapons/v_models/pist_223/pist_223.vmt.
CustomMaterialManager: Cached KeyValues materials/models/weapons/v_models/pist_cz_75/pist_cz_75.vmt.
CustomMaterialManager: Cached KeyValues materials/models/weapons/v_models/pist_deagle/pist_deagle.vmt.
CustomMaterialManager: Cached KeyValues materials/models/weapons/v_models/pist_elite/m9a1.vmt.
CustomMaterialManager: Cached KeyValues materials/models/weapons/v_models/pist_fiveseven/fiveseven.vmt.
CustomMaterialManager: Cached KeyValues materials/models/weapons/v_models/pist_glock18/pist_glock18.vmt.
CustomMaterialManager: Cached KeyValues materials/models/weapons/v_models/pist_hkp2000/pist_hkp2000.vmt.
CustomMaterialManager: Cached KeyValues materials/models/weapons/v_models/pist_p250/p250.vmt.
CustomMaterialManager: Cached KeyValues materials/models/weapons/v_models/pist_tec9/pist_tec9.vmt.
CustomMaterialManager: Cached KeyValues materials/models/weapons/v_models/rif_ak47/ak47.vmt.
CustomMaterialManager: Cached KeyValues materials/models/weapons/v_models/rif_aug/rif_aug.vmt.
CustomMaterialManager: Cached KeyValues materials/models/weapons/v_models/rif_famas/rif_famas.vmt.
CustomMaterialManager: Cached KeyValues materials/models/weapons/v_models/rif_galilar/rif_galilar.vmt.
CustomMaterialManager: Cached KeyValues materials/models/weapons/v_models/rif_m4a1/rif_m4a1.vmt.
CustomMaterialManager: Cached KeyValues materials/models/weapons/v_models/rif_m4a1_s/rif_m4a1_s.vmt.
CustomMaterialManager: Cached KeyValues materials/models/weapons/v_models/rif_sg556/rif_sg556.vmt.
CustomMaterialManager: Cached KeyValues materials/models/weapons/v_models/shot_mag7/shot_mag7.vmt.
CustomMaterialManager: Cached KeyValues materials/models/weapons/v_models/shot_nova/shot_nova.vmt.
CustomMaterialManager: Cached KeyValues materials/models/weapons/v_models/shot_sawedoff/shot_sawedoff_01.vmt.
CustomMaterialManager: Cached KeyValues materials/models/weapons/v_models/shot_xm1014/shot_xm1014.vmt.
CustomMaterialManager: Cached KeyValues materials/models/weapons/v_models/smg_bizon/bizon.vmt.
CustomMaterialManager: Cached KeyValues materials/models/weapons/v_models/smg_mac10/smg_mac10_1.vmt.
CustomMaterialManager: Cached KeyValues materials/models/weapons/v_models/smg_mp7/smg_mp7.vmt.
CustomMaterialManager: Cached KeyValues materials/models/weapons/v_models/smg_mp9/smg_mp9.vmt.
CustomMaterialManager: Cached KeyValues materials/models/weapons/v_models/smg_p90/smg_p90.vmt.
CustomMaterialManager: Cached KeyValues materials/models/weapons/v_models/smg_ump45/smg_ump45.vmt.
CustomMaterialManager: Cached KeyValues materials/models/weapons/v_models/snip_awp/awp.vmt.
CustomMaterialManager: Cached KeyValues materials/models/weapons/v_models/snip_g3sg1/snip_g3sg1.vmt.
CustomMaterialManager: Cached KeyValues materials/models/weapons/v_models/snip_scar20/snip_scar20.vmt.
CustomMaterialManager: Cached KeyValues materials/models/weapons/v_models/snip_ssg08/snip_ssg08.vmt.
CustomMaterialManager: Cached KeyValues materials/models/weapons/v_models/snip_ssg08/snip_ssg08_scope.vmt.
CustomMaterialManager: Cached KeyValues materials/models/weapons/v_models/knife_falchion_advanced/knife_falchion_advanced.vmt.
materialPath: G:\Steam\steamapps\common\Counter-Strike Global Offensive\csgo\materials
Loading G:\Steam\SteamApps\common\Counter-Strike Global Offensive\sdk_content\maps\de_plateau_08.vmf
Map revision 22
fixing up env_cubemap materials on brush sides...
0...1...2...3...4...5...6...7...8...9...100...1...2...3...4...5...6...7...8...9...10Processing areas...done (0)
Building Faces...done (0)
Chop Details...done (0)
Find Visible Detail Sides...
Merged 106 detail faces...done (0)
Merging details...done (0)
FixTjuncs...
PruneNodes...
WriteBSP...
done (0)
writing G:\Steam\SteamApps\common\Counter-Strike Global Offensive\sdk_content\maps\de_plateau_08.prt...Building visibility clusters...
done (0)
Finding displacement neighbors...
Finding lightmap sample positions...
Displacement Alpha : 0...1...2...3...4...5...6...7...8...9...10
Building Physics collision data...
done (0) (206510 bytes)
Placing detail props : 0...1...2...3...4...5...6...7...8...9...10
Compacting texture/material tables...
Reduced 228 texinfos to 194
Reduced 12 texdatas to 12 (282 bytes to 282)
Writing G:\Steam\SteamApps\common\Counter-Strike Global Offensive\sdk_content\maps\de_plateau_08.bsp
0 seconds elapsed



4 threads
reading g:\steam\steamapps\common\counter-strike global offensive\sdk_content\maps\de_plateau_08.bsp
reading g:\steam\steamapps\common\counter-strike global offensive\sdk_content\maps\de_plateau_08.prt
 627 portalclusters
1941 numportals
0...1...2...3...4...5...6...7...8...9...100...1...2...3...4...5...6...7...8...9...10Optimized: 525 visible clusters (0.00%)
Total clusters visible: 164380
Average clusters visible: 262
Building PAS...
Average clusters audible: 626
visdatasize:99070  compressed from 100320
writing g:\steam\steamapps\common\counter-strike global offensive\sdk_content\maps\de_plateau_08.bsp
29 seconds elapsed



[Reading texlights from 'lights.rad']
[2 texlights parsed from 'lights.rad']

Loading g:\steam\steamapps\common\counter-strike global offensive\sdk_content\maps\de_plateau_08.bsp
2303 faces
804661 square feet [115871184.00 square inches]
0 Displacements
0 Square Feet [0.00 Square Inches]
2303 patches before subdivision
63277 patches after subdivision
2 direct lights
0...1...2...3...4...5...6...7...8...9...100...1...2...3...4...5...6...7...8...9...10transfers 2469264, max 673
transfer lists:  18.8 megs
0...1...2...3...4...5...6...7...8...9...10	Bounce #1 added RGB(778670, 288650, 118110)
0...1...2...3...4...5...6...7...8...9...10	Bounce #2 added RGB(268611, 38096, 2219)
0...1...2...3...4...5...6...7...8...9...10	Bounce #3 added RGB(89975, 4853, 118)
0...1...2...3...4...5...6...7...8...9...10	Bounce #4 added RGB(33319, 683, 5)
0...1...2...3...4...5...6...7...8...9...10	Bounce #5 added RGB(12836, 97, 0)
0...1...2...3...4...5...6...7...8...9...10	Bounce #6 added RGB(5247, 14, 0)
0...1...2...3...4...5...6...7...8...9...10	Bounce #7 added RGB(2246, 2, 0)
0...1...2...3...4...5...6...7...8...9...10	Bounce #8 added RGB(1018, 0, 0)
0...1...2...3...4...5...6...7...8...9...10	Bounce #9 added RGB(485, 0, 0)
0...1...2...3...4...5...6...7...8...9...10	Bounce #10 added RGB(245, 0, 0)
0...1...2...3...4...5...6...7...8...9...10	Bounce #11 added RGB(130, 0, 0)
0...1...2...3...4...5...6...7...8...9...10	Bounce #12 added RGB(73, 0, 0)
0...1...2...3...4...5...6...7...8...9...10	Bounce #13 added RGB(42, 0, 0)
0...1...2...3...4...5...6...7...8...9...10	Bounce #14 added RGB(26, 0, 0)
0...1...2...3...4...5...6...7...8...9...10	Bounce #15 added RGB(16, 0, 0)
0...1...2...3...4...5...6...7...8...9...10	Bounce #16 added RGB(10, 0, 0)
0...1...2...3...4...5...6...7...8...9...10	Bounce #17 added RGB(6, 0, 0)
0...1...2...3...4...5...6...7...8...9...10	Bounce #18 added RGB(4, 0, 0)
0...1...2...3...4...5...6...7...8...9...10	Bounce #19 added RGB(3, 0, 0)
0...1...2...3...4...5...6...7...8...9...10	Bounce #20 added RGB(2, 0, 0)
0...1...2...3...4...5...6...7...8...9...10	Bounce #21 added RGB(1, 0, 0)
0...1...2...3...4...5...6...7...8...9...10	Bounce #22 added RGB(1, 0, 0)
Build Patch/Sample Hash Table(s).....Done<0.0143 sec>
0...1...2...3...4...5...6...7...8...9...10FinalLightFace Done
0 of 0 (0% of) surface lights went in leaf ambient cubes.
0...1...2...3...4...5...6...7...8...9...10Writing leaf ambient...done
Ready to Finish

Object names       Objects/Maxobjs  Memory / Maxmem  Fullness 
------------       ---------------  ---------------  -------- 
models                   5/1024          240/49152    ( 0.5%) 
brushes                610/8192         7320/98304    ( 7.4%) 
brushsides            4519/65536       36152/524288   ( 6.9%) 
planes                1144/65536       22880/1310720  ( 1.7%) 
vertexes              2851/65536       34212/786432   ( 4.4%) 
nodes                 1141/65536       36512/2097152  ( 1.7%) 
texinfos               194/12288       13968/884736   ( 1.6%) 
texdata                 12/2048          384/65536    ( 0.6%) 
dispinfos                0/0               0/0        ( 0.0%) 
disp_verts               0/0               0/0        ( 0.0%) 
disp_tris                0/0               0/0        ( 0.0%) 
disp_multiblend          0/0               0/0        ( 0.0%) 
disp_lmsamples           0/0               0/0        ( 0.0%) 
faces                 2303/65536      128968/3670016  ( 3.5%) 
hdr faces                0/65536           0/3670016  ( 0.0%) 
origfaces             1971/65536      110376/3670016  ( 3.0%) 
facebrushes            927/0            1854/0        ( 0.0%) 
facebrushlists        2303/0            9212/0        ( 0.0%) 
leaves                1147/65536       36704/2097152  ( 1.8%) 
leaffaces             2512/65536        5024/131072   ( 3.8%) 
leafbrushes            858/65536        1716/131072   ( 1.3%) 
areas                    2/1024           16/8192     ( 0.2%) 
surfedges            17838/512000      71352/2048000  ( 3.5%) 
edges                 9985/256000      39940/1024000  ( 3.9%) 
LDR worldlights          2/8192          200/819200   ( 0.0%) 
HDR worldlights          0/8192            0/819200   ( 0.0%) 
leafwaterdata            0/32768           0/393216   ( 0.0%) 
waterstrips            158/32768        1580/327680   ( 0.5%) 
waterverts               0/65536           0/786432   ( 0.0%) 
waterindices          2379/65536        4758/131072   ( 3.6%) 
cubemapsamples           1/1024           16/16384    ( 0.1%) 
overlays                13/1024         4576/360448   ( 1.3%) 
LDR lightdata         [variable]     1087184/0        ( 0.0%) 
HDR lightdata         [variable]           0/0        ( 0.0%) 
visdata               [variable]       99070/16777216 ( 0.6%) 
entdata               [variable]        2156/393216   ( 0.5%) 
LDR ambient table     1147/65536        4588/262144   ( 1.8%) 
HDR ambient table     1147/65536        4588/262144   ( 1.8%) 
LDR leaf ambient      7695/65536      215460/1835008  (11.7%) 
HDR leaf ambient      1147/65536       32116/1835008  ( 1.8%) 
occluders                0/0               0/0        ( 0.0%) 
occluder polygons        0/0               0/0        ( 0.0%) 
occluder vert ind        0/0               0/0        ( 0.0%) 
detail props          [variable]           1/12       ( 8.3%) 
static props          [variable]           1/844      ( 0.1%) 
pakfile               [variable]      148838/0        ( 0.0%) 
physics               [variable]      206510/4194304  ( 4.9%) 
physics terrain       [variable]           2/1048576  ( 0.0%) 

Level flags = 4

Total triangle count: 5456
Writing g:\steam\steamapps\common\counter-strike global offensive\sdk_content\maps\de_plateau_08.bsp
15 seconds elapsed
